[0.018s] Invoking command in '/home/wenjia/CBFRL/gazebo_env/build/tello_driver': AMENT_PREFIX_PATH=/home/wenjia/CBFRL/gazebo_env/install/tello_msgs:/home/wenjia/CBFRL/gazebo_env/install/ros2_shared:${AMENT_PREFIX_PATH} CMAKE_PREFIX_PATH=/home/wenjia/CBFRL/gazebo_env/install/tello_msgs:/home/wenjia/CBFRL/gazebo_env/install/ros2_shared:/opt/ros/humble CONDA_PROMPT_MODIFIER=(rl) LD_LIBRARY_PATH=/home/wenjia/CBFRL/gazebo_env/install/tello_msgs/lib:${LD_LIBRARY_PATH} PYTHONPATH=/home/wenjia/CBFRL/gazebo_env/install/tello_msgs/local/lib/python3.10/dist-packages:${PYTHONPATH} /usr/bin/cmake /home/wenjia/CBFRL/gazebo_env/src/tello-ros2-gazebo/tello_ros/tello_driver -DCMAKE_INSTALL_PREFIX=/home/wenjia/CBFRL/gazebo_env/install/tello_driver
[0.031s] -- Found ament_cmake: 1.3.11 (/opt/ros/humble/share/ament_cmake/cmake)
[0.194s] -- Override CMake install command with custom implementation using symlinks instead of copying resources
[0.205s] -- Found camera_calibration_parsers: 3.1.11 (/opt/ros/humble/share/camera_calibration_parsers/cmake)
[0.252s] -- Found rosidl_generator_c: 3.1.6 (/opt/ros/humble/share/rosidl_generator_c/cmake)
[0.255s] -- Found rosidl_adapter: 3.1.6 (/opt/ros/humble/share/rosidl_adapter/cmake)
[0.263s] -- Found rosidl_generator_cpp: 3.1.6 (/opt/ros/humble/share/rosidl_generator_cpp/cmake)
[0.275s] -- Using all available rosidl_typesupport_c: rosidl_typesupport_fastrtps_c;rosidl_typesupport_introspection_c
[0.287s] -- Using all available rosidl_typesupport_cpp: rosidl_typesupport_fastrtps_cpp;rosidl_typesupport_introspection_cpp
[0.328s] -- Found rmw_implementation_cmake: 6.1.2 (/opt/ros/humble/share/rmw_implementation_cmake/cmake)
[0.330s] -- Found rmw_fastrtps_cpp: 6.2.7 (/opt/ros/humble/share/rmw_fastrtps_cpp/cmake)
[0.466s] -- Using RMW implementation 'rmw_fastrtps_cpp' as default
[0.561s] -- Found class_loader: 2.2.0 (/opt/ros/humble/share/class_loader/cmake)
[0.565s] -- Found cv_bridge: 3.2.1 (/opt/ros/humble/share/cv_bridge/cmake)
[0.579s] -- Found rclcpp_components: 16.0.15 (/opt/ros/humble/share/rclcpp_components/cmake)
[0.599s] -- Found ros2_shared: 0.1.0 (/home/wenjia/CBFRL/gazebo_env/install/ros2_shared/share/ros2_shared/cmake)
[0.600s] -- Found tello_msgs: 0.1.0 (/home/wenjia/CBFRL/gazebo_env/install/tello_msgs/share/tello_msgs/cmake)
[0.696s] -- Configuring done
[0.738s] -- Generating done
[0.750s] -- Build files have been written to: /home/wenjia/CBFRL/gazebo_env/build/tello_driver
[0.764s] Invoked command in '/home/wenjia/CBFRL/gazebo_env/build/tello_driver' returned '0': AMENT_PREFIX_PATH=/home/wenjia/CBFRL/gazebo_env/install/tello_msgs:/home/wenjia/CBFRL/gazebo_env/install/ros2_shared:${AMENT_PREFIX_PATH} CMAKE_PREFIX_PATH=/home/wenjia/CBFRL/gazebo_env/install/tello_msgs:/home/wenjia/CBFRL/gazebo_env/install/ros2_shared:/opt/ros/humble CONDA_PROMPT_MODIFIER=(rl) LD_LIBRARY_PATH=/home/wenjia/CBFRL/gazebo_env/install/tello_msgs/lib:${LD_LIBRARY_PATH} PYTHONPATH=/home/wenjia/CBFRL/gazebo_env/install/tello_msgs/local/lib/python3.10/dist-packages:${PYTHONPATH} /usr/bin/cmake /home/wenjia/CBFRL/gazebo_env/src/tello-ros2-gazebo/tello_ros/tello_driver -DCMAKE_INSTALL_PREFIX=/home/wenjia/CBFRL/gazebo_env/install/tello_driver
[0.767s] Invoking command in '/home/wenjia/CBFRL/gazebo_env/build/tello_driver': AMENT_PREFIX_PATH=/home/wenjia/CBFRL/gazebo_env/install/tello_msgs:/home/wenjia/CBFRL/gazebo_env/install/ros2_shared:${AMENT_PREFIX_PATH} CMAKE_PREFIX_PATH=/home/wenjia/CBFRL/gazebo_env/install/tello_msgs:/home/wenjia/CBFRL/gazebo_env/install/ros2_shared:/opt/ros/humble CONDA_PROMPT_MODIFIER=(rl) LD_LIBRARY_PATH=/home/wenjia/CBFRL/gazebo_env/install/tello_msgs/lib:${LD_LIBRARY_PATH} PYTHONPATH=/home/wenjia/CBFRL/gazebo_env/install/tello_msgs/local/lib/python3.10/dist-packages:${PYTHONPATH} /usr/bin/cmake --build /home/wenjia/CBFRL/gazebo_env/build/tello_driver -- -j16 -l16
[0.825s] [35m[1mConsolidate compiler generated dependencies of target tello_emulator[0m
[0.827s] [35m[1mConsolidate compiler generated dependencies of target tello_joy_node[0m
[0.827s] [35m[1mConsolidate compiler generated dependencies of target tello_joy_main[0m
[0.832s] [35m[1mConsolidate compiler generated dependencies of target tello_driver_main[0m
[0.837s] [35m[1mConsolidate compiler generated dependencies of target tello_driver_node[0m
[0.853s] [  9%] Built target tello_emulator
[0.860s] [ 27%] Built target tello_joy_node
[0.860s] [ 31%] Built target tello_joy_main
[0.887s] [ 63%] Built target tello_driver_node
[0.892s] [100%] Built target tello_driver_main
[0.919s] Invoked command in '/home/wenjia/CBFRL/gazebo_env/build/tello_driver' returned '0': AMENT_PREFIX_PATH=/home/wenjia/CBFRL/gazebo_env/install/tello_msgs:/home/wenjia/CBFRL/gazebo_env/install/ros2_shared:${AMENT_PREFIX_PATH} CMAKE_PREFIX_PATH=/home/wenjia/CBFRL/gazebo_env/install/tello_msgs:/home/wenjia/CBFRL/gazebo_env/install/ros2_shared:/opt/ros/humble CONDA_PROMPT_MODIFIER=(rl) LD_LIBRARY_PATH=/home/wenjia/CBFRL/gazebo_env/install/tello_msgs/lib:${LD_LIBRARY_PATH} PYTHONPATH=/home/wenjia/CBFRL/gazebo_env/install/tello_msgs/local/lib/python3.10/dist-packages:${PYTHONPATH} /usr/bin/cmake --build /home/wenjia/CBFRL/gazebo_env/build/tello_driver -- -j16 -l16
[0.921s] Invoking command in '/home/wenjia/CBFRL/gazebo_env/build/tello_driver': AMENT_PREFIX_PATH=/home/wenjia/CBFRL/gazebo_env/install/tello_msgs:/home/wenjia/CBFRL/gazebo_env/install/ros2_shared:${AMENT_PREFIX_PATH} CMAKE_PREFIX_PATH=/home/wenjia/CBFRL/gazebo_env/install/tello_msgs:/home/wenjia/CBFRL/gazebo_env/install/ros2_shared:/opt/ros/humble CONDA_PROMPT_MODIFIER=(rl) LD_LIBRARY_PATH=/home/wenjia/CBFRL/gazebo_env/install/tello_msgs/lib:${LD_LIBRARY_PATH} PYTHONPATH=/home/wenjia/CBFRL/gazebo_env/install/tello_msgs/local/lib/python3.10/dist-packages:${PYTHONPATH} /usr/bin/cmake --install /home/wenjia/CBFRL/gazebo_env/build/tello_driver
[0.930s] -- Install configuration: ""
[0.930s] -- Execute custom install script
[0.931s] -- Up-to-date symlink: /home/wenjia/CBFRL/gazebo_env/install/tello_driver/share/tello_driver/environment/library_path.sh
[0.931s] -- Up-to-date symlink: /home/wenjia/CBFRL/gazebo_env/install/tello_driver/share/tello_driver/environment/library_path.dsv
[0.931s] -- Up-to-date symlink: /home/wenjia/CBFRL/gazebo_env/install/tello_driver/lib/libtello_driver_node.so
[0.931s] -- Up-to-date symlink: /home/wenjia/CBFRL/gazebo_env/install/tello_driver/lib/libtello_joy_node.so
[0.931s] -- Up-to-date symlink: /home/wenjia/CBFRL/gazebo_env/install/tello_driver/lib/tello_driver/tello_driver_main
[0.932s] -- Up-to-date symlink: /home/wenjia/CBFRL/gazebo_env/install/tello_driver/lib/tello_driver/tello_joy_main
[0.932s] -- Up-to-date symlink: /home/wenjia/CBFRL/gazebo_env/install/tello_driver/lib/tello_driver/tello_emulator
[0.932s] -- Up-to-date symlink: /home/wenjia/CBFRL/gazebo_env/install/tello_driver/share/tello_driver/cfg/camera_info.yaml
[0.932s] -- Up-to-date symlink: /home/wenjia/CBFRL/gazebo_env/install/tello_driver/share/tello_driver/launch/emulator_launch.py
[0.932s] -- Up-to-date symlink: /home/wenjia/CBFRL/gazebo_env/install/tello_driver/share/tello_driver/launch/emulators_launch.py
[0.933s] -- Up-to-date symlink: /home/wenjia/CBFRL/gazebo_env/install/tello_driver/share/tello_driver/launch/teleop_launch.py
[0.933s] -- Up-to-date symlink: /home/wenjia/CBFRL/gazebo_env/install/tello_driver/share/ament_index/resource_index/package_run_dependencies/tello_driver
[0.933s] -- Up-to-date symlink: /home/wenjia/CBFRL/gazebo_env/install/tello_driver/share/ament_index/resource_index/parent_prefix_path/tello_driver
[0.933s] -- Up-to-date symlink: /home/wenjia/CBFRL/gazebo_env/install/tello_driver/share/tello_driver/environment/ament_prefix_path.sh
[0.933s] -- Up-to-date symlink: /home/wenjia/CBFRL/gazebo_env/install/tello_driver/share/tello_driver/environment/ament_prefix_path.dsv
[0.933s] -- Up-to-date symlink: /home/wenjia/CBFRL/gazebo_env/install/tello_driver/share/tello_driver/environment/path.sh
[0.934s] -- Up-to-date symlink: /home/wenjia/CBFRL/gazebo_env/install/tello_driver/share/tello_driver/environment/path.dsv
[0.934s] -- Up-to-date symlink: /home/wenjia/CBFRL/gazebo_env/install/tello_driver/share/tello_driver/local_setup.bash
[0.934s] -- Up-to-date symlink: /home/wenjia/CBFRL/gazebo_env/install/tello_driver/share/tello_driver/local_setup.sh
[0.934s] -- Up-to-date symlink: /home/wenjia/CBFRL/gazebo_env/install/tello_driver/share/tello_driver/local_setup.zsh
[0.934s] -- Up-to-date symlink: /home/wenjia/CBFRL/gazebo_env/install/tello_driver/share/tello_driver/local_setup.dsv
[0.935s] -- Symlinking: /home/wenjia/CBFRL/gazebo_env/install/tello_driver/share/tello_driver/package.dsv
[0.946s] -- Up-to-date symlink: /home/wenjia/CBFRL/gazebo_env/install/tello_driver/share/ament_index/resource_index/packages/tello_driver
[0.946s] -- Up-to-date symlink: /home/wenjia/CBFRL/gazebo_env/install/tello_driver/share/ament_index/resource_index/rclcpp_components/tello_driver
[0.947s] -- Up-to-date symlink: /home/wenjia/CBFRL/gazebo_env/install/tello_driver/share/tello_driver/cmake/tello_driverConfig.cmake
[0.947s] -- Up-to-date symlink: /home/wenjia/CBFRL/gazebo_env/install/tello_driver/share/tello_driver/cmake/tello_driverConfig-version.cmake
[0.947s] -- Up-to-date symlink: /home/wenjia/CBFRL/gazebo_env/install/tello_driver/share/tello_driver/package.xml
[0.950s] Invoked command in '/home/wenjia/CBFRL/gazebo_env/build/tello_driver' returned '0': AMENT_PREFIX_PATH=/home/wenjia/CBFRL/gazebo_env/install/tello_msgs:/home/wenjia/CBFRL/gazebo_env/install/ros2_shared:${AMENT_PREFIX_PATH} CMAKE_PREFIX_PATH=/home/wenjia/CBFRL/gazebo_env/install/tello_msgs:/home/wenjia/CBFRL/gazebo_env/install/ros2_shared:/opt/ros/humble CONDA_PROMPT_MODIFIER=(rl) LD_LIBRARY_PATH=/home/wenjia/CBFRL/gazebo_env/install/tello_msgs/lib:${LD_LIBRARY_PATH} PYTHONPATH=/home/wenjia/CBFRL/gazebo_env/install/tello_msgs/local/lib/python3.10/dist-packages:${PYTHONPATH} /usr/bin/cmake --install /home/wenjia/CBFRL/gazebo_env/build/tello_driver
