[0.124s] DEBUG:colcon:Command line arguments: ['/home/wenjia/miniconda3/envs/rl/bin/colcon', 'build']
[0.124s] DEBUG:colcon:Parsed command line arguments: Namespace(log_base=None, log_level=None, verb_name='build', build_base='build', install_base='install', merge_install=False, symlink_install=False, test_result_base=None, continue_on_error=False, executor='parallel', parallel_workers=16, event_handlers=None, ignore_user_meta=False, metas=['./colcon.meta'], base_paths=['.'], packages_ignore=None, packages_ignore_regex=None, paths=None, packages_up_to=None, packages_up_to_regex=None, packages_above=None, packages_above_and_dependencies=None, packages_above_depth=None, packages_select_by_dep=None, packages_skip_by_dep=None, packages_skip_up_to=None, packages_select_build_failed=False, packages_skip_build_finished=False, packages_select_test_failures=False, packages_skip_test_passed=False, packages_select=None, packages_skip=None, packages_select_regex=None, packages_skip_regex=None, packages_start=None, packages_end=None, cmake_args=None, cmake_target=None, cmake_target_skip_unavailable=False, cmake_clean_cache=False, cmake_clean_first=False, cmake_force_configure=False, ament_cmake_args=None, catkin_cmake_args=None, catkin_skip_building_tests=False, verb_parser=<colcon_defaults.argument_parser.defaults.DefaultArgumentsDecorator object at 0x76790283e0b0>, verb_extension=<colcon_core.verb.build.BuildVerb object at 0x7679029c2710>, main=<bound method BuildVerb.main of <colcon_core.verb.build.BuildVerb object at 0x7679029c2710>>)
[0.157s] Level 1:colcon.colcon_core.package_discovery:discover_packages(colcon_meta) check parameters
[0.157s] Level 1:colcon.colcon_core.package_discovery:discover_packages(recursive) check parameters
[0.157s] Level 1:colcon.colcon_core.package_discovery:discover_packages(ignore) check parameters
[0.157s] Level 1:colcon.colcon_core.package_discovery:discover_packages(path) check parameters
[0.157s] Level 1:colcon.colcon_core.package_discovery:discover_packages(colcon_meta) discover
[0.157s] Level 1:colcon.colcon_core.package_discovery:discover_packages(recursive) discover
[0.157s] INFO:colcon.colcon_core.package_discovery:Crawling recursively for packages in '/home/wenjia/CBFRL/gazebo_env'
[0.157s] Level 1:colcon.colcon_core.package_identification:_identify(.) by extensions ['ignore', 'ignore_ament_install']
[0.157s] Level 1:colcon.colcon_core.package_identification:_identify(.) by extension 'ignore'
[0.158s] Level 1:colcon.colcon_core.package_identification:_identify(.) by extension 'ignore_ament_install'
[0.158s] Level 1:colcon.colcon_core.package_identification:_identify(.) by extensions ['colcon_pkg']
[0.158s] Level 1:colcon.colcon_core.package_identification:_identify(.) by extension 'colcon_pkg'
[0.158s] Level 1:colcon.colcon_core.package_identification:_identify(.) by extensions ['colcon_meta']
[0.158s] Level 1:colcon.colcon_core.package_identification:_identify(.) by extension 'colcon_meta'
[0.158s] Level 1:colcon.colcon_core.package_identification:_identify(.) by extensions ['ros']
[0.158s] Level 1:colcon.colcon_core.package_identification:_identify(.) by extension 'ros'
[0.180s] Level 1:colcon.colcon_core.package_identification:_identify(.) by extensions ['cmake', 'python']
[0.180s] Level 1:colcon.colcon_core.package_identification:_identify(.) by extension 'cmake'
[0.180s] Level 1:colcon.colcon_core.package_identification:_identify(.) by extension 'python'
[0.180s] Level 1:colcon.colcon_core.package_identification:_identify(.) by extensions ['python_setup_py']
[0.180s] Level 1:colcon.colcon_core.package_identification:_identify(.) by extension 'python_setup_py'
[0.180s] Level 1:colcon.colcon_core.package_identification:_identify(__pycache__) by extensions ['ignore', 'ignore_ament_install']
[0.180s] Level 1:colcon.colcon_core.package_identification:_identify(__pycache__) by extension 'ignore'
[0.181s] Level 1:colcon.colcon_core.package_identification:_identify(__pycache__) by extension 'ignore_ament_install'
[0.181s] Level 1:colcon.colcon_core.package_identification:_identify(__pycache__) by extensions ['colcon_pkg']
[0.181s] Level 1:colcon.colcon_core.package_identification:_identify(__pycache__) by extension 'colcon_pkg'
[0.181s] Level 1:colcon.colcon_core.package_identification:_identify(__pycache__) by extensions ['colcon_meta']
[0.181s] Level 1:colcon.colcon_core.package_identification:_identify(__pycache__) by extension 'colcon_meta'
[0.181s] Level 1:colcon.colcon_core.package_identification:_identify(__pycache__) by extensions ['ros']
[0.181s] Level 1:colcon.colcon_core.package_identification:_identify(__pycache__) by extension 'ros'
[0.181s] Level 1:colcon.colcon_core.package_identification:_identify(__pycache__) by extensions ['cmake', 'python']
[0.181s] Level 1:colcon.colcon_core.package_identification:_identify(__pycache__) by extension 'cmake'
[0.181s] Level 1:colcon.colcon_core.package_identification:_identify(__pycache__) by extension 'python'
[0.181s] Level 1:colcon.colcon_core.package_identification:_identify(__pycache__) by extensions ['python_setup_py']
[0.181s] Level 1:colcon.colcon_core.package_identification:_identify(__pycache__) by extension 'python_setup_py'
[0.181s] Level 1:colcon.colcon_core.package_identification:_identify(build) by extensions ['ignore', 'ignore_ament_install']
[0.181s] Level 1:colcon.colcon_core.package_identification:_identify(build) by extension 'ignore'
[0.181s] Level 1:colcon.colcon_core.package_identification:_identify(build) ignored
[0.181s] Level 1:colcon.colcon_core.package_identification:_identify(install) by extensions ['ignore', 'ignore_ament_install']
[0.181s] Level 1:colcon.colcon_core.package_identification:_identify(install) by extension 'ignore'
[0.181s] Level 1:colcon.colcon_core.package_identification:_identify(install) ignored
[0.181s] Level 1:colcon.colcon_core.package_identification:_identify(log) by extensions ['ignore', 'ignore_ament_install']
[0.182s] Level 1:colcon.colcon_core.package_identification:_identify(log) by extension 'ignore'
[0.182s] Level 1:colcon.colcon_core.package_identification:_identify(log) ignored
[0.182s] Level 1:colcon.colcon_core.package_identification:_identify(src) by extensions ['ignore', 'ignore_ament_install']
[0.182s] Level 1:colcon.colcon_core.package_identification:_identify(src) by extension 'ignore'
[0.182s] Level 1:colcon.colcon_core.package_identification:_identify(src) by extension 'ignore_ament_install'
[0.182s] Level 1:colcon.colcon_core.package_identification:_identify(src) by extensions ['colcon_pkg']
[0.182s] Level 1:colcon.colcon_core.package_identification:_identify(src) by extension 'colcon_pkg'
[0.182s] Level 1:colcon.colcon_core.package_identification:_identify(src) by extensions ['colcon_meta']
[0.182s] Level 1:colcon.colcon_core.package_identification:_identify(src) by extension 'colcon_meta'
[0.182s] Level 1:colcon.colcon_core.package_identification:_identify(src) by extensions ['ros']
[0.182s] Level 1:colcon.colcon_core.package_identification:_identify(src) by extension 'ros'
[0.182s] Level 1:colcon.colcon_core.package_identification:_identify(src) by extensions ['cmake', 'python']
[0.182s] Level 1:colcon.colcon_core.package_identification:_identify(src) by extension 'cmake'
[0.182s] Level 1:colcon.colcon_core.package_identification:_identify(src) by extension 'python'
[0.182s] Level 1:colcon.colcon_core.package_identification:_identify(src) by extensions ['python_setup_py']
[0.182s] Level 1:colcon.colcon_core.package_identification:_identify(src) by extension 'python_setup_py'
[0.182s] Level 1:colcon.colcon_core.package_identification:_identify(src/my_gazebo) by extensions ['ignore', 'ignore_ament_install']
[0.182s] Level 1:colcon.colcon_core.package_identification:_identify(src/my_gazebo) by extension 'ignore'
[0.182s] Level 1:colcon.colcon_core.package_identification:_identify(src/my_gazebo) by extension 'ignore_ament_install'
[0.182s] Level 1:colcon.colcon_core.package_identification:_identify(src/my_gazebo) by extensions ['colcon_pkg']
[0.182s] Level 1:colcon.colcon_core.package_identification:_identify(src/my_gazebo) by extension 'colcon_pkg'
[0.182s] Level 1:colcon.colcon_core.package_identification:_identify(src/my_gazebo) by extensions ['colcon_meta']
[0.182s] Level 1:colcon.colcon_core.package_identification:_identify(src/my_gazebo) by extension 'colcon_meta'
[0.182s] Level 1:colcon.colcon_core.package_identification:_identify(src/my_gazebo) by extensions ['ros']
[0.183s] Level 1:colcon.colcon_core.package_identification:_identify(src/my_gazebo) by extension 'ros'
[0.185s] DEBUG:colcon.colcon_core.package_identification:Package 'src/my_gazebo' with type 'ros.ament_python' and name 'my_gazebo'
[0.185s] Level 1:colcon.colcon_core.package_identification:_identify(src/tello-ros2-gazebo) by extensions ['ignore', 'ignore_ament_install']
[0.185s] Level 1:colcon.colcon_core.package_identification:_identify(src/tello-ros2-gazebo) by extension 'ignore'
[0.185s] Level 1:colcon.colcon_core.package_identification:_identify(src/tello-ros2-gazebo) by extension 'ignore_ament_install'
[0.185s] Level 1:colcon.colcon_core.package_identification:_identify(src/tello-ros2-gazebo) by extensions ['colcon_pkg']
[0.185s] Level 1:colcon.colcon_core.package_identification:_identify(src/tello-ros2-gazebo) by extension 'colcon_pkg'
[0.185s] Level 1:colcon.colcon_core.package_identification:_identify(src/tello-ros2-gazebo) by extensions ['colcon_meta']
[0.185s] Level 1:colcon.colcon_core.package_identification:_identify(src/tello-ros2-gazebo) by extension 'colcon_meta'
[0.185s] Level 1:colcon.colcon_core.package_identification:_identify(src/tello-ros2-gazebo) by extensions ['ros']
[0.185s] Level 1:colcon.colcon_core.package_identification:_identify(src/tello-ros2-gazebo) by extension 'ros'
[0.185s] Level 1:colcon.colcon_core.package_identification:_identify(src/tello-ros2-gazebo) by extensions ['cmake', 'python']
[0.185s] Level 1:colcon.colcon_core.package_identification:_identify(src/tello-ros2-gazebo) by extension 'cmake'
[0.185s] Level 1:colcon.colcon_core.package_identification:_identify(src/tello-ros2-gazebo) by extension 'python'
[0.185s] Level 1:colcon.colcon_core.package_identification:_identify(src/tello-ros2-gazebo) by extensions ['python_setup_py']
[0.185s] Level 1:colcon.colcon_core.package_identification:_identify(src/tello-ros2-gazebo) by extension 'python_setup_py'
[0.186s] Level 1:colcon.colcon_core.package_identification:_identify(src/tello-ros2-gazebo/ros2_shared) by extensions ['ignore', 'ignore_ament_install']
[0.186s] Level 1:colcon.colcon_core.package_identification:_identify(src/tello-ros2-gazebo/ros2_shared) by extension 'ignore'
[0.186s] Level 1:colcon.colcon_core.package_identification:_identify(src/tello-ros2-gazebo/ros2_shared) by extension 'ignore_ament_install'
[0.186s] Level 1:colcon.colcon_core.package_identification:_identify(src/tello-ros2-gazebo/ros2_shared) by extensions ['colcon_pkg']
[0.186s] Level 1:colcon.colcon_core.package_identification:_identify(src/tello-ros2-gazebo/ros2_shared) by extension 'colcon_pkg'
[0.186s] Level 1:colcon.colcon_core.package_identification:_identify(src/tello-ros2-gazebo/ros2_shared) by extensions ['colcon_meta']
[0.186s] Level 1:colcon.colcon_core.package_identification:_identify(src/tello-ros2-gazebo/ros2_shared) by extension 'colcon_meta'
[0.186s] Level 1:colcon.colcon_core.package_identification:_identify(src/tello-ros2-gazebo/ros2_shared) by extensions ['ros']
[0.186s] Level 1:colcon.colcon_core.package_identification:_identify(src/tello-ros2-gazebo/ros2_shared) by extension 'ros'
[0.186s] DEBUG:colcon.colcon_core.package_identification:Package 'src/tello-ros2-gazebo/ros2_shared' with type 'ros.ament_cmake' and name 'ros2_shared'
[0.186s] Level 1:colcon.colcon_core.package_identification:_identify(src/tello-ros2-gazebo/tello_ros) by extensions ['ignore', 'ignore_ament_install']
[0.186s] Level 1:colcon.colcon_core.package_identification:_identify(src/tello-ros2-gazebo/tello_ros) by extension 'ignore'
[0.187s] Level 1:colcon.colcon_core.package_identification:_identify(src/tello-ros2-gazebo/tello_ros) by extension 'ignore_ament_install'
[0.187s] Level 1:colcon.colcon_core.package_identification:_identify(src/tello-ros2-gazebo/tello_ros) by extensions ['colcon_pkg']
[0.187s] Level 1:colcon.colcon_core.package_identification:_identify(src/tello-ros2-gazebo/tello_ros) by extension 'colcon_pkg'
[0.187s] Level 1:colcon.colcon_core.package_identification:_identify(src/tello-ros2-gazebo/tello_ros) by extensions ['colcon_meta']
[0.187s] Level 1:colcon.colcon_core.package_identification:_identify(src/tello-ros2-gazebo/tello_ros) by extension 'colcon_meta'
[0.187s] Level 1:colcon.colcon_core.package_identification:_identify(src/tello-ros2-gazebo/tello_ros) by extensions ['ros']
[0.187s] Level 1:colcon.colcon_core.package_identification:_identify(src/tello-ros2-gazebo/tello_ros) by extension 'ros'
[0.187s] Level 1:colcon.colcon_core.package_identification:_identify(src/tello-ros2-gazebo/tello_ros) by extensions ['cmake', 'python']
[0.187s] Level 1:colcon.colcon_core.package_identification:_identify(src/tello-ros2-gazebo/tello_ros) by extension 'cmake'
[0.187s] Level 1:colcon.colcon_core.package_identification:_identify(src/tello-ros2-gazebo/tello_ros) by extension 'python'
[0.187s] Level 1:colcon.colcon_core.package_identification:_identify(src/tello-ros2-gazebo/tello_ros) by extensions ['python_setup_py']
[0.187s] Level 1:colcon.colcon_core.package_identification:_identify(src/tello-ros2-gazebo/tello_ros) by extension 'python_setup_py'
[0.187s] Level 1:colcon.colcon_core.package_identification:_identify(src/tello-ros2-gazebo/tello_ros/docker) by extensions ['ignore', 'ignore_ament_install']
[0.187s] Level 1:colcon.colcon_core.package_identification:_identify(src/tello-ros2-gazebo/tello_ros/docker) by extension 'ignore'
[0.187s] Level 1:colcon.colcon_core.package_identification:_identify(src/tello-ros2-gazebo/tello_ros/docker) by extension 'ignore_ament_install'
[0.188s] Level 1:colcon.colcon_core.package_identification:_identify(src/tello-ros2-gazebo/tello_ros/docker) by extensions ['colcon_pkg']
[0.188s] Level 1:colcon.colcon_core.package_identification:_identify(src/tello-ros2-gazebo/tello_ros/docker) by extension 'colcon_pkg'
[0.188s] Level 1:colcon.colcon_core.package_identification:_identify(src/tello-ros2-gazebo/tello_ros/docker) by extensions ['colcon_meta']
[0.188s] Level 1:colcon.colcon_core.package_identification:_identify(src/tello-ros2-gazebo/tello_ros/docker) by extension 'colcon_meta'
[0.188s] Level 1:colcon.colcon_core.package_identification:_identify(src/tello-ros2-gazebo/tello_ros/docker) by extensions ['ros']
[0.188s] Level 1:colcon.colcon_core.package_identification:_identify(src/tello-ros2-gazebo/tello_ros/docker) by extension 'ros'
[0.188s] Level 1:colcon.colcon_core.package_identification:_identify(src/tello-ros2-gazebo/tello_ros/docker) by extensions ['cmake', 'python']
[0.188s] Level 1:colcon.colcon_core.package_identification:_identify(src/tello-ros2-gazebo/tello_ros/docker) by extension 'cmake'
[0.188s] Level 1:colcon.colcon_core.package_identification:_identify(src/tello-ros2-gazebo/tello_ros/docker) by extension 'python'
[0.188s] Level 1:colcon.colcon_core.package_identification:_identify(src/tello-ros2-gazebo/tello_ros/docker) by extensions ['python_setup_py']
[0.188s] Level 1:colcon.colcon_core.package_identification:_identify(src/tello-ros2-gazebo/tello_ros/docker) by extension 'python_setup_py'
[0.188s] Level 1:colcon.colcon_core.package_identification:_identify(src/tello-ros2-gazebo/tello_ros/tello_description) by extensions ['ignore', 'ignore_ament_install']
[0.188s] Level 1:colcon.colcon_core.package_identification:_identify(src/tello-ros2-gazebo/tello_ros/tello_description) by extension 'ignore'
[0.188s] Level 1:colcon.colcon_core.package_identification:_identify(src/tello-ros2-gazebo/tello_ros/tello_description) by extension 'ignore_ament_install'
[0.188s] Level 1:colcon.colcon_core.package_identification:_identify(src/tello-ros2-gazebo/tello_ros/tello_description) by extensions ['colcon_pkg']
[0.188s] Level 1:colcon.colcon_core.package_identification:_identify(src/tello-ros2-gazebo/tello_ros/tello_description) by extension 'colcon_pkg'
[0.188s] Level 1:colcon.colcon_core.package_identification:_identify(src/tello-ros2-gazebo/tello_ros/tello_description) by extensions ['colcon_meta']
[0.188s] Level 1:colcon.colcon_core.package_identification:_identify(src/tello-ros2-gazebo/tello_ros/tello_description) by extension 'colcon_meta'
[0.188s] Level 1:colcon.colcon_core.package_identification:_identify(src/tello-ros2-gazebo/tello_ros/tello_description) by extensions ['ros']
[0.189s] Level 1:colcon.colcon_core.package_identification:_identify(src/tello-ros2-gazebo/tello_ros/tello_description) by extension 'ros'
[0.189s] DEBUG:colcon.colcon_core.package_identification:Package 'src/tello-ros2-gazebo/tello_ros/tello_description' with type 'ros.ament_cmake' and name 'tello_description'
[0.189s] Level 1:colcon.colcon_core.package_identification:_identify(src/tello-ros2-gazebo/tello_ros/tello_driver) by extensions ['ignore', 'ignore_ament_install']
[0.190s] Level 1:colcon.colcon_core.package_identification:_identify(src/tello-ros2-gazebo/tello_ros/tello_driver) by extension 'ignore'
[0.190s] Level 1:colcon.colcon_core.package_identification:_identify(src/tello-ros2-gazebo/tello_ros/tello_driver) by extension 'ignore_ament_install'
[0.190s] Level 1:colcon.colcon_core.package_identification:_identify(src/tello-ros2-gazebo/tello_ros/tello_driver) by extensions ['colcon_pkg']
[0.190s] Level 1:colcon.colcon_core.package_identification:_identify(src/tello-ros2-gazebo/tello_ros/tello_driver) by extension 'colcon_pkg'
[0.190s] Level 1:colcon.colcon_core.package_identification:_identify(src/tello-ros2-gazebo/tello_ros/tello_driver) by extensions ['colcon_meta']
[0.190s] Level 1:colcon.colcon_core.package_identification:_identify(src/tello-ros2-gazebo/tello_ros/tello_driver) by extension 'colcon_meta'
[0.190s] Level 1:colcon.colcon_core.package_identification:_identify(src/tello-ros2-gazebo/tello_ros/tello_driver) by extensions ['ros']
[0.190s] Level 1:colcon.colcon_core.package_identification:_identify(src/tello-ros2-gazebo/tello_ros/tello_driver) by extension 'ros'
[0.191s] DEBUG:colcon.colcon_core.package_identification:Package 'src/tello-ros2-gazebo/tello_ros/tello_driver' with type 'ros.ament_cmake' and name 'tello_driver'
[0.191s] Level 1:colcon.colcon_core.package_identification:_identify(src/tello-ros2-gazebo/tello_ros/tello_gazebo) by extensions ['ignore', 'ignore_ament_install']
[0.191s] Level 1:colcon.colcon_core.package_identification:_identify(src/tello-ros2-gazebo/tello_ros/tello_gazebo) by extension 'ignore'
[0.191s] Level 1:colcon.colcon_core.package_identification:_identify(src/tello-ros2-gazebo/tello_ros/tello_gazebo) by extension 'ignore_ament_install'
[0.191s] Level 1:colcon.colcon_core.package_identification:_identify(src/tello-ros2-gazebo/tello_ros/tello_gazebo) by extensions ['colcon_pkg']
[0.191s] Level 1:colcon.colcon_core.package_identification:_identify(src/tello-ros2-gazebo/tello_ros/tello_gazebo) by extension 'colcon_pkg'
[0.191s] Level 1:colcon.colcon_core.package_identification:_identify(src/tello-ros2-gazebo/tello_ros/tello_gazebo) by extensions ['colcon_meta']
[0.191s] Level 1:colcon.colcon_core.package_identification:_identify(src/tello-ros2-gazebo/tello_ros/tello_gazebo) by extension 'colcon_meta'
[0.191s] Level 1:colcon.colcon_core.package_identification:_identify(src/tello-ros2-gazebo/tello_ros/tello_gazebo) by extensions ['ros']
[0.191s] Level 1:colcon.colcon_core.package_identification:_identify(src/tello-ros2-gazebo/tello_ros/tello_gazebo) by extension 'ros'
[0.192s] DEBUG:colcon.colcon_core.package_identification:Package 'src/tello-ros2-gazebo/tello_ros/tello_gazebo' with type 'ros.ament_cmake' and name 'tello_gazebo'
[0.192s] Level 1:colcon.colcon_core.package_identification:_identify(src/tello-ros2-gazebo/tello_ros/tello_msgs) by extensions ['ignore', 'ignore_ament_install']
[0.192s] Level 1:colcon.colcon_core.package_identification:_identify(src/tello-ros2-gazebo/tello_ros/tello_msgs) by extension 'ignore'
[0.192s] Level 1:colcon.colcon_core.package_identification:_identify(src/tello-ros2-gazebo/tello_ros/tello_msgs) by extension 'ignore_ament_install'
[0.192s] Level 1:colcon.colcon_core.package_identification:_identify(src/tello-ros2-gazebo/tello_ros/tello_msgs) by extensions ['colcon_pkg']
[0.192s] Level 1:colcon.colcon_core.package_identification:_identify(src/tello-ros2-gazebo/tello_ros/tello_msgs) by extension 'colcon_pkg'
[0.192s] Level 1:colcon.colcon_core.package_identification:_identify(src/tello-ros2-gazebo/tello_ros/tello_msgs) by extensions ['colcon_meta']
[0.192s] Level 1:colcon.colcon_core.package_identification:_identify(src/tello-ros2-gazebo/tello_ros/tello_msgs) by extension 'colcon_meta'
[0.192s] Level 1:colcon.colcon_core.package_identification:_identify(src/tello-ros2-gazebo/tello_ros/tello_msgs) by extensions ['ros']
[0.192s] Level 1:colcon.colcon_core.package_identification:_identify(src/tello-ros2-gazebo/tello_ros/tello_msgs) by extension 'ros'
[0.193s] DEBUG:colcon.colcon_core.package_identification:Package 'src/tello-ros2-gazebo/tello_ros/tello_msgs' with type 'ros.ament_cmake' and name 'tello_msgs'
[0.193s] Level 1:colcon.colcon_core.package_discovery:discover_packages(recursive) using defaults
[0.193s] Level 1:colcon.colcon_core.package_discovery:discover_packages(ignore) discover
[0.193s] Level 1:colcon.colcon_core.package_discovery:discover_packages(ignore) using defaults
[0.193s] Level 1:colcon.colcon_core.package_discovery:discover_packages(path) discover
[0.193s] Level 1:colcon.colcon_core.package_discovery:discover_packages(path) using defaults
[0.210s] Level 5:colcon.colcon_core.verb:set package 'my_gazebo' build argument 'cmake_args' from command line to 'None'
[0.210s] Level 5:colcon.colcon_core.verb:set package 'my_gazebo' build argument 'cmake_target' from command line to 'None'
[0.210s] Level 5:colcon.colcon_core.verb:set package 'my_gazebo' build argument 'cmake_target_skip_unavailable' from command line to 'False'
[0.210s] Level 5:colcon.colcon_core.verb:set package 'my_gazebo' build argument 'cmake_clean_cache' from command line to 'False'
[0.210s] Level 5:colcon.colcon_core.verb:set package 'my_gazebo' build argument 'cmake_clean_first' from command line to 'False'
[0.210s] Level 5:colcon.colcon_core.verb:set package 'my_gazebo' build argument 'cmake_force_configure' from command line to 'False'
[0.210s] Level 5:colcon.colcon_core.verb:set package 'my_gazebo' build argument 'ament_cmake_args' from command line to 'None'
[0.210s] Level 5:colcon.colcon_core.verb:set package 'my_gazebo' build argument 'catkin_cmake_args' from command line to 'None'
[0.210s] Level 5:colcon.colcon_core.verb:set package 'my_gazebo' build argument 'catkin_skip_building_tests' from command line to 'False'
[0.210s] DEBUG:colcon.colcon_core.verb:Building package 'my_gazebo' with the following arguments: {'ament_cmake_args': None, 'build_base': '/home/wenjia/CBFRL/gazebo_env/build/my_gazebo', 'catkin_cmake_args': None, 'catkin_skip_building_tests': False, 'cmake_args': None, 'cmake_clean_cache': False, 'cmake_clean_first': False, 'cmake_force_configure': False, 'cmake_target': None, 'cmake_target_skip_unavailable': False, 'install_base': '/home/wenjia/CBFRL/gazebo_env/install/my_gazebo', 'merge_install': False, 'path': '/home/wenjia/CBFRL/gazebo_env/src/my_gazebo', 'symlink_install': False, 'test_result_base': None}
[0.210s] Level 5:colcon.colcon_core.verb:set package 'ros2_shared' build argument 'cmake_args' from command line to 'None'
[0.210s] Level 5:colcon.colcon_core.verb:set package 'ros2_shared' build argument 'cmake_target' from command line to 'None'
[0.210s] Level 5:colcon.colcon_core.verb:set package 'ros2_shared' build argument 'cmake_target_skip_unavailable' from command line to 'False'
[0.210s] Level 5:colcon.colcon_core.verb:set package 'ros2_shared' build argument 'cmake_clean_cache' from command line to 'False'
[0.210s] Level 5:colcon.colcon_core.verb:set package 'ros2_shared' build argument 'cmake_clean_first' from command line to 'False'
[0.210s] Level 5:colcon.colcon_core.verb:set package 'ros2_shared' build argument 'cmake_force_configure' from command line to 'False'
[0.210s] Level 5:colcon.colcon_core.verb:set package 'ros2_shared' build argument 'ament_cmake_args' from command line to 'None'
[0.210s] Level 5:colcon.colcon_core.verb:set package 'ros2_shared' build argument 'catkin_cmake_args' from command line to 'None'
[0.210s] Level 5:colcon.colcon_core.verb:set package 'ros2_shared' build argument 'catkin_skip_building_tests' from command line to 'False'
[0.210s] DEBUG:colcon.colcon_core.verb:Building package 'ros2_shared' with the following arguments: {'ament_cmake_args': None, 'build_base': '/home/wenjia/CBFRL/gazebo_env/build/ros2_shared', 'catkin_cmake_args': None, 'catkin_skip_building_tests': False, 'cmake_args': None, 'cmake_clean_cache': False, 'cmake_clean_first': False, 'cmake_force_configure': False, 'cmake_target': None, 'cmake_target_skip_unavailable': False, 'install_base': '/home/wenjia/CBFRL/gazebo_env/install/ros2_shared', 'merge_install': False, 'path': '/home/wenjia/CBFRL/gazebo_env/src/tello-ros2-gazebo/ros2_shared', 'symlink_install': False, 'test_result_base': None}
[0.211s] Level 5:colcon.colcon_core.verb:set package 'tello_description' build argument 'cmake_args' from command line to 'None'
[0.211s] Level 5:colcon.colcon_core.verb:set package 'tello_description' build argument 'cmake_target' from command line to 'None'
[0.211s] Level 5:colcon.colcon_core.verb:set package 'tello_description' build argument 'cmake_target_skip_unavailable' from command line to 'False'
[0.211s] Level 5:colcon.colcon_core.verb:set package 'tello_description' build argument 'cmake_clean_cache' from command line to 'False'
[0.211s] Level 5:colcon.colcon_core.verb:set package 'tello_description' build argument 'cmake_clean_first' from command line to 'False'
[0.211s] Level 5:colcon.colcon_core.verb:set package 'tello_description' build argument 'cmake_force_configure' from command line to 'False'
[0.211s] Level 5:colcon.colcon_core.verb:set package 'tello_description' build argument 'ament_cmake_args' from command line to 'None'
[0.211s] Level 5:colcon.colcon_core.verb:set package 'tello_description' build argument 'catkin_cmake_args' from command line to 'None'
[0.211s] Level 5:colcon.colcon_core.verb:set package 'tello_description' build argument 'catkin_skip_building_tests' from command line to 'False'
[0.211s] DEBUG:colcon.colcon_core.verb:Building package 'tello_description' with the following arguments: {'ament_cmake_args': None, 'build_base': '/home/wenjia/CBFRL/gazebo_env/build/tello_description', 'catkin_cmake_args': None, 'catkin_skip_building_tests': False, 'cmake_args': None, 'cmake_clean_cache': False, 'cmake_clean_first': False, 'cmake_force_configure': False, 'cmake_target': None, 'cmake_target_skip_unavailable': False, 'install_base': '/home/wenjia/CBFRL/gazebo_env/install/tello_description', 'merge_install': False, 'path': '/home/wenjia/CBFRL/gazebo_env/src/tello-ros2-gazebo/tello_ros/tello_description', 'symlink_install': False, 'test_result_base': None}
[0.211s] Level 5:colcon.colcon_core.verb:set package 'tello_msgs' build argument 'cmake_args' from command line to 'None'
[0.211s] Level 5:colcon.colcon_core.verb:set package 'tello_msgs' build argument 'cmake_target' from command line to 'None'
[0.211s] Level 5:colcon.colcon_core.verb:set package 'tello_msgs' build argument 'cmake_target_skip_unavailable' from command line to 'False'
[0.211s] Level 5:colcon.colcon_core.verb:set package 'tello_msgs' build argument 'cmake_clean_cache' from command line to 'False'
[0.211s] Level 5:colcon.colcon_core.verb:set package 'tello_msgs' build argument 'cmake_clean_first' from command line to 'False'
[0.211s] Level 5:colcon.colcon_core.verb:set package 'tello_msgs' build argument 'cmake_force_configure' from command line to 'False'
[0.211s] Level 5:colcon.colcon_core.verb:set package 'tello_msgs' build argument 'ament_cmake_args' from command line to 'None'
[0.211s] Level 5:colcon.colcon_core.verb:set package 'tello_msgs' build argument 'catkin_cmake_args' from command line to 'None'
[0.211s] Level 5:colcon.colcon_core.verb:set package 'tello_msgs' build argument 'catkin_skip_building_tests' from command line to 'False'
[0.211s] DEBUG:colcon.colcon_core.verb:Building package 'tello_msgs' with the following arguments: {'ament_cmake_args': None, 'build_base': '/home/wenjia/CBFRL/gazebo_env/build/tello_msgs', 'catkin_cmake_args': None, 'catkin_skip_building_tests': False, 'cmake_args': None, 'cmake_clean_cache': False, 'cmake_clean_first': False, 'cmake_force_configure': False, 'cmake_target': None, 'cmake_target_skip_unavailable': False, 'install_base': '/home/wenjia/CBFRL/gazebo_env/install/tello_msgs', 'merge_install': False, 'path': '/home/wenjia/CBFRL/gazebo_env/src/tello-ros2-gazebo/tello_ros/tello_msgs', 'symlink_install': False, 'test_result_base': None}
[0.212s] Level 5:colcon.colcon_core.verb:set package 'tello_driver' build argument 'cmake_args' from command line to 'None'
[0.212s] Level 5:colcon.colcon_core.verb:set package 'tello_driver' build argument 'cmake_target' from command line to 'None'
[0.212s] Level 5:colcon.colcon_core.verb:set package 'tello_driver' build argument 'cmake_target_skip_unavailable' from command line to 'False'
[0.212s] Level 5:colcon.colcon_core.verb:set package 'tello_driver' build argument 'cmake_clean_cache' from command line to 'False'
[0.212s] Level 5:colcon.colcon_core.verb:set package 'tello_driver' build argument 'cmake_clean_first' from command line to 'False'
[0.212s] Level 5:colcon.colcon_core.verb:set package 'tello_driver' build argument 'cmake_force_configure' from command line to 'False'
[0.212s] Level 5:colcon.colcon_core.verb:set package 'tello_driver' build argument 'ament_cmake_args' from command line to 'None'
[0.212s] Level 5:colcon.colcon_core.verb:set package 'tello_driver' build argument 'catkin_cmake_args' from command line to 'None'
[0.212s] Level 5:colcon.colcon_core.verb:set package 'tello_driver' build argument 'catkin_skip_building_tests' from command line to 'False'
[0.212s] DEBUG:colcon.colcon_core.verb:Building package 'tello_driver' with the following arguments: {'ament_cmake_args': None, 'build_base': '/home/wenjia/CBFRL/gazebo_env/build/tello_driver', 'catkin_cmake_args': None, 'catkin_skip_building_tests': False, 'cmake_args': None, 'cmake_clean_cache': False, 'cmake_clean_first': False, 'cmake_force_configure': False, 'cmake_target': None, 'cmake_target_skip_unavailable': False, 'install_base': '/home/wenjia/CBFRL/gazebo_env/install/tello_driver', 'merge_install': False, 'path': '/home/wenjia/CBFRL/gazebo_env/src/tello-ros2-gazebo/tello_ros/tello_driver', 'symlink_install': False, 'test_result_base': None}
[0.212s] Level 5:colcon.colcon_core.verb:set package 'tello_gazebo' build argument 'cmake_args' from command line to 'None'
[0.212s] Level 5:colcon.colcon_core.verb:set package 'tello_gazebo' build argument 'cmake_target' from command line to 'None'
[0.212s] Level 5:colcon.colcon_core.verb:set package 'tello_gazebo' build argument 'cmake_target_skip_unavailable' from command line to 'False'
[0.212s] Level 5:colcon.colcon_core.verb:set package 'tello_gazebo' build argument 'cmake_clean_cache' from command line to 'False'
[0.212s] Level 5:colcon.colcon_core.verb:set package 'tello_gazebo' build argument 'cmake_clean_first' from command line to 'False'
[0.212s] Level 5:colcon.colcon_core.verb:set package 'tello_gazebo' build argument 'cmake_force_configure' from command line to 'False'
[0.212s] Level 5:colcon.colcon_core.verb:set package 'tello_gazebo' build argument 'ament_cmake_args' from command line to 'None'
[0.212s] Level 5:colcon.colcon_core.verb:set package 'tello_gazebo' build argument 'catkin_cmake_args' from command line to 'None'
[0.212s] Level 5:colcon.colcon_core.verb:set package 'tello_gazebo' build argument 'catkin_skip_building_tests' from command line to 'False'
[0.212s] DEBUG:colcon.colcon_core.verb:Building package 'tello_gazebo' with the following arguments: {'ament_cmake_args': None, 'build_base': '/home/wenjia/CBFRL/gazebo_env/build/tello_gazebo', 'catkin_cmake_args': None, 'catkin_skip_building_tests': False, 'cmake_args': None, 'cmake_clean_cache': False, 'cmake_clean_first': False, 'cmake_force_configure': False, 'cmake_target': None, 'cmake_target_skip_unavailable': False, 'install_base': '/home/wenjia/CBFRL/gazebo_env/install/tello_gazebo', 'merge_install': False, 'path': '/home/wenjia/CBFRL/gazebo_env/src/tello-ros2-gazebo/tello_ros/tello_gazebo', 'symlink_install': False, 'test_result_base': None}
[0.212s] INFO:colcon.colcon_core.executor:Executing jobs using 'parallel' executor
[0.213s] DEBUG:colcon.colcon_parallel_executor.executor.parallel:run_until_complete
[0.214s] INFO:colcon.colcon_ros.task.ament_cmake.build:Building ROS package in '/home/wenjia/CBFRL/gazebo_env/src/tello-ros2-gazebo/tello_ros/tello_msgs' with build type 'ament_cmake'
[0.214s] INFO:colcon.colcon_cmake.task.cmake.build:Building CMake package in '/home/wenjia/CBFRL/gazebo_env/src/tello-ros2-gazebo/tello_ros/tello_msgs'
[0.217s] INFO:colcon.colcon_core.plugin_system:Skipping extension 'colcon_core.shell.bat': Not used on non-Windows systems
[0.217s] INFO:colcon.colcon_core.shell:Skip shell extension 'powershell' for command environment: Not usable outside of PowerShell
[0.217s] DEBUG:colcon.colcon_core.shell:Skip shell extension 'dsv' for command environment
[0.222s] INFO:colcon.colcon_ros.task.ament_cmake.build:Building ROS package in '/home/wenjia/CBFRL/gazebo_env/src/tello-ros2-gazebo/ros2_shared' with build type 'ament_cmake'
[0.222s] INFO:colcon.colcon_cmake.task.cmake.build:Building CMake package in '/home/wenjia/CBFRL/gazebo_env/src/tello-ros2-gazebo/ros2_shared'
[0.222s] INFO:colcon.colcon_core.shell:Skip shell extension 'powershell' for command environment: Not usable outside of PowerShell
[0.222s] DEBUG:colcon.colcon_core.shell:Skip shell extension 'dsv' for command environment
[0.227s] INFO:colcon.colcon_ros.task.ament_python.build:Building ROS package in '/home/wenjia/CBFRL/gazebo_env/src/my_gazebo' with build type 'ament_python'
[0.227s] Level 1:colcon.colcon_core.shell:create_environment_hook('my_gazebo', 'ament_prefix_path')
[0.227s] INFO:colcon.colcon_core.shell:Creating environment hook '/home/wenjia/CBFRL/gazebo_env/install/my_gazebo/share/my_gazebo/hook/ament_prefix_path.ps1'
[0.228s] INFO:colcon.colcon_core.shell:Creating environment descriptor '/home/wenjia/CBFRL/gazebo_env/install/my_gazebo/share/my_gazebo/hook/ament_prefix_path.dsv'
[0.230s] INFO:colcon.colcon_core.shell:Creating environment hook '/home/wenjia/CBFRL/gazebo_env/install/my_gazebo/share/my_gazebo/hook/ament_prefix_path.sh'
[0.232s] INFO:colcon.colcon_core.shell:Skip shell extension 'powershell' for command environment: Not usable outside of PowerShell
[0.232s] DEBUG:colcon.colcon_core.shell:Skip shell extension 'dsv' for command environment
[0.237s] INFO:colcon.colcon_ros.task.ament_cmake.build:Building ROS package in '/home/wenjia/CBFRL/gazebo_env/src/tello-ros2-gazebo/tello_ros/tello_description' with build type 'ament_cmake'
[0.237s] INFO:colcon.colcon_cmake.task.cmake.build:Building CMake package in '/home/wenjia/CBFRL/gazebo_env/src/tello-ros2-gazebo/tello_ros/tello_description'
[0.237s] INFO:colcon.colcon_core.shell:Skip shell extension 'powershell' for command environment: Not usable outside of PowerShell
[0.237s] DEBUG:colcon.colcon_core.shell:Skip shell extension 'dsv' for command environment
[0.246s] DEBUG:colcon.colcon_core.event_handler.log_command:Invoking command in '/home/wenjia/CBFRL/gazebo_env/build/tello_msgs': CMAKE_PREFIX_PATH=${CMAKE_PREFIX_PATH}:/home/wenjia/CBFRL/gazebo_env/install/my_gazebo:/opt/ros/humble CONDA_PROMPT_MODIFIER=(rl) /usr/bin/cmake --build /home/wenjia/CBFRL/gazebo_env/build/tello_msgs -- -j16 -l16
[0.249s] DEBUG:colcon.colcon_core.event_handler.log_command:Invoking command in '/home/wenjia/CBFRL/gazebo_env/build/ros2_shared': CMAKE_PREFIX_PATH=${CMAKE_PREFIX_PATH}:/home/wenjia/CBFRL/gazebo_env/install/my_gazebo:/opt/ros/humble CONDA_PROMPT_MODIFIER=(rl) /usr/bin/cmake --build /home/wenjia/CBFRL/gazebo_env/build/ros2_shared -- -j16 -l16
[0.469s] INFO:colcon.colcon_core.task.python.build:Building Python package in '/home/wenjia/CBFRL/gazebo_env/src/my_gazebo'
[0.470s] INFO:colcon.colcon_core.shell:Skip shell extension 'powershell' for command environment: Not usable outside of PowerShell
[0.470s] DEBUG:colcon.colcon_core.shell:Skip shell extension 'dsv' for command environment
[0.480s] DEBUG:colcon.colcon_core.event_handler.log_command:Invoked command in '/home/wenjia/CBFRL/gazebo_env/build/ros2_shared' returned '0': CMAKE_PREFIX_PATH=${CMAKE_PREFIX_PATH}:/home/wenjia/CBFRL/gazebo_env/install/my_gazebo:/opt/ros/humble CONDA_PROMPT_MODIFIER=(rl) /usr/bin/cmake --build /home/wenjia/CBFRL/gazebo_env/build/ros2_shared -- -j16 -l16
[0.496s] DEBUG:colcon.colcon_core.event_handler.log_command:Invoking command in '/home/wenjia/CBFRL/gazebo_env/build/ros2_shared': CMAKE_PREFIX_PATH=${CMAKE_PREFIX_PATH}:/home/wenjia/CBFRL/gazebo_env/install/my_gazebo:/opt/ros/humble CONDA_PROMPT_MODIFIER=(rl) /usr/bin/cmake --install /home/wenjia/CBFRL/gazebo_env/build/ros2_shared
[0.502s] DEBUG:colcon.colcon_core.event_handler.log_command:Invoking command in '/home/wenjia/CBFRL/gazebo_env/build/tello_description': CMAKE_PREFIX_PATH=${CMAKE_PREFIX_PATH}:/home/wenjia/CBFRL/gazebo_env/install/my_gazebo:/opt/ros/humble CONDA_PROMPT_MODIFIER=(rl) /usr/bin/cmake --build /home/wenjia/CBFRL/gazebo_env/build/tello_description -- -j16 -l16
[0.523s] Level 1:colcon.colcon_core.environment:create_environment_scripts_only(ros2_shared)
[0.524s] DEBUG:colcon.colcon_core.event_handler.log_command:Invoked command in '/home/wenjia/CBFRL/gazebo_env/build/ros2_shared' returned '0': CMAKE_PREFIX_PATH=${CMAKE_PREFIX_PATH}:/home/wenjia/CBFRL/gazebo_env/install/my_gazebo:/opt/ros/humble CONDA_PROMPT_MODIFIER=(rl) /usr/bin/cmake --install /home/wenjia/CBFRL/gazebo_env/build/ros2_shared
[0.526s] Level 1:colcon.colcon_core.environment:checking '/home/wenjia/CBFRL/gazebo_env/install/ros2_shared' for CMake module files
[0.526s] Level 1:colcon.colcon_core.environment:checking '/home/wenjia/CBFRL/gazebo_env/install/ros2_shared' for CMake config files
[0.527s] Level 1:colcon.colcon_core.shell:create_environment_hook('ros2_shared', 'cmake_prefix_path')
[0.527s] INFO:colcon.colcon_core.shell:Creating environment hook '/home/wenjia/CBFRL/gazebo_env/install/ros2_shared/share/ros2_shared/hook/cmake_prefix_path.ps1'
[0.527s] INFO:colcon.colcon_core.shell:Creating environment descriptor '/home/wenjia/CBFRL/gazebo_env/install/ros2_shared/share/ros2_shared/hook/cmake_prefix_path.dsv'
[0.528s] INFO:colcon.colcon_core.shell:Creating environment hook '/home/wenjia/CBFRL/gazebo_env/install/ros2_shared/share/ros2_shared/hook/cmake_prefix_path.sh'
[0.528s] Level 1:colcon.colcon_core.environment:checking '/home/wenjia/CBFRL/gazebo_env/install/ros2_shared/bin'
[0.528s] Level 1:colcon.colcon_core.environment:checking '/home/wenjia/CBFRL/gazebo_env/install/ros2_shared/lib/pkgconfig/ros2_shared.pc'
[0.529s] Level 1:colcon.colcon_core.environment:checking '/home/wenjia/CBFRL/gazebo_env/install/ros2_shared/lib/python3.10/site-packages'
[0.529s] Level 1:colcon.colcon_core.environment:checking '/home/wenjia/CBFRL/gazebo_env/install/ros2_shared/bin'
[0.529s] INFO:colcon.colcon_core.shell:Creating package script '/home/wenjia/CBFRL/gazebo_env/install/ros2_shared/share/ros2_shared/package.ps1'
[0.530s] INFO:colcon.colcon_core.shell:Creating package descriptor '/home/wenjia/CBFRL/gazebo_env/install/ros2_shared/share/ros2_shared/package.dsv'
[0.531s] INFO:colcon.colcon_core.shell:Creating package script '/home/wenjia/CBFRL/gazebo_env/install/ros2_shared/share/ros2_shared/package.sh'
[0.531s] INFO:colcon.colcon_core.shell:Creating package script '/home/wenjia/CBFRL/gazebo_env/install/ros2_shared/share/ros2_shared/package.bash'
[0.532s] INFO:colcon.colcon_core.shell:Creating package script '/home/wenjia/CBFRL/gazebo_env/install/ros2_shared/share/ros2_shared/package.zsh'
[0.532s] Level 1:colcon.colcon_core.environment:create_file_with_runtime_dependencies(/home/wenjia/CBFRL/gazebo_env/install/ros2_shared/share/colcon-core/packages/ros2_shared)
[0.533s] Level 1:colcon.colcon_core.environment:create_environment_scripts_only(ros2_shared)
[0.533s] Level 1:colcon.colcon_core.environment:checking '/home/wenjia/CBFRL/gazebo_env/install/ros2_shared' for CMake module files
[0.534s] Level 1:colcon.colcon_core.environment:checking '/home/wenjia/CBFRL/gazebo_env/install/ros2_shared' for CMake config files
[0.534s] Level 1:colcon.colcon_core.shell:create_environment_hook('ros2_shared', 'cmake_prefix_path')
[0.534s] INFO:colcon.colcon_core.shell:Creating environment hook '/home/wenjia/CBFRL/gazebo_env/install/ros2_shared/share/ros2_shared/hook/cmake_prefix_path.ps1'
[0.535s] INFO:colcon.colcon_core.shell:Creating environment descriptor '/home/wenjia/CBFRL/gazebo_env/install/ros2_shared/share/ros2_shared/hook/cmake_prefix_path.dsv'
[0.535s] INFO:colcon.colcon_core.shell:Creating environment hook '/home/wenjia/CBFRL/gazebo_env/install/ros2_shared/share/ros2_shared/hook/cmake_prefix_path.sh'
[0.536s] Level 1:colcon.colcon_core.environment:checking '/home/wenjia/CBFRL/gazebo_env/install/ros2_shared/bin'
[0.537s] Level 1:colcon.colcon_core.environment:checking '/home/wenjia/CBFRL/gazebo_env/install/ros2_shared/lib/pkgconfig/ros2_shared.pc'
[0.537s] Level 1:colcon.colcon_core.environment:checking '/home/wenjia/CBFRL/gazebo_env/install/ros2_shared/lib/python3.10/site-packages'
[0.537s] Level 1:colcon.colcon_core.environment:checking '/home/wenjia/CBFRL/gazebo_env/install/ros2_shared/bin'
[0.538s] INFO:colcon.colcon_core.shell:Creating package script '/home/wenjia/CBFRL/gazebo_env/install/ros2_shared/share/ros2_shared/package.ps1'
[0.539s] INFO:colcon.colcon_core.shell:Creating package descriptor '/home/wenjia/CBFRL/gazebo_env/install/ros2_shared/share/ros2_shared/package.dsv'
[0.539s] INFO:colcon.colcon_core.shell:Creating package script '/home/wenjia/CBFRL/gazebo_env/install/ros2_shared/share/ros2_shared/package.sh'
[0.541s] INFO:colcon.colcon_core.shell:Creating package script '/home/wenjia/CBFRL/gazebo_env/install/ros2_shared/share/ros2_shared/package.bash'
[0.543s] INFO:colcon.colcon_core.shell:Creating package script '/home/wenjia/CBFRL/gazebo_env/install/ros2_shared/share/ros2_shared/package.zsh'
[0.544s] Level 1:colcon.colcon_core.environment:create_file_with_runtime_dependencies(/home/wenjia/CBFRL/gazebo_env/install/ros2_shared/share/colcon-core/packages/ros2_shared)
[0.584s] DEBUG:colcon.colcon_core.event_handler.log_command:Invoked command in '/home/wenjia/CBFRL/gazebo_env/build/tello_description' returned '0': CMAKE_PREFIX_PATH=${CMAKE_PREFIX_PATH}:/home/wenjia/CBFRL/gazebo_env/install/my_gazebo:/opt/ros/humble CONDA_PROMPT_MODIFIER=(rl) /usr/bin/cmake --build /home/wenjia/CBFRL/gazebo_env/build/tello_description -- -j16 -l16
[0.586s] DEBUG:colcon.colcon_core.event_handler.log_command:Invoking command in '/home/wenjia/CBFRL/gazebo_env/build/tello_description': CMAKE_PREFIX_PATH=${CMAKE_PREFIX_PATH}:/home/wenjia/CBFRL/gazebo_env/install/my_gazebo:/opt/ros/humble CONDA_PROMPT_MODIFIER=(rl) /usr/bin/cmake --install /home/wenjia/CBFRL/gazebo_env/build/tello_description
[0.614s] Level 1:colcon.colcon_core.environment:create_environment_scripts_only(tello_description)
[0.615s] Level 1:colcon.colcon_core.environment:checking '/home/wenjia/CBFRL/gazebo_env/install/tello_description' for CMake module files
[0.616s] DEBUG:colcon.colcon_core.event_handler.log_command:Invoked command in '/home/wenjia/CBFRL/gazebo_env/build/tello_description' returned '0': CMAKE_PREFIX_PATH=${CMAKE_PREFIX_PATH}:/home/wenjia/CBFRL/gazebo_env/install/my_gazebo:/opt/ros/humble CONDA_PROMPT_MODIFIER=(rl) /usr/bin/cmake --install /home/wenjia/CBFRL/gazebo_env/build/tello_description
[0.616s] Level 1:colcon.colcon_core.environment:checking '/home/wenjia/CBFRL/gazebo_env/install/tello_description' for CMake config files
[0.617s] Level 1:colcon.colcon_core.shell:create_environment_hook('tello_description', 'cmake_prefix_path')
[0.617s] INFO:colcon.colcon_core.shell:Creating environment hook '/home/wenjia/CBFRL/gazebo_env/install/tello_description/share/tello_description/hook/cmake_prefix_path.ps1'
[0.617s] INFO:colcon.colcon_core.shell:Creating environment descriptor '/home/wenjia/CBFRL/gazebo_env/install/tello_description/share/tello_description/hook/cmake_prefix_path.dsv'
[0.618s] INFO:colcon.colcon_core.shell:Creating environment hook '/home/wenjia/CBFRL/gazebo_env/install/tello_description/share/tello_description/hook/cmake_prefix_path.sh'
[0.619s] Level 1:colcon.colcon_core.environment:checking '/home/wenjia/CBFRL/gazebo_env/install/tello_description/bin'
[0.619s] Level 1:colcon.colcon_core.environment:checking '/home/wenjia/CBFRL/gazebo_env/install/tello_description/lib/pkgconfig/tello_description.pc'
[0.619s] Level 1:colcon.colcon_core.environment:checking '/home/wenjia/CBFRL/gazebo_env/install/tello_description/lib/python3.10/site-packages'
[0.620s] Level 1:colcon.colcon_core.environment:checking '/home/wenjia/CBFRL/gazebo_env/install/tello_description/bin'
[0.620s] INFO:colcon.colcon_core.shell:Creating package script '/home/wenjia/CBFRL/gazebo_env/install/tello_description/share/tello_description/package.ps1'
[0.622s] INFO:colcon.colcon_core.shell:Creating package descriptor '/home/wenjia/CBFRL/gazebo_env/install/tello_description/share/tello_description/package.dsv'
[0.622s] INFO:colcon.colcon_core.shell:Creating package script '/home/wenjia/CBFRL/gazebo_env/install/tello_description/share/tello_description/package.sh'
[0.623s] INFO:colcon.colcon_core.shell:Creating package script '/home/wenjia/CBFRL/gazebo_env/install/tello_description/share/tello_description/package.bash'
[0.624s] INFO:colcon.colcon_core.shell:Creating package script '/home/wenjia/CBFRL/gazebo_env/install/tello_description/share/tello_description/package.zsh'
[0.624s] Level 1:colcon.colcon_core.environment:create_file_with_runtime_dependencies(/home/wenjia/CBFRL/gazebo_env/install/tello_description/share/colcon-core/packages/tello_description)
[0.625s] Level 1:colcon.colcon_core.environment:create_environment_scripts_only(tello_description)
[0.625s] Level 1:colcon.colcon_core.environment:checking '/home/wenjia/CBFRL/gazebo_env/install/tello_description' for CMake module files
[0.625s] Level 1:colcon.colcon_core.environment:checking '/home/wenjia/CBFRL/gazebo_env/install/tello_description' for CMake config files
[0.626s] Level 1:colcon.colcon_core.shell:create_environment_hook('tello_description', 'cmake_prefix_path')
[0.626s] INFO:colcon.colcon_core.shell:Creating environment hook '/home/wenjia/CBFRL/gazebo_env/install/tello_description/share/tello_description/hook/cmake_prefix_path.ps1'
[0.626s] INFO:colcon.colcon_core.shell:Creating environment descriptor '/home/wenjia/CBFRL/gazebo_env/install/tello_description/share/tello_description/hook/cmake_prefix_path.dsv'
[0.626s] INFO:colcon.colcon_core.shell:Creating environment hook '/home/wenjia/CBFRL/gazebo_env/install/tello_description/share/tello_description/hook/cmake_prefix_path.sh'
[0.627s] Level 1:colcon.colcon_core.environment:checking '/home/wenjia/CBFRL/gazebo_env/install/tello_description/bin'
[0.627s] Level 1:colcon.colcon_core.environment:checking '/home/wenjia/CBFRL/gazebo_env/install/tello_description/lib/pkgconfig/tello_description.pc'
[0.627s] Level 1:colcon.colcon_core.environment:checking '/home/wenjia/CBFRL/gazebo_env/install/tello_description/lib/python3.10/site-packages'
[0.627s] Level 1:colcon.colcon_core.environment:checking '/home/wenjia/CBFRL/gazebo_env/install/tello_description/bin'
[0.628s] INFO:colcon.colcon_core.shell:Creating package script '/home/wenjia/CBFRL/gazebo_env/install/tello_description/share/tello_description/package.ps1'
[0.628s] INFO:colcon.colcon_core.shell:Creating package descriptor '/home/wenjia/CBFRL/gazebo_env/install/tello_description/share/tello_description/package.dsv'
[0.629s] INFO:colcon.colcon_core.shell:Creating package script '/home/wenjia/CBFRL/gazebo_env/install/tello_description/share/tello_description/package.sh'
[0.629s] INFO:colcon.colcon_core.shell:Creating package script '/home/wenjia/CBFRL/gazebo_env/install/tello_description/share/tello_description/package.bash'
[0.629s] INFO:colcon.colcon_core.shell:Creating package script '/home/wenjia/CBFRL/gazebo_env/install/tello_description/share/tello_description/package.zsh'
[0.630s] Level 1:colcon.colcon_core.environment:create_file_with_runtime_dependencies(/home/wenjia/CBFRL/gazebo_env/install/tello_description/share/colcon-core/packages/tello_description)
[0.684s] DEBUG:colcon.colcon_core.event_handler.log_command:Invoked command in '/home/wenjia/CBFRL/gazebo_env/build/tello_msgs' returned '0': CMAKE_PREFIX_PATH=${CMAKE_PREFIX_PATH}:/home/wenjia/CBFRL/gazebo_env/install/my_gazebo:/opt/ros/humble CONDA_PROMPT_MODIFIER=(rl) /usr/bin/cmake --build /home/wenjia/CBFRL/gazebo_env/build/tello_msgs -- -j16 -l16
[0.686s] DEBUG:colcon.colcon_core.event_handler.log_command:Invoking command in '/home/wenjia/CBFRL/gazebo_env/build/tello_msgs': CMAKE_PREFIX_PATH=${CMAKE_PREFIX_PATH}:/home/wenjia/CBFRL/gazebo_env/install/my_gazebo:/opt/ros/humble CONDA_PROMPT_MODIFIER=(rl) /usr/bin/cmake --install /home/wenjia/CBFRL/gazebo_env/build/tello_msgs
[0.771s] Level 1:colcon.colcon_core.environment:create_environment_scripts_only(tello_msgs)
[0.772s] Level 1:colcon.colcon_core.environment:checking '/home/wenjia/CBFRL/gazebo_env/install/tello_msgs' for CMake module files
[0.773s] DEBUG:colcon.colcon_core.event_handler.log_command:Invoked command in '/home/wenjia/CBFRL/gazebo_env/build/tello_msgs' returned '0': CMAKE_PREFIX_PATH=${CMAKE_PREFIX_PATH}:/home/wenjia/CBFRL/gazebo_env/install/my_gazebo:/opt/ros/humble CONDA_PROMPT_MODIFIER=(rl) /usr/bin/cmake --install /home/wenjia/CBFRL/gazebo_env/build/tello_msgs
[0.774s] Level 1:colcon.colcon_core.environment:checking '/home/wenjia/CBFRL/gazebo_env/install/tello_msgs' for CMake config files
[0.775s] Level 1:colcon.colcon_core.shell:create_environment_hook('tello_msgs', 'cmake_prefix_path')
[0.775s] INFO:colcon.colcon_core.shell:Creating environment hook '/home/wenjia/CBFRL/gazebo_env/install/tello_msgs/share/tello_msgs/hook/cmake_prefix_path.ps1'
[0.776s] INFO:colcon.colcon_core.shell:Creating environment descriptor '/home/wenjia/CBFRL/gazebo_env/install/tello_msgs/share/tello_msgs/hook/cmake_prefix_path.dsv'
[0.777s] INFO:colcon.colcon_core.shell:Creating environment hook '/home/wenjia/CBFRL/gazebo_env/install/tello_msgs/share/tello_msgs/hook/cmake_prefix_path.sh'
[0.778s] Level 1:colcon.colcon_core.environment:checking '/home/wenjia/CBFRL/gazebo_env/install/tello_msgs/lib'
[0.778s] Level 1:colcon.colcon_core.shell:create_environment_hook('tello_msgs', 'ld_library_path_lib')
[0.779s] INFO:colcon.colcon_core.shell:Creating environment hook '/home/wenjia/CBFRL/gazebo_env/install/tello_msgs/share/tello_msgs/hook/ld_library_path_lib.ps1'
[0.779s] INFO:colcon.colcon_core.shell:Creating environment descriptor '/home/wenjia/CBFRL/gazebo_env/install/tello_msgs/share/tello_msgs/hook/ld_library_path_lib.dsv'
[0.780s] INFO:colcon.colcon_core.shell:Creating environment hook '/home/wenjia/CBFRL/gazebo_env/install/tello_msgs/share/tello_msgs/hook/ld_library_path_lib.sh'
[0.781s] Level 1:colcon.colcon_core.environment:checking '/home/wenjia/CBFRL/gazebo_env/install/tello_msgs/bin'
[0.781s] Level 1:colcon.colcon_core.environment:checking '/home/wenjia/CBFRL/gazebo_env/install/tello_msgs/lib/pkgconfig/tello_msgs.pc'
[0.781s] Level 1:colcon.colcon_core.environment:checking '/home/wenjia/CBFRL/gazebo_env/install/tello_msgs/lib/python3.10/site-packages'
[0.782s] Level 1:colcon.colcon_core.environment:checking '/home/wenjia/CBFRL/gazebo_env/install/tello_msgs/bin'
[0.782s] INFO:colcon.colcon_core.shell:Creating package script '/home/wenjia/CBFRL/gazebo_env/install/tello_msgs/share/tello_msgs/package.ps1'
[0.783s] INFO:colcon.colcon_core.shell:Creating package descriptor '/home/wenjia/CBFRL/gazebo_env/install/tello_msgs/share/tello_msgs/package.dsv'
[0.784s] INFO:colcon.colcon_core.shell:Creating package script '/home/wenjia/CBFRL/gazebo_env/install/tello_msgs/share/tello_msgs/package.sh'
[0.785s] INFO:colcon.colcon_core.shell:Creating package script '/home/wenjia/CBFRL/gazebo_env/install/tello_msgs/share/tello_msgs/package.bash'
[0.786s] INFO:colcon.colcon_core.shell:Creating package script '/home/wenjia/CBFRL/gazebo_env/install/tello_msgs/share/tello_msgs/package.zsh'
[0.787s] Level 1:colcon.colcon_core.environment:create_file_with_runtime_dependencies(/home/wenjia/CBFRL/gazebo_env/install/tello_msgs/share/colcon-core/packages/tello_msgs)
[0.788s] Level 1:colcon.colcon_core.environment:create_environment_scripts_only(tello_msgs)
[0.788s] Level 1:colcon.colcon_core.environment:checking '/home/wenjia/CBFRL/gazebo_env/install/tello_msgs' for CMake module files
[0.789s] Level 1:colcon.colcon_core.environment:checking '/home/wenjia/CBFRL/gazebo_env/install/tello_msgs' for CMake config files
[0.790s] Level 1:colcon.colcon_core.shell:create_environment_hook('tello_msgs', 'cmake_prefix_path')
[0.791s] INFO:colcon.colcon_core.shell:Creating environment hook '/home/wenjia/CBFRL/gazebo_env/install/tello_msgs/share/tello_msgs/hook/cmake_prefix_path.ps1'
[0.792s] INFO:colcon.colcon_core.shell:Creating environment descriptor '/home/wenjia/CBFRL/gazebo_env/install/tello_msgs/share/tello_msgs/hook/cmake_prefix_path.dsv'
[0.793s] INFO:colcon.colcon_core.shell:Creating environment hook '/home/wenjia/CBFRL/gazebo_env/install/tello_msgs/share/tello_msgs/hook/cmake_prefix_path.sh'
[0.794s] Level 1:colcon.colcon_core.environment:checking '/home/wenjia/CBFRL/gazebo_env/install/tello_msgs/lib'
[0.794s] Level 1:colcon.colcon_core.shell:create_environment_hook('tello_msgs', 'ld_library_path_lib')
[0.794s] INFO:colcon.colcon_core.shell:Creating environment hook '/home/wenjia/CBFRL/gazebo_env/install/tello_msgs/share/tello_msgs/hook/ld_library_path_lib.ps1'
[0.795s] INFO:colcon.colcon_core.shell:Creating environment descriptor '/home/wenjia/CBFRL/gazebo_env/install/tello_msgs/share/tello_msgs/hook/ld_library_path_lib.dsv'
[0.795s] INFO:colcon.colcon_core.shell:Creating environment hook '/home/wenjia/CBFRL/gazebo_env/install/tello_msgs/share/tello_msgs/hook/ld_library_path_lib.sh'
[0.796s] Level 1:colcon.colcon_core.environment:checking '/home/wenjia/CBFRL/gazebo_env/install/tello_msgs/bin'
[0.796s] Level 1:colcon.colcon_core.environment:checking '/home/wenjia/CBFRL/gazebo_env/install/tello_msgs/lib/pkgconfig/tello_msgs.pc'
[0.796s] Level 1:colcon.colcon_core.environment:checking '/home/wenjia/CBFRL/gazebo_env/install/tello_msgs/lib/python3.10/site-packages'
[0.797s] Level 1:colcon.colcon_core.environment:checking '/home/wenjia/CBFRL/gazebo_env/install/tello_msgs/bin'
[0.798s] INFO:colcon.colcon_core.shell:Creating package script '/home/wenjia/CBFRL/gazebo_env/install/tello_msgs/share/tello_msgs/package.ps1'
[0.798s] INFO:colcon.colcon_core.shell:Creating package descriptor '/home/wenjia/CBFRL/gazebo_env/install/tello_msgs/share/tello_msgs/package.dsv'
[0.799s] INFO:colcon.colcon_core.shell:Creating package script '/home/wenjia/CBFRL/gazebo_env/install/tello_msgs/share/tello_msgs/package.sh'
[0.800s] INFO:colcon.colcon_core.shell:Creating package script '/home/wenjia/CBFRL/gazebo_env/install/tello_msgs/share/tello_msgs/package.bash'
[0.801s] INFO:colcon.colcon_core.shell:Creating package script '/home/wenjia/CBFRL/gazebo_env/install/tello_msgs/share/tello_msgs/package.zsh'
[0.802s] Level 1:colcon.colcon_core.environment:create_file_with_runtime_dependencies(/home/wenjia/CBFRL/gazebo_env/install/tello_msgs/share/colcon-core/packages/tello_msgs)
[0.802s] INFO:colcon.colcon_ros.task.ament_cmake.build:Building ROS package in '/home/wenjia/CBFRL/gazebo_env/src/tello-ros2-gazebo/tello_ros/tello_driver' with build type 'ament_cmake'
[0.803s] INFO:colcon.colcon_cmake.task.cmake.build:Building CMake package in '/home/wenjia/CBFRL/gazebo_env/src/tello-ros2-gazebo/tello_ros/tello_driver'
[0.803s] INFO:colcon.colcon_core.shell:Skip shell extension 'powershell' for command environment: Not usable outside of PowerShell
[0.803s] DEBUG:colcon.colcon_core.shell:Skip shell extension 'dsv' for command environment
[0.812s] INFO:colcon.colcon_ros.task.ament_cmake.build:Building ROS package in '/home/wenjia/CBFRL/gazebo_env/src/tello-ros2-gazebo/tello_ros/tello_gazebo' with build type 'ament_cmake'
[0.812s] INFO:colcon.colcon_cmake.task.cmake.build:Building CMake package in '/home/wenjia/CBFRL/gazebo_env/src/tello-ros2-gazebo/tello_ros/tello_gazebo'
[0.813s] INFO:colcon.colcon_core.shell:Skip shell extension 'powershell' for command environment: Not usable outside of PowerShell
[0.813s] DEBUG:colcon.colcon_core.shell:Skip shell extension 'dsv' for command environment
[0.832s] DEBUG:colcon.colcon_core.event_handler.log_command:Invoking command in '/home/wenjia/CBFRL/gazebo_env/build/tello_driver': CMAKE_PREFIX_PATH=/home/wenjia/CBFRL/gazebo_env/install/tello_msgs:/home/wenjia/CBFRL/gazebo_env/install/ros2_shared:/home/wenjia/CBFRL/gazebo_env/install/tello_gazebo:/home/wenjia/CBFRL/gazebo_env/install/tello_driver:/home/wenjia/CBFRL/gazebo_env/install/tello_description:/home/wenjia/CBFRL/gazebo_env/install/my_gazebo:/opt/ros/humble CONDA_PROMPT_MODIFIER=(rl) LD_LIBRARY_PATH=/home/wenjia/CBFRL/gazebo_env/install/tello_msgs/lib:/home/wenjia/CBFRL/gazebo_env/install/tello_gazebo/lib:/home/wenjia/CBFRL/gazebo_env/install/tello_driver/lib:/home/bwu/libfranka/build:/usr/lib/x86_64-linux-gnu/gazebo-11/plugins:/opt/ros/humble/opt/rviz_ogre_vendor/lib:/opt/ros/humble/lib/x86_64-linux-gnu:/opt/ros/humble/lib /usr/bin/cmake --build /home/wenjia/CBFRL/gazebo_env/build/tello_driver -- -j16 -l16
[0.835s] DEBUG:colcon.colcon_core.event_handler.log_command:Invoking command in '/home/wenjia/CBFRL/gazebo_env/build/tello_gazebo': CMAKE_PREFIX_PATH=/home/wenjia/CBFRL/gazebo_env/install/tello_msgs:/home/wenjia/CBFRL/gazebo_env/install/tello_gazebo:/home/wenjia/CBFRL/gazebo_env/install/tello_driver:/home/wenjia/CBFRL/gazebo_env/install/tello_description:/home/wenjia/CBFRL/gazebo_env/install/ros2_shared:/home/wenjia/CBFRL/gazebo_env/install/my_gazebo:/opt/ros/humble CONDA_PROMPT_MODIFIER=(rl) LD_LIBRARY_PATH=/home/wenjia/CBFRL/gazebo_env/install/tello_msgs/lib:/home/wenjia/CBFRL/gazebo_env/install/tello_gazebo/lib:/home/wenjia/CBFRL/gazebo_env/install/tello_driver/lib:/home/bwu/libfranka/build:/usr/lib/x86_64-linux-gnu/gazebo-11/plugins:/opt/ros/humble/opt/rviz_ogre_vendor/lib:/opt/ros/humble/lib/x86_64-linux-gnu:/opt/ros/humble/lib /usr/bin/cmake --build /home/wenjia/CBFRL/gazebo_env/build/tello_gazebo -- -j16 -l16
[0.930s] DEBUG:colcon.colcon_core.event_handler.log_command:Invoked command in '/home/wenjia/CBFRL/gazebo_env/build/tello_driver' returned '0': CMAKE_PREFIX_PATH=/home/wenjia/CBFRL/gazebo_env/install/tello_msgs:/home/wenjia/CBFRL/gazebo_env/install/ros2_shared:/home/wenjia/CBFRL/gazebo_env/install/tello_gazebo:/home/wenjia/CBFRL/gazebo_env/install/tello_driver:/home/wenjia/CBFRL/gazebo_env/install/tello_description:/home/wenjia/CBFRL/gazebo_env/install/my_gazebo:/opt/ros/humble CONDA_PROMPT_MODIFIER=(rl) LD_LIBRARY_PATH=/home/wenjia/CBFRL/gazebo_env/install/tello_msgs/lib:/home/wenjia/CBFRL/gazebo_env/install/tello_gazebo/lib:/home/wenjia/CBFRL/gazebo_env/install/tello_driver/lib:/home/bwu/libfranka/build:/usr/lib/x86_64-linux-gnu/gazebo-11/plugins:/opt/ros/humble/opt/rviz_ogre_vendor/lib:/opt/ros/humble/lib/x86_64-linux-gnu:/opt/ros/humble/lib /usr/bin/cmake --build /home/wenjia/CBFRL/gazebo_env/build/tello_driver -- -j16 -l16
[0.931s] DEBUG:colcon.colcon_core.event_handler.log_command:Invoking command in '/home/wenjia/CBFRL/gazebo_env/build/tello_driver': CMAKE_PREFIX_PATH=/home/wenjia/CBFRL/gazebo_env/install/tello_msgs:/home/wenjia/CBFRL/gazebo_env/install/ros2_shared:/home/wenjia/CBFRL/gazebo_env/install/tello_gazebo:/home/wenjia/CBFRL/gazebo_env/install/tello_driver:/home/wenjia/CBFRL/gazebo_env/install/tello_description:/home/wenjia/CBFRL/gazebo_env/install/my_gazebo:/opt/ros/humble CONDA_PROMPT_MODIFIER=(rl) LD_LIBRARY_PATH=/home/wenjia/CBFRL/gazebo_env/install/tello_msgs/lib:/home/wenjia/CBFRL/gazebo_env/install/tello_gazebo/lib:/home/wenjia/CBFRL/gazebo_env/install/tello_driver/lib:/home/bwu/libfranka/build:/usr/lib/x86_64-linux-gnu/gazebo-11/plugins:/opt/ros/humble/opt/rviz_ogre_vendor/lib:/opt/ros/humble/lib/x86_64-linux-gnu:/opt/ros/humble/lib /usr/bin/cmake --install /home/wenjia/CBFRL/gazebo_env/build/tello_driver
[0.938s] DEBUG:colcon.colcon_core.event_handler.log_command:Invoked command in '/home/wenjia/CBFRL/gazebo_env/build/tello_gazebo' returned '0': CMAKE_PREFIX_PATH=/home/wenjia/CBFRL/gazebo_env/install/tello_msgs:/home/wenjia/CBFRL/gazebo_env/install/tello_gazebo:/home/wenjia/CBFRL/gazebo_env/install/tello_driver:/home/wenjia/CBFRL/gazebo_env/install/tello_description:/home/wenjia/CBFRL/gazebo_env/install/ros2_shared:/home/wenjia/CBFRL/gazebo_env/install/my_gazebo:/opt/ros/humble CONDA_PROMPT_MODIFIER=(rl) LD_LIBRARY_PATH=/home/wenjia/CBFRL/gazebo_env/install/tello_msgs/lib:/home/wenjia/CBFRL/gazebo_env/install/tello_gazebo/lib:/home/wenjia/CBFRL/gazebo_env/install/tello_driver/lib:/home/bwu/libfranka/build:/usr/lib/x86_64-linux-gnu/gazebo-11/plugins:/opt/ros/humble/opt/rviz_ogre_vendor/lib:/opt/ros/humble/lib/x86_64-linux-gnu:/opt/ros/humble/lib /usr/bin/cmake --build /home/wenjia/CBFRL/gazebo_env/build/tello_gazebo -- -j16 -l16
[0.940s] DEBUG:colcon.colcon_core.event_handler.log_command:Invoking command in '/home/wenjia/CBFRL/gazebo_env/build/tello_gazebo': CMAKE_PREFIX_PATH=/home/wenjia/CBFRL/gazebo_env/install/tello_msgs:/home/wenjia/CBFRL/gazebo_env/install/tello_gazebo:/home/wenjia/CBFRL/gazebo_env/install/tello_driver:/home/wenjia/CBFRL/gazebo_env/install/tello_description:/home/wenjia/CBFRL/gazebo_env/install/ros2_shared:/home/wenjia/CBFRL/gazebo_env/install/my_gazebo:/opt/ros/humble CONDA_PROMPT_MODIFIER=(rl) LD_LIBRARY_PATH=/home/wenjia/CBFRL/gazebo_env/install/tello_msgs/lib:/home/wenjia/CBFRL/gazebo_env/install/tello_gazebo/lib:/home/wenjia/CBFRL/gazebo_env/install/tello_driver/lib:/home/bwu/libfranka/build:/usr/lib/x86_64-linux-gnu/gazebo-11/plugins:/opt/ros/humble/opt/rviz_ogre_vendor/lib:/opt/ros/humble/lib/x86_64-linux-gnu:/opt/ros/humble/lib /usr/bin/cmake --install /home/wenjia/CBFRL/gazebo_env/build/tello_gazebo
[0.961s] Level 1:colcon.colcon_core.environment:create_environment_scripts_only(tello_driver)
[0.962s] Level 1:colcon.colcon_core.environment:checking '/home/wenjia/CBFRL/gazebo_env/install/tello_driver' for CMake module files
[0.962s] DEBUG:colcon.colcon_core.event_handler.log_command:Invoked command in '/home/wenjia/CBFRL/gazebo_env/build/tello_driver' returned '0': CMAKE_PREFIX_PATH=/home/wenjia/CBFRL/gazebo_env/install/tello_msgs:/home/wenjia/CBFRL/gazebo_env/install/ros2_shared:/home/wenjia/CBFRL/gazebo_env/install/tello_gazebo:/home/wenjia/CBFRL/gazebo_env/install/tello_driver:/home/wenjia/CBFRL/gazebo_env/install/tello_description:/home/wenjia/CBFRL/gazebo_env/install/my_gazebo:/opt/ros/humble CONDA_PROMPT_MODIFIER=(rl) LD_LIBRARY_PATH=/home/wenjia/CBFRL/gazebo_env/install/tello_msgs/lib:/home/wenjia/CBFRL/gazebo_env/install/tello_gazebo/lib:/home/wenjia/CBFRL/gazebo_env/install/tello_driver/lib:/home/bwu/libfranka/build:/usr/lib/x86_64-linux-gnu/gazebo-11/plugins:/opt/ros/humble/opt/rviz_ogre_vendor/lib:/opt/ros/humble/lib/x86_64-linux-gnu:/opt/ros/humble/lib /usr/bin/cmake --install /home/wenjia/CBFRL/gazebo_env/build/tello_driver
[0.963s] Level 1:colcon.colcon_core.environment:checking '/home/wenjia/CBFRL/gazebo_env/install/tello_driver' for CMake config files
[0.964s] Level 1:colcon.colcon_core.shell:create_environment_hook('tello_driver', 'cmake_prefix_path')
[0.964s] INFO:colcon.colcon_core.shell:Creating environment hook '/home/wenjia/CBFRL/gazebo_env/install/tello_driver/share/tello_driver/hook/cmake_prefix_path.ps1'
[0.965s] INFO:colcon.colcon_core.shell:Creating environment descriptor '/home/wenjia/CBFRL/gazebo_env/install/tello_driver/share/tello_driver/hook/cmake_prefix_path.dsv'
[0.965s] INFO:colcon.colcon_core.shell:Creating environment hook '/home/wenjia/CBFRL/gazebo_env/install/tello_driver/share/tello_driver/hook/cmake_prefix_path.sh'
[0.966s] Level 1:colcon.colcon_core.environment:checking '/home/wenjia/CBFRL/gazebo_env/install/tello_driver/lib'
[0.966s] Level 1:colcon.colcon_core.shell:create_environment_hook('tello_driver', 'ld_library_path_lib')
[0.966s] INFO:colcon.colcon_core.shell:Creating environment hook '/home/wenjia/CBFRL/gazebo_env/install/tello_driver/share/tello_driver/hook/ld_library_path_lib.ps1'
[0.966s] INFO:colcon.colcon_core.shell:Creating environment descriptor '/home/wenjia/CBFRL/gazebo_env/install/tello_driver/share/tello_driver/hook/ld_library_path_lib.dsv'
[0.967s] INFO:colcon.colcon_core.shell:Creating environment hook '/home/wenjia/CBFRL/gazebo_env/install/tello_driver/share/tello_driver/hook/ld_library_path_lib.sh'
[0.967s] Level 1:colcon.colcon_core.environment:checking '/home/wenjia/CBFRL/gazebo_env/install/tello_driver/bin'
[0.967s] Level 1:colcon.colcon_core.environment:checking '/home/wenjia/CBFRL/gazebo_env/install/tello_driver/lib/pkgconfig/tello_driver.pc'
[0.967s] Level 1:colcon.colcon_core.environment:checking '/home/wenjia/CBFRL/gazebo_env/install/tello_driver/lib/python3.10/site-packages'
[0.968s] Level 1:colcon.colcon_core.environment:checking '/home/wenjia/CBFRL/gazebo_env/install/tello_driver/bin'
[0.968s] INFO:colcon.colcon_core.shell:Creating package script '/home/wenjia/CBFRL/gazebo_env/install/tello_driver/share/tello_driver/package.ps1'
[0.969s] INFO:colcon.colcon_core.shell:Creating package descriptor '/home/wenjia/CBFRL/gazebo_env/install/tello_driver/share/tello_driver/package.dsv'
[0.969s] INFO:colcon.colcon_core.shell:Creating package script '/home/wenjia/CBFRL/gazebo_env/install/tello_driver/share/tello_driver/package.sh'
[0.970s] INFO:colcon.colcon_core.shell:Creating package script '/home/wenjia/CBFRL/gazebo_env/install/tello_driver/share/tello_driver/package.bash'
[0.970s] INFO:colcon.colcon_core.shell:Creating package script '/home/wenjia/CBFRL/gazebo_env/install/tello_driver/share/tello_driver/package.zsh'
[0.970s] Level 1:colcon.colcon_core.environment:create_file_with_runtime_dependencies(/home/wenjia/CBFRL/gazebo_env/install/tello_driver/share/colcon-core/packages/tello_driver)
[0.971s] Level 1:colcon.colcon_core.environment:create_environment_scripts_only(tello_driver)
[0.971s] Level 1:colcon.colcon_core.environment:checking '/home/wenjia/CBFRL/gazebo_env/install/tello_driver' for CMake module files
[0.971s] Level 1:colcon.colcon_core.environment:checking '/home/wenjia/CBFRL/gazebo_env/install/tello_driver' for CMake config files
[0.972s] Level 1:colcon.colcon_core.shell:create_environment_hook('tello_driver', 'cmake_prefix_path')
[0.972s] INFO:colcon.colcon_core.shell:Creating environment hook '/home/wenjia/CBFRL/gazebo_env/install/tello_driver/share/tello_driver/hook/cmake_prefix_path.ps1'
[0.972s] INFO:colcon.colcon_core.shell:Creating environment descriptor '/home/wenjia/CBFRL/gazebo_env/install/tello_driver/share/tello_driver/hook/cmake_prefix_path.dsv'
[0.973s] INFO:colcon.colcon_core.shell:Creating environment hook '/home/wenjia/CBFRL/gazebo_env/install/tello_driver/share/tello_driver/hook/cmake_prefix_path.sh'
[0.973s] Level 1:colcon.colcon_core.environment:checking '/home/wenjia/CBFRL/gazebo_env/install/tello_driver/lib'
[0.973s] Level 1:colcon.colcon_core.shell:create_environment_hook('tello_driver', 'ld_library_path_lib')
[0.973s] INFO:colcon.colcon_core.shell:Creating environment hook '/home/wenjia/CBFRL/gazebo_env/install/tello_driver/share/tello_driver/hook/ld_library_path_lib.ps1'
[0.974s] INFO:colcon.colcon_core.shell:Creating environment descriptor '/home/wenjia/CBFRL/gazebo_env/install/tello_driver/share/tello_driver/hook/ld_library_path_lib.dsv'
[0.975s] INFO:colcon.colcon_core.shell:Creating environment hook '/home/wenjia/CBFRL/gazebo_env/install/tello_driver/share/tello_driver/hook/ld_library_path_lib.sh'
[0.975s] Level 1:colcon.colcon_core.environment:checking '/home/wenjia/CBFRL/gazebo_env/install/tello_driver/bin'
[0.975s] Level 1:colcon.colcon_core.environment:checking '/home/wenjia/CBFRL/gazebo_env/install/tello_driver/lib/pkgconfig/tello_driver.pc'
[0.976s] Level 1:colcon.colcon_core.environment:checking '/home/wenjia/CBFRL/gazebo_env/install/tello_driver/lib/python3.10/site-packages'
[0.976s] Level 1:colcon.colcon_core.environment:checking '/home/wenjia/CBFRL/gazebo_env/install/tello_driver/bin'
[0.976s] INFO:colcon.colcon_core.shell:Creating package script '/home/wenjia/CBFRL/gazebo_env/install/tello_driver/share/tello_driver/package.ps1'
[0.977s] INFO:colcon.colcon_core.shell:Creating package descriptor '/home/wenjia/CBFRL/gazebo_env/install/tello_driver/share/tello_driver/package.dsv'
[0.977s] INFO:colcon.colcon_core.shell:Creating package script '/home/wenjia/CBFRL/gazebo_env/install/tello_driver/share/tello_driver/package.sh'
[0.978s] INFO:colcon.colcon_core.shell:Creating package script '/home/wenjia/CBFRL/gazebo_env/install/tello_driver/share/tello_driver/package.bash'
[0.978s] INFO:colcon.colcon_core.shell:Creating package script '/home/wenjia/CBFRL/gazebo_env/install/tello_driver/share/tello_driver/package.zsh'
[0.978s] Level 1:colcon.colcon_core.environment:create_file_with_runtime_dependencies(/home/wenjia/CBFRL/gazebo_env/install/tello_driver/share/colcon-core/packages/tello_driver)
[0.979s] Level 1:colcon.colcon_core.environment:create_environment_scripts_only(tello_gazebo)
[0.979s] Level 1:colcon.colcon_core.environment:checking '/home/wenjia/CBFRL/gazebo_env/install/tello_gazebo' for CMake module files
[0.980s] DEBUG:colcon.colcon_core.event_handler.log_command:Invoked command in '/home/wenjia/CBFRL/gazebo_env/build/tello_gazebo' returned '0': CMAKE_PREFIX_PATH=/home/wenjia/CBFRL/gazebo_env/install/tello_msgs:/home/wenjia/CBFRL/gazebo_env/install/tello_gazebo:/home/wenjia/CBFRL/gazebo_env/install/tello_driver:/home/wenjia/CBFRL/gazebo_env/install/tello_description:/home/wenjia/CBFRL/gazebo_env/install/ros2_shared:/home/wenjia/CBFRL/gazebo_env/install/my_gazebo:/opt/ros/humble CONDA_PROMPT_MODIFIER=(rl) LD_LIBRARY_PATH=/home/wenjia/CBFRL/gazebo_env/install/tello_msgs/lib:/home/wenjia/CBFRL/gazebo_env/install/tello_gazebo/lib:/home/wenjia/CBFRL/gazebo_env/install/tello_driver/lib:/home/bwu/libfranka/build:/usr/lib/x86_64-linux-gnu/gazebo-11/plugins:/opt/ros/humble/opt/rviz_ogre_vendor/lib:/opt/ros/humble/lib/x86_64-linux-gnu:/opt/ros/humble/lib /usr/bin/cmake --install /home/wenjia/CBFRL/gazebo_env/build/tello_gazebo
[0.980s] Level 1:colcon.colcon_core.environment:checking '/home/wenjia/CBFRL/gazebo_env/install/tello_gazebo' for CMake config files
[0.980s] Level 1:colcon.colcon_core.shell:create_environment_hook('tello_gazebo', 'cmake_prefix_path')
[0.981s] INFO:colcon.colcon_core.shell:Creating environment hook '/home/wenjia/CBFRL/gazebo_env/install/tello_gazebo/share/tello_gazebo/hook/cmake_prefix_path.ps1'
[0.981s] INFO:colcon.colcon_core.shell:Creating environment descriptor '/home/wenjia/CBFRL/gazebo_env/install/tello_gazebo/share/tello_gazebo/hook/cmake_prefix_path.dsv'
[0.982s] INFO:colcon.colcon_core.shell:Creating environment hook '/home/wenjia/CBFRL/gazebo_env/install/tello_gazebo/share/tello_gazebo/hook/cmake_prefix_path.sh'
[0.982s] Level 1:colcon.colcon_core.environment:checking '/home/wenjia/CBFRL/gazebo_env/install/tello_gazebo/lib'
[0.982s] Level 1:colcon.colcon_core.shell:create_environment_hook('tello_gazebo', 'ld_library_path_lib')
[0.983s] INFO:colcon.colcon_core.shell:Creating environment hook '/home/wenjia/CBFRL/gazebo_env/install/tello_gazebo/share/tello_gazebo/hook/ld_library_path_lib.ps1'
[0.983s] INFO:colcon.colcon_core.shell:Creating environment descriptor '/home/wenjia/CBFRL/gazebo_env/install/tello_gazebo/share/tello_gazebo/hook/ld_library_path_lib.dsv'
[0.983s] INFO:colcon.colcon_core.shell:Creating environment hook '/home/wenjia/CBFRL/gazebo_env/install/tello_gazebo/share/tello_gazebo/hook/ld_library_path_lib.sh'
[0.984s] Level 1:colcon.colcon_core.environment:checking '/home/wenjia/CBFRL/gazebo_env/install/tello_gazebo/bin'
[0.984s] Level 1:colcon.colcon_core.environment:checking '/home/wenjia/CBFRL/gazebo_env/install/tello_gazebo/lib/pkgconfig/tello_gazebo.pc'
[0.984s] Level 1:colcon.colcon_core.environment:checking '/home/wenjia/CBFRL/gazebo_env/install/tello_gazebo/lib/python3.10/site-packages'
[0.984s] Level 1:colcon.colcon_core.environment:checking '/home/wenjia/CBFRL/gazebo_env/install/tello_gazebo/bin'
[0.985s] INFO:colcon.colcon_core.shell:Creating package script '/home/wenjia/CBFRL/gazebo_env/install/tello_gazebo/share/tello_gazebo/package.ps1'
[0.985s] INFO:colcon.colcon_core.shell:Creating package descriptor '/home/wenjia/CBFRL/gazebo_env/install/tello_gazebo/share/tello_gazebo/package.dsv'
[0.985s] INFO:colcon.colcon_core.shell:Creating package script '/home/wenjia/CBFRL/gazebo_env/install/tello_gazebo/share/tello_gazebo/package.sh'
[0.986s] INFO:colcon.colcon_core.shell:Creating package script '/home/wenjia/CBFRL/gazebo_env/install/tello_gazebo/share/tello_gazebo/package.bash'
[0.986s] INFO:colcon.colcon_core.shell:Creating package script '/home/wenjia/CBFRL/gazebo_env/install/tello_gazebo/share/tello_gazebo/package.zsh'
[0.986s] Level 1:colcon.colcon_core.environment:create_file_with_runtime_dependencies(/home/wenjia/CBFRL/gazebo_env/install/tello_gazebo/share/colcon-core/packages/tello_gazebo)
[0.987s] Level 1:colcon.colcon_core.environment:create_environment_scripts_only(tello_gazebo)
[0.987s] Level 1:colcon.colcon_core.environment:checking '/home/wenjia/CBFRL/gazebo_env/install/tello_gazebo' for CMake module files
[0.987s] Level 1:colcon.colcon_core.environment:checking '/home/wenjia/CBFRL/gazebo_env/install/tello_gazebo' for CMake config files
[0.988s] Level 1:colcon.colcon_core.shell:create_environment_hook('tello_gazebo', 'cmake_prefix_path')
[0.988s] INFO:colcon.colcon_core.shell:Creating environment hook '/home/wenjia/CBFRL/gazebo_env/install/tello_gazebo/share/tello_gazebo/hook/cmake_prefix_path.ps1'
[0.988s] INFO:colcon.colcon_core.shell:Creating environment descriptor '/home/wenjia/CBFRL/gazebo_env/install/tello_gazebo/share/tello_gazebo/hook/cmake_prefix_path.dsv'
[0.988s] INFO:colcon.colcon_core.shell:Creating environment hook '/home/wenjia/CBFRL/gazebo_env/install/tello_gazebo/share/tello_gazebo/hook/cmake_prefix_path.sh'
[0.989s] Level 1:colcon.colcon_core.environment:checking '/home/wenjia/CBFRL/gazebo_env/install/tello_gazebo/lib'
[0.989s] Level 1:colcon.colcon_core.shell:create_environment_hook('tello_gazebo', 'ld_library_path_lib')
[0.989s] INFO:colcon.colcon_core.shell:Creating environment hook '/home/wenjia/CBFRL/gazebo_env/install/tello_gazebo/share/tello_gazebo/hook/ld_library_path_lib.ps1'
[0.990s] INFO:colcon.colcon_core.shell:Creating environment descriptor '/home/wenjia/CBFRL/gazebo_env/install/tello_gazebo/share/tello_gazebo/hook/ld_library_path_lib.dsv'
[0.990s] INFO:colcon.colcon_core.shell:Creating environment hook '/home/wenjia/CBFRL/gazebo_env/install/tello_gazebo/share/tello_gazebo/hook/ld_library_path_lib.sh'
[0.991s] Level 1:colcon.colcon_core.environment:checking '/home/wenjia/CBFRL/gazebo_env/install/tello_gazebo/bin'
[0.991s] Level 1:colcon.colcon_core.environment:checking '/home/wenjia/CBFRL/gazebo_env/install/tello_gazebo/lib/pkgconfig/tello_gazebo.pc'
[0.992s] Level 1:colcon.colcon_core.environment:checking '/home/wenjia/CBFRL/gazebo_env/install/tello_gazebo/lib/python3.10/site-packages'
[0.992s] Level 1:colcon.colcon_core.environment:checking '/home/wenjia/CBFRL/gazebo_env/install/tello_gazebo/bin'
[0.992s] INFO:colcon.colcon_core.shell:Creating package script '/home/wenjia/CBFRL/gazebo_env/install/tello_gazebo/share/tello_gazebo/package.ps1'
[0.993s] INFO:colcon.colcon_core.shell:Creating package descriptor '/home/wenjia/CBFRL/gazebo_env/install/tello_gazebo/share/tello_gazebo/package.dsv'
[0.994s] INFO:colcon.colcon_core.shell:Creating package script '/home/wenjia/CBFRL/gazebo_env/install/tello_gazebo/share/tello_gazebo/package.sh'
[0.995s] INFO:colcon.colcon_core.shell:Creating package script '/home/wenjia/CBFRL/gazebo_env/install/tello_gazebo/share/tello_gazebo/package.bash'
[0.996s] INFO:colcon.colcon_core.shell:Creating package script '/home/wenjia/CBFRL/gazebo_env/install/tello_gazebo/share/tello_gazebo/package.zsh'
[0.997s] Level 1:colcon.colcon_core.environment:create_file_with_runtime_dependencies(/home/wenjia/CBFRL/gazebo_env/install/tello_gazebo/share/colcon-core/packages/tello_gazebo)
[1.049s] DEBUG:colcon.colcon_core.event_handler.log_command:Invoking command in '/home/wenjia/CBFRL/gazebo_env/src/my_gazebo': CONDA_PROMPT_MODIFIER=(rl) PYTHONPATH=/home/wenjia/CBFRL/gazebo_env/build/my_gazebo/prefix_override:/home/wenjia/miniconda3/envs/rl/lib/python3.10/site-packages/colcon_core/task/python/colcon_distutils_commands:/home/wenjia/CBFRL/gazebo_env/install/my_gazebo/lib/python3.10/site-packages:${PYTHONPATH} /home/wenjia/miniconda3/envs/rl/bin/python3.10 -W ignore:setup.py install is deprecated -W ignore:easy_install command is deprecated setup.py egg_info --egg-base ../../build/my_gazebo build --build-base /home/wenjia/CBFRL/gazebo_env/build/my_gazebo/build install --record /home/wenjia/CBFRL/gazebo_env/build/my_gazebo/install.log --single-version-externally-managed install_data
[1.513s] Level 1:colcon.colcon_core.environment:checking '/home/wenjia/CBFRL/gazebo_env/install/my_gazebo' for CMake module files
[1.514s] DEBUG:colcon.colcon_core.event_handler.log_command:Invoked command in '/home/wenjia/CBFRL/gazebo_env/src/my_gazebo' returned '0': CONDA_PROMPT_MODIFIER=(rl) PYTHONPATH=/home/wenjia/CBFRL/gazebo_env/build/my_gazebo/prefix_override:/home/wenjia/miniconda3/envs/rl/lib/python3.10/site-packages/colcon_core/task/python/colcon_distutils_commands:/home/wenjia/CBFRL/gazebo_env/install/my_gazebo/lib/python3.10/site-packages:${PYTHONPATH} /home/wenjia/miniconda3/envs/rl/bin/python3.10 -W ignore:setup.py install is deprecated -W ignore:easy_install command is deprecated setup.py egg_info --egg-base ../../build/my_gazebo build --build-base /home/wenjia/CBFRL/gazebo_env/build/my_gazebo/build install --record /home/wenjia/CBFRL/gazebo_env/build/my_gazebo/install.log --single-version-externally-managed install_data
[1.514s] Level 1:colcon.colcon_core.environment:checking '/home/wenjia/CBFRL/gazebo_env/install/my_gazebo' for CMake config files
[1.515s] Level 1:colcon.colcon_core.environment:checking '/home/wenjia/CBFRL/gazebo_env/install/my_gazebo/lib'
[1.515s] Level 1:colcon.colcon_core.environment:checking '/home/wenjia/CBFRL/gazebo_env/install/my_gazebo/bin'
[1.515s] Level 1:colcon.colcon_core.environment:checking '/home/wenjia/CBFRL/gazebo_env/install/my_gazebo/lib/pkgconfig/my_gazebo.pc'
[1.515s] Level 1:colcon.colcon_core.environment:checking '/home/wenjia/CBFRL/gazebo_env/install/my_gazebo/lib/python3.10/site-packages'
[1.515s] Level 1:colcon.colcon_core.shell:create_environment_hook('my_gazebo', 'pythonpath')
[1.515s] INFO:colcon.colcon_core.shell:Creating environment hook '/home/wenjia/CBFRL/gazebo_env/install/my_gazebo/share/my_gazebo/hook/pythonpath.ps1'
[1.516s] INFO:colcon.colcon_core.shell:Creating environment descriptor '/home/wenjia/CBFRL/gazebo_env/install/my_gazebo/share/my_gazebo/hook/pythonpath.dsv'
[1.516s] INFO:colcon.colcon_core.shell:Creating environment hook '/home/wenjia/CBFRL/gazebo_env/install/my_gazebo/share/my_gazebo/hook/pythonpath.sh'
[1.517s] Level 1:colcon.colcon_core.environment:checking '/home/wenjia/CBFRL/gazebo_env/install/my_gazebo/bin'
[1.517s] Level 1:colcon.colcon_core.environment:create_environment_scripts_only(my_gazebo)
[1.517s] INFO:colcon.colcon_core.shell:Creating package script '/home/wenjia/CBFRL/gazebo_env/install/my_gazebo/share/my_gazebo/package.ps1'
[1.518s] INFO:colcon.colcon_core.shell:Creating package descriptor '/home/wenjia/CBFRL/gazebo_env/install/my_gazebo/share/my_gazebo/package.dsv'
[1.518s] INFO:colcon.colcon_core.shell:Creating package script '/home/wenjia/CBFRL/gazebo_env/install/my_gazebo/share/my_gazebo/package.sh'
[1.518s] INFO:colcon.colcon_core.shell:Creating package script '/home/wenjia/CBFRL/gazebo_env/install/my_gazebo/share/my_gazebo/package.bash'
[1.519s] INFO:colcon.colcon_core.shell:Creating package script '/home/wenjia/CBFRL/gazebo_env/install/my_gazebo/share/my_gazebo/package.zsh'
[1.519s] Level 1:colcon.colcon_core.environment:create_file_with_runtime_dependencies(/home/wenjia/CBFRL/gazebo_env/install/my_gazebo/share/colcon-core/packages/my_gazebo)
[1.519s] DEBUG:colcon.colcon_parallel_executor.executor.parallel:closing loop
[1.519s] DEBUG:colcon.colcon_parallel_executor.executor.parallel:loop closed
[1.519s] DEBUG:colcon.colcon_parallel_executor.executor.parallel:run_until_complete finished with '0'
[1.519s] DEBUG:colcon.colcon_core.event_reactor:joining thread
[1.523s] INFO:colcon.colcon_core.plugin_system:Skipping extension 'colcon_notification.desktop_notification.notify2': 'notify2' not found
[1.523s] INFO:colcon.colcon_core.plugin_system:Skipping extension 'colcon_notification.desktop_notification.terminal_notifier': Not used on non-Darwin systems
[1.524s] INFO:colcon.colcon_core.plugin_system:Skipping extension 'colcon_notification.desktop_notification.win32': Not used on non-Windows systems
[1.524s] INFO:colcon.colcon_notification.desktop_notification:Sending desktop notification using 'notify_send'
[1.557s] DEBUG:colcon.colcon_core.event_reactor:joined thread
[1.557s] INFO:colcon.colcon_core.shell:Creating prefix script '/home/wenjia/CBFRL/gazebo_env/install/local_setup.ps1'
[1.559s] INFO:colcon.colcon_core.shell:Creating prefix util module '/home/wenjia/CBFRL/gazebo_env/install/_local_setup_util_ps1.py'
[1.561s] INFO:colcon.colcon_core.shell:Creating prefix chain script '/home/wenjia/CBFRL/gazebo_env/install/setup.ps1'
[1.564s] INFO:colcon.colcon_core.shell:Creating prefix script '/home/wenjia/CBFRL/gazebo_env/install/local_setup.sh'
[1.565s] INFO:colcon.colcon_core.shell:Creating prefix util module '/home/wenjia/CBFRL/gazebo_env/install/_local_setup_util_sh.py'
[1.567s] INFO:colcon.colcon_core.shell:Creating prefix chain script '/home/wenjia/CBFRL/gazebo_env/install/setup.sh'
[1.569s] INFO:colcon.colcon_core.shell:Creating prefix script '/home/wenjia/CBFRL/gazebo_env/install/local_setup.bash'
[1.569s] INFO:colcon.colcon_core.shell:Creating prefix chain script '/home/wenjia/CBFRL/gazebo_env/install/setup.bash'
[1.570s] INFO:colcon.colcon_core.shell:Creating prefix script '/home/wenjia/CBFRL/gazebo_env/install/local_setup.zsh'
[1.571s] INFO:colcon.colcon_core.shell:Creating prefix chain script '/home/wenjia/CBFRL/gazebo_env/install/setup.zsh'
