[0.019s] Invoking command in '/home/wenjia/CBFRL/gazebo_env/build/tello_driver': CMAKE_PREFIX_PATH=/home/wenjia/CBFRL/gazebo_env/install/tello_msgs:/home/wenjia/CBFRL/gazebo_env/install/ros2_shared:/home/wenjia/CBFRL/gazebo_env/install/tello_gazebo:/home/wenjia/CBFRL/gazebo_env/install/tello_driver:/home/wenjia/CBFRL/gazebo_env/install/tello_description:/home/wenjia/CBFRL/gazebo_env/install/my_gazebo:/opt/ros/humble CONDA_PROMPT_MODIFIER=(rl) LD_LIBRARY_PATH=/home/wenjia/CBFRL/gazebo_env/install/tello_msgs/lib:/home/wenjia/CBFRL/gazebo_env/install/tello_gazebo/lib:/home/wenjia/CBFRL/gazebo_env/install/tello_driver/lib:/home/bwu/libfranka/build:/usr/lib/x86_64-linux-gnu/gazebo-11/plugins:/opt/ros/humble/opt/rviz_ogre_vendor/lib:/opt/ros/humble/lib/x86_64-linux-gnu:/opt/ros/humble/lib /usr/bin/cmake --build /home/wenjia/CBFRL/gazebo_env/build/tello_driver -- -j16 -l16
[0.084s] [  9%] Built target tello_emulator
[0.087s] [ 18%] Built target tello_joy_node
[0.093s] [ 31%] Built target tello_joy_main
[0.096s] [ 63%] Built target tello_driver_node
[0.100s] [100%] Built target tello_driver_main
[0.114s] Invoked command in '/home/wenjia/CBFRL/gazebo_env/build/tello_driver' returned '0': CMAKE_PREFIX_PATH=/home/wenjia/CBFRL/gazebo_env/install/tello_msgs:/home/wenjia/CBFRL/gazebo_env/install/ros2_shared:/home/wenjia/CBFRL/gazebo_env/install/tello_gazebo:/home/wenjia/CBFRL/gazebo_env/install/tello_driver:/home/wenjia/CBFRL/gazebo_env/install/tello_description:/home/wenjia/CBFRL/gazebo_env/install/my_gazebo:/opt/ros/humble CONDA_PROMPT_MODIFIER=(rl) LD_LIBRARY_PATH=/home/wenjia/CBFRL/gazebo_env/install/tello_msgs/lib:/home/wenjia/CBFRL/gazebo_env/install/tello_gazebo/lib:/home/wenjia/CBFRL/gazebo_env/install/tello_driver/lib:/home/bwu/libfranka/build:/usr/lib/x86_64-linux-gnu/gazebo-11/plugins:/opt/ros/humble/opt/rviz_ogre_vendor/lib:/opt/ros/humble/lib/x86_64-linux-gnu:/opt/ros/humble/lib /usr/bin/cmake --build /home/wenjia/CBFRL/gazebo_env/build/tello_driver -- -j16 -l16
[0.116s] Invoking command in '/home/wenjia/CBFRL/gazebo_env/build/tello_driver': CMAKE_PREFIX_PATH=/home/wenjia/CBFRL/gazebo_env/install/tello_msgs:/home/wenjia/CBFRL/gazebo_env/install/ros2_shared:/home/wenjia/CBFRL/gazebo_env/install/tello_gazebo:/home/wenjia/CBFRL/gazebo_env/install/tello_driver:/home/wenjia/CBFRL/gazebo_env/install/tello_description:/home/wenjia/CBFRL/gazebo_env/install/my_gazebo:/opt/ros/humble CONDA_PROMPT_MODIFIER=(rl) LD_LIBRARY_PATH=/home/wenjia/CBFRL/gazebo_env/install/tello_msgs/lib:/home/wenjia/CBFRL/gazebo_env/install/tello_gazebo/lib:/home/wenjia/CBFRL/gazebo_env/install/tello_driver/lib:/home/bwu/libfranka/build:/usr/lib/x86_64-linux-gnu/gazebo-11/plugins:/opt/ros/humble/opt/rviz_ogre_vendor/lib:/opt/ros/humble/lib/x86_64-linux-gnu:/opt/ros/humble/lib /usr/bin/cmake --install /home/wenjia/CBFRL/gazebo_env/build/tello_driver
[0.127s] -- Install configuration: ""
[0.127s] -- Execute custom install script
[0.127s] -- Up-to-date symlink: /home/wenjia/CBFRL/gazebo_env/install/tello_driver/share/tello_driver/environment/library_path.sh
[0.127s] -- Up-to-date symlink: /home/wenjia/CBFRL/gazebo_env/install/tello_driver/share/tello_driver/environment/library_path.dsv
[0.127s] -- Up-to-date symlink: /home/wenjia/CBFRL/gazebo_env/install/tello_driver/lib/libtello_driver_node.so
[0.127s] -- Up-to-date symlink: /home/wenjia/CBFRL/gazebo_env/install/tello_driver/lib/libtello_joy_node.so
[0.127s] -- Up-to-date symlink: /home/wenjia/CBFRL/gazebo_env/install/tello_driver/lib/tello_driver/tello_driver_main
[0.127s] -- Up-to-date symlink: /home/wenjia/CBFRL/gazebo_env/install/tello_driver/lib/tello_driver/tello_joy_main
[0.127s] -- Up-to-date symlink: /home/wenjia/CBFRL/gazebo_env/install/tello_driver/lib/tello_driver/tello_emulator
[0.127s] -- Up-to-date symlink: /home/wenjia/CBFRL/gazebo_env/install/tello_driver/share/tello_driver/cfg/camera_info.yaml
[0.127s] -- Up-to-date symlink: /home/wenjia/CBFRL/gazebo_env/install/tello_driver/share/tello_driver/launch/emulator_launch.py
[0.128s] -- Up-to-date symlink: /home/wenjia/CBFRL/gazebo_env/install/tello_driver/share/tello_driver/launch/emulators_launch.py
[0.128s] -- Up-to-date symlink: /home/wenjia/CBFRL/gazebo_env/install/tello_driver/share/tello_driver/launch/teleop_launch.py
[0.128s] -- Up-to-date symlink: /home/wenjia/CBFRL/gazebo_env/install/tello_driver/share/ament_index/resource_index/package_run_dependencies/tello_driver
[0.128s] -- Up-to-date symlink: /home/wenjia/CBFRL/gazebo_env/install/tello_driver/share/ament_index/resource_index/parent_prefix_path/tello_driver
[0.128s] -- Up-to-date symlink: /home/wenjia/CBFRL/gazebo_env/install/tello_driver/share/tello_driver/environment/ament_prefix_path.sh
[0.128s] -- Up-to-date symlink: /home/wenjia/CBFRL/gazebo_env/install/tello_driver/share/tello_driver/environment/ament_prefix_path.dsv
[0.128s] -- Up-to-date symlink: /home/wenjia/CBFRL/gazebo_env/install/tello_driver/share/tello_driver/environment/path.sh
[0.128s] -- Up-to-date symlink: /home/wenjia/CBFRL/gazebo_env/install/tello_driver/share/tello_driver/environment/path.dsv
[0.128s] -- Up-to-date symlink: /home/wenjia/CBFRL/gazebo_env/install/tello_driver/share/tello_driver/local_setup.bash
[0.129s] -- Up-to-date symlink: /home/wenjia/CBFRL/gazebo_env/install/tello_driver/share/tello_driver/local_setup.sh
[0.129s] -- Up-to-date symlink: /home/wenjia/CBFRL/gazebo_env/install/tello_driver/share/tello_driver/local_setup.zsh
[0.129s] -- Up-to-date symlink: /home/wenjia/CBFRL/gazebo_env/install/tello_driver/share/tello_driver/local_setup.dsv
[0.129s] -- Symlinking: /home/wenjia/CBFRL/gazebo_env/install/tello_driver/share/tello_driver/package.dsv
[0.142s] -- Up-to-date symlink: /home/wenjia/CBFRL/gazebo_env/install/tello_driver/share/ament_index/resource_index/packages/tello_driver
[0.143s] -- Up-to-date symlink: /home/wenjia/CBFRL/gazebo_env/install/tello_driver/share/ament_index/resource_index/rclcpp_components/tello_driver
[0.143s] -- Up-to-date symlink: /home/wenjia/CBFRL/gazebo_env/install/tello_driver/share/tello_driver/cmake/tello_driverConfig.cmake
[0.143s] -- Up-to-date symlink: /home/wenjia/CBFRL/gazebo_env/install/tello_driver/share/tello_driver/cmake/tello_driverConfig-version.cmake
[0.143s] -- Up-to-date symlink: /home/wenjia/CBFRL/gazebo_env/install/tello_driver/share/tello_driver/package.xml
[0.148s] Invoked command in '/home/wenjia/CBFRL/gazebo_env/build/tello_driver' returned '0': CMAKE_PREFIX_PATH=/home/wenjia/CBFRL/gazebo_env/install/tello_msgs:/home/wenjia/CBFRL/gazebo_env/install/ros2_shared:/home/wenjia/CBFRL/gazebo_env/install/tello_gazebo:/home/wenjia/CBFRL/gazebo_env/install/tello_driver:/home/wenjia/CBFRL/gazebo_env/install/tello_description:/home/wenjia/CBFRL/gazebo_env/install/my_gazebo:/opt/ros/humble CONDA_PROMPT_MODIFIER=(rl) LD_LIBRARY_PATH=/home/wenjia/CBFRL/gazebo_env/install/tello_msgs/lib:/home/wenjia/CBFRL/gazebo_env/install/tello_gazebo/lib:/home/wenjia/CBFRL/gazebo_env/install/tello_driver/lib:/home/bwu/libfranka/build:/usr/lib/x86_64-linux-gnu/gazebo-11/plugins:/opt/ros/humble/opt/rviz_ogre_vendor/lib:/opt/ros/humble/lib/x86_64-linux-gnu:/opt/ros/humble/lib /usr/bin/cmake --install /home/wenjia/CBFRL/gazebo_env/build/tello_driver
