-- Found ament_cmake: 1.3.11 (/opt/ros/humble/share/ament_cmake/cmake)
-- Override CMake install command with custom implementation using symlinks instead of copying resources
[33mCMake Warning (dev) at /usr/share/cmake-3.22/Modules/FindPackageHandleStandardArgs.cmake:438 (message):
  The package name passed to `find_package_handle_standard_args` (PkgConfig)
  does not match the name of the calling package (gazebo).  This can lead to
  problems in calling code that expects `find_package` result variables
  (e.g., `_FOUND`) to follow a certain pattern.
Call Stack (most recent call first):
  /usr/share/cmake-3.22/Modules/FindPkgConfig.cmake:99 (find_package_handle_standard_args)
  /usr/lib/x86_64-linux-gnu/cmake/gazebo/gazebo-config.cmake:72 (include)
  CMakeLists.txt:27 (find_package)
This warning is for project developers.  Use -Wno-dev to suppress it.
[0m
-- Found DART: /usr/include (Required is at least version "6.6") found components: dart 
-- Found Protobuf: /usr/lib/x86_64-linux-gnu/libprotobuf.so (found version "3.12.4") 
-- Looking for ignition-math6 -- found version 6.15.1
-- Searching for dependencies of ignition-math6
-- Looking for OGRE...
-- Found Ogre Ghadamon (1.9.0)
-- Found OGRE: optimized;/usr/lib/x86_64-linux-gnu/libOgreMain.so;debug;/usr/lib/x86_64-linux-gnu/libOgreMain.so
-- Looking for OGRE_Paging...
-- Found OGRE_Paging: optimized;/usr/lib/x86_64-linux-gnu/libOgrePaging.so;debug;/usr/lib/x86_64-linux-gnu/libOgrePaging.so
-- Looking for OGRE_Terrain...
-- Found OGRE_Terrain: optimized;/usr/lib/x86_64-linux-gnu/libOgreTerrain.so;debug;/usr/lib/x86_64-linux-gnu/libOgreTerrain.so
-- Looking for OGRE_Property...
-- Found OGRE_Property: optimized;/usr/lib/x86_64-linux-gnu/libOgreProperty.so;debug;/usr/lib/x86_64-linux-gnu/libOgreProperty.so
-- Looking for OGRE_RTShaderSystem...
-- Found OGRE_RTShaderSystem: optimized;/usr/lib/x86_64-linux-gnu/libOgreRTShaderSystem.so;debug;/usr/lib/x86_64-linux-gnu/libOgreRTShaderSystem.so
-- Looking for OGRE_Volume...
-- Found OGRE_Volume: optimized;/usr/lib/x86_64-linux-gnu/libOgreVolume.so;debug;/usr/lib/x86_64-linux-gnu/libOgreVolume.so
-- Looking for OGRE_Overlay...
-- Found OGRE_Overlay: optimized;/usr/lib/x86_64-linux-gnu/libOgreOverlay.so;debug;/usr/lib/x86_64-linux-gnu/libOgreOverlay.so
-- Looking for ignition-math6 -- found version 6.15.1
-- Looking for ignition-transport8 -- found version 8.2.1
-- Searching for dependencies of ignition-transport8
-- Found Protobuf: /usr/lib/x86_64-linux-gnu/libprotobuf.so (found suitable version "3.12.4", minimum required is "3") 
-- Config-file not installed for ZeroMQ -- checking for pkg-config
-- Checking for module 'libzmq >= 4'
--   Found libzmq , version 4.3.4
-- Checking for module 'uuid'
--   Found uuid, version 2.37.2
-- Looking for ignition-msgs5 -- found version 5.8.1
-- Searching for dependencies of ignition-msgs5
-- Looking for ignition-math6 -- found version 6.15.1
-- Checking for module 'tinyxml2'
--   Found tinyxml2, version 9.0.0
-- Looking for ignition-msgs5 -- found version 5.8.1
-- Looking for ignition-common3 -- found version 3.14.0
-- Searching for dependencies of ignition-common3
-- Looking for dlfcn.h - found
-- Looking for libdl - found
-- Searching for <ignition-common3> component [graphics]
-- Looking for ignition-common3-graphics -- found version 3.14.0
-- Searching for dependencies of ignition-common3-graphics
-- Looking for ignition-math6 -- found version 6.15.1
-- Looking for ignition-fuel_tools4 -- found version 4.4.0
-- Searching for dependencies of ignition-fuel_tools4
-- Checking for module 'jsoncpp'
--   Found jsoncpp, version 1.9.5
-- Checking for module 'libzip'
--   Found libzip, version 1.7.3
-- Looking for ignition-common3 -- found version 3.14.0
-- Looking for ignition-math6 -- found version 6.15.1
-- Looking for ignition-msgs5 -- found version 5.8.1
-- Found gazebo_dev: 3.9.0 (/opt/ros/humble/share/gazebo_dev/cmake)
-- Gazebo version: 11.10
-- Found gazebo_ros: 3.9.0 (/opt/ros/humble/share/gazebo_ros/cmake)
-- Found rosidl_generator_c: 3.1.6 (/opt/ros/humble/share/rosidl_generator_c/cmake)
-- Found rosidl_adapter: 3.1.6 (/opt/ros/humble/share/rosidl_adapter/cmake)
-- Found rosidl_generator_cpp: 3.1.6 (/opt/ros/humble/share/rosidl_generator_cpp/cmake)
-- Using all available rosidl_typesupport_c: rosidl_typesupport_fastrtps_c;rosidl_typesupport_introspection_c
-- Using all available rosidl_typesupport_cpp: rosidl_typesupport_fastrtps_cpp;rosidl_typesupport_introspection_cpp
-- Found rmw_implementation_cmake: 6.1.2 (/opt/ros/humble/share/rmw_implementation_cmake/cmake)
-- Found rmw_fastrtps_cpp: 6.2.7 (/opt/ros/humble/share/rmw_fastrtps_cpp/cmake)
-- Using RMW implementation 'rmw_fastrtps_cpp' as default
-- Found geometry_msgs: 4.2.4 (/opt/ros/humble/share/geometry_msgs/cmake)
-- Found sensor_msgs: 4.2.4 (/opt/ros/humble/share/sensor_msgs/cmake)
-- Found tello_msgs: 0.1.0 (/home/wenjia/CBFRL/gazebo_env/install/tello_msgs/share/tello_msgs/cmake)
-- Configuring done
-- Generating done
-- Build files have been written to: /home/wenjia/CBFRL/gazebo_env/build/tello_gazebo
[35m[1mConsolidate compiler generated dependencies of target TelloPlugin[0m
[100%] Built target TelloPlugin
-- Install configuration: ""
-- Execute custom install script
-- Up-to-date symlink: /home/wenjia/CBFRL/gazebo_env/install/tello_gazebo/lib/libTelloPlugin.so
-- Up-to-date symlink: /home/wenjia/CBFRL/gazebo_env/install/tello_gazebo/share/tello_gazebo/models/marker_0/materials/scripts/marker_0.material
-- Up-to-date symlink: /home/wenjia/CBFRL/gazebo_env/install/tello_gazebo/share/tello_gazebo/models/marker_0/materials/textures/aruco_mark_0.png
-- Up-to-date symlink: /home/wenjia/CBFRL/gazebo_env/install/tello_gazebo/share/tello_gazebo/models/marker_0/materials/textures/aruco_mark_0.svg
-- Up-to-date symlink: /home/wenjia/CBFRL/gazebo_env/install/tello_gazebo/share/tello_gazebo/models/marker_0/model.config
-- Up-to-date symlink: /home/wenjia/CBFRL/gazebo_env/install/tello_gazebo/share/tello_gazebo/models/marker_0/model.sdf
-- Up-to-date symlink: /home/wenjia/CBFRL/gazebo_env/install/tello_gazebo/share/tello_gazebo/models/marker_1/materials/scripts/marker_1.material
-- Up-to-date symlink: /home/wenjia/CBFRL/gazebo_env/install/tello_gazebo/share/tello_gazebo/models/marker_1/materials/textures/aruco_mark_1.png
-- Up-to-date symlink: /home/wenjia/CBFRL/gazebo_env/install/tello_gazebo/share/tello_gazebo/models/marker_1/materials/textures/aruco_mark_1.svg
-- Up-to-date symlink: /home/wenjia/CBFRL/gazebo_env/install/tello_gazebo/share/tello_gazebo/models/marker_1/model.config
-- Up-to-date symlink: /home/wenjia/CBFRL/gazebo_env/install/tello_gazebo/share/tello_gazebo/models/marker_1/model.sdf
-- Up-to-date symlink: /home/wenjia/CBFRL/gazebo_env/install/tello_gazebo/share/tello_gazebo/models/marker_2/materials/scripts/marker_2.material
-- Up-to-date symlink: /home/wenjia/CBFRL/gazebo_env/install/tello_gazebo/share/tello_gazebo/models/marker_2/materials/textures/aruco_mark_2.png
-- Up-to-date symlink: /home/wenjia/CBFRL/gazebo_env/install/tello_gazebo/share/tello_gazebo/models/marker_2/materials/textures/aruco_mark_2.svg
-- Up-to-date symlink: /home/wenjia/CBFRL/gazebo_env/install/tello_gazebo/share/tello_gazebo/models/marker_2/model.config
-- Up-to-date symlink: /home/wenjia/CBFRL/gazebo_env/install/tello_gazebo/share/tello_gazebo/models/marker_2/model.sdf
-- Up-to-date symlink: /home/wenjia/CBFRL/gazebo_env/install/tello_gazebo/share/tello_gazebo/models/marker_3/materials/scripts/marker_3.material
-- Up-to-date symlink: /home/wenjia/CBFRL/gazebo_env/install/tello_gazebo/share/tello_gazebo/models/marker_3/materials/textures/aruco_mark_3.png
-- Up-to-date symlink: /home/wenjia/CBFRL/gazebo_env/install/tello_gazebo/share/tello_gazebo/models/marker_3/materials/textures/aruco_mark_3.svg
-- Up-to-date symlink: /home/wenjia/CBFRL/gazebo_env/install/tello_gazebo/share/tello_gazebo/models/marker_3/model.config
-- Up-to-date symlink: /home/wenjia/CBFRL/gazebo_env/install/tello_gazebo/share/tello_gazebo/models/marker_3/model.sdf
-- Up-to-date symlink: /home/wenjia/CBFRL/gazebo_env/install/tello_gazebo/share/tello_gazebo/models/marker_4/materials/scripts/marker_4.material
-- Up-to-date symlink: /home/wenjia/CBFRL/gazebo_env/install/tello_gazebo/share/tello_gazebo/models/marker_4/materials/textures/aruco_mark_4.png
-- Up-to-date symlink: /home/wenjia/CBFRL/gazebo_env/install/tello_gazebo/share/tello_gazebo/models/marker_4/materials/textures/aruco_mark_4.svg
-- Up-to-date symlink: /home/wenjia/CBFRL/gazebo_env/install/tello_gazebo/share/tello_gazebo/models/marker_4/model.config
-- Up-to-date symlink: /home/wenjia/CBFRL/gazebo_env/install/tello_gazebo/share/tello_gazebo/models/marker_4/model.sdf
-- Up-to-date symlink: /home/wenjia/CBFRL/gazebo_env/install/tello_gazebo/share/tello_gazebo/models/marker_5/materials/scripts/marker_5.material
-- Up-to-date symlink: /home/wenjia/CBFRL/gazebo_env/install/tello_gazebo/share/tello_gazebo/models/marker_5/materials/textures/aruco_mark_5.png
-- Up-to-date symlink: /home/wenjia/CBFRL/gazebo_env/install/tello_gazebo/share/tello_gazebo/models/marker_5/materials/textures/aruco_mark_5.svg
-- Up-to-date symlink: /home/wenjia/CBFRL/gazebo_env/install/tello_gazebo/share/tello_gazebo/models/marker_5/model.config
-- Up-to-date symlink: /home/wenjia/CBFRL/gazebo_env/install/tello_gazebo/share/tello_gazebo/models/marker_5/model.sdf
-- Up-to-date symlink: /home/wenjia/CBFRL/gazebo_env/install/tello_gazebo/share/tello_gazebo/models/marker_6/materials/scripts/marker_6.material
-- Up-to-date symlink: /home/wenjia/CBFRL/gazebo_env/install/tello_gazebo/share/tello_gazebo/models/marker_6/materials/textures/aruco_mark_6.png
-- Up-to-date symlink: /home/wenjia/CBFRL/gazebo_env/install/tello_gazebo/share/tello_gazebo/models/marker_6/materials/textures/aruco_mark_6.svg
-- Up-to-date symlink: /home/wenjia/CBFRL/gazebo_env/install/tello_gazebo/share/tello_gazebo/models/marker_6/model.config
-- Up-to-date symlink: /home/wenjia/CBFRL/gazebo_env/install/tello_gazebo/share/tello_gazebo/models/marker_6/model.sdf
-- Up-to-date symlink: /home/wenjia/CBFRL/gazebo_env/install/tello_gazebo/share/tello_gazebo/models/marker_7/materials/scripts/marker_7.material
-- Up-to-date symlink: /home/wenjia/CBFRL/gazebo_env/install/tello_gazebo/share/tello_gazebo/models/marker_7/materials/textures/aruco_mark_7.png
-- Up-to-date symlink: /home/wenjia/CBFRL/gazebo_env/install/tello_gazebo/share/tello_gazebo/models/marker_7/materials/textures/aruco_mark_7.svg
-- Up-to-date symlink: /home/wenjia/CBFRL/gazebo_env/install/tello_gazebo/share/tello_gazebo/models/marker_7/model.config
-- Up-to-date symlink: /home/wenjia/CBFRL/gazebo_env/install/tello_gazebo/share/tello_gazebo/models/marker_7/model.sdf
-- Up-to-date symlink: /home/wenjia/CBFRL/gazebo_env/install/tello_gazebo/share/tello_gazebo/worlds/build_world.py
-- Up-to-date symlink: /home/wenjia/CBFRL/gazebo_env/install/tello_gazebo/share/tello_gazebo/worlds/f2.world
-- Up-to-date symlink: /home/wenjia/CBFRL/gazebo_env/install/tello_gazebo/share/tello_gazebo/worlds/f2_map.yaml
-- Up-to-date symlink: /home/wenjia/CBFRL/gazebo_env/install/tello_gazebo/share/tello_gazebo/worlds/fiducial.world
-- Up-to-date symlink: /home/wenjia/CBFRL/gazebo_env/install/tello_gazebo/share/tello_gazebo/worlds/fiducial_map.yaml
-- Up-to-date symlink: /home/wenjia/CBFRL/gazebo_env/install/tello_gazebo/share/tello_gazebo/worlds/simple.world
-- Up-to-date symlink: /home/wenjia/CBFRL/gazebo_env/install/tello_gazebo/share/tello_gazebo/launch/__pycache__/vlam_launch.cpython-38.pyc
-- Up-to-date symlink: /home/wenjia/CBFRL/gazebo_env/install/tello_gazebo/share/tello_gazebo/launch/multiple_drones.py
-- Up-to-date symlink: /home/wenjia/CBFRL/gazebo_env/install/tello_gazebo/share/tello_gazebo/launch/simple_launch.py
-- Up-to-date symlink: /home/wenjia/CBFRL/gazebo_env/install/tello_gazebo/share/tello_gazebo/launch/vlam_launch.py
-- Up-to-date symlink: /home/wenjia/CBFRL/gazebo_env/install/tello_gazebo/lib/tello_gazebo/inject_entity.py
-- Up-to-date symlink: /home/wenjia/CBFRL/gazebo_env/install/tello_gazebo/share/ament_index/resource_index/package_run_dependencies/tello_gazebo
-- Up-to-date symlink: /home/wenjia/CBFRL/gazebo_env/install/tello_gazebo/share/ament_index/resource_index/parent_prefix_path/tello_gazebo
-- Up-to-date symlink: /home/wenjia/CBFRL/gazebo_env/install/tello_gazebo/share/tello_gazebo/environment/ament_prefix_path.sh
-- Up-to-date symlink: /home/wenjia/CBFRL/gazebo_env/install/tello_gazebo/share/tello_gazebo/environment/ament_prefix_path.dsv
-- Up-to-date symlink: /home/wenjia/CBFRL/gazebo_env/install/tello_gazebo/share/tello_gazebo/environment/path.sh
-- Up-to-date symlink: /home/wenjia/CBFRL/gazebo_env/install/tello_gazebo/share/tello_gazebo/environment/path.dsv
-- Up-to-date symlink: /home/wenjia/CBFRL/gazebo_env/install/tello_gazebo/share/tello_gazebo/local_setup.bash
-- Up-to-date symlink: /home/wenjia/CBFRL/gazebo_env/install/tello_gazebo/share/tello_gazebo/local_setup.sh
-- Up-to-date symlink: /home/wenjia/CBFRL/gazebo_env/install/tello_gazebo/share/tello_gazebo/local_setup.zsh
-- Up-to-date symlink: /home/wenjia/CBFRL/gazebo_env/install/tello_gazebo/share/tello_gazebo/local_setup.dsv
-- Symlinking: /home/wenjia/CBFRL/gazebo_env/install/tello_gazebo/share/tello_gazebo/package.dsv
-- Up-to-date symlink: /home/wenjia/CBFRL/gazebo_env/install/tello_gazebo/share/ament_index/resource_index/packages/tello_gazebo
-- Up-to-date symlink: /home/wenjia/CBFRL/gazebo_env/install/tello_gazebo/share/tello_gazebo/cmake/tello_gazeboConfig.cmake
-- Up-to-date symlink: /home/wenjia/CBFRL/gazebo_env/install/tello_gazebo/share/tello_gazebo/cmake/tello_gazeboConfig-version.cmake
-- Up-to-date symlink: /home/wenjia/CBFRL/gazebo_env/install/tello_gazebo/share/tello_gazebo/package.xml
