[0.019s] Invoking command in '/home/wenjia/CBFRL/gazebo_env/build/tello_gazebo': AMENT_PREFIX_PATH=/home/wenjia/CBFRL/gazebo_env/install/tello_msgs:${AMENT_PREFIX_PATH} CMAKE_PREFIX_PATH=/home/wenjia/CBFRL/gazebo_env/install/tello_msgs:/opt/ros/humble CONDA_PROMPT_MODIFIER=(rl) LD_LIBRARY_PATH=/home/wenjia/CBFRL/gazebo_env/install/tello_msgs/lib:${LD_LIBRARY_PATH} PYTHONPATH=/home/wenjia/CBFRL/gazebo_env/install/tello_msgs/local/lib/python3.10/dist-packages:${PYTHONPATH} /usr/bin/cmake /home/wenjia/CBFRL/gazebo_env/src/tello-ros2-gazebo/tello_ros/tello_gazebo -DCMAKE_INSTALL_PREFIX=/home/wenjia/CBFRL/gazebo_env/install/tello_gazebo
[0.032s] -- Found ament_cmake: 1.3.11 (/opt/ros/humble/share/ament_cmake/cmake)
[0.201s] -- Override CMake install command with custom implementation using symlinks instead of copying resources
[0.214s] [33mCMake Warning (dev) at /usr/share/cmake-3.22/Modules/FindPackageHandleStandardArgs.cmake:438 (message):
[0.214s]   The package name passed to `find_package_handle_standard_args` (PkgConfig)
[0.214s]   does not match the name of the calling package (gazebo).  This can lead to
[0.214s]   problems in calling code that expects `find_package` result variables
[0.214s]   (e.g., `_FOUND`) to follow a certain pattern.
[0.214s] Call Stack (most recent call first):
[0.214s]   /usr/share/cmake-3.22/Modules/FindPkgConfig.cmake:99 (find_package_handle_standard_args)
[0.214s]   /usr/lib/x86_64-linux-gnu/cmake/gazebo/gazebo-config.cmake:72 (include)
[0.214s]   CMakeLists.txt:27 (find_package)
[0.214s] This warning is for project developers.  Use -Wno-dev to suppress it.
[0.215s] [0m
[0.250s] -- Found DART: /usr/include (Required is at least version "6.6") found components: dart 
[0.296s] -- Found Protobuf: /usr/lib/x86_64-linux-gnu/libprotobuf.so (found version "3.12.4") 
[0.300s] -- Looking for ignition-math6 -- found version 6.15.1
[0.310s] -- Searching for dependencies of ignition-math6
[0.313s] -- Looking for OGRE...
[0.319s] -- Found Ogre Ghadamon (1.9.0)
[0.320s] -- Found OGRE: optimized;/usr/lib/x86_64-linux-gnu/libOgreMain.so;debug;/usr/lib/x86_64-linux-gnu/libOgreMain.so
[0.328s] -- Looking for OGRE_Paging...
[0.328s] -- Found OGRE_Paging: optimized;/usr/lib/x86_64-linux-gnu/libOgrePaging.so;debug;/usr/lib/x86_64-linux-gnu/libOgrePaging.so
[0.329s] -- Looking for OGRE_Terrain...
[0.329s] -- Found OGRE_Terrain: optimized;/usr/lib/x86_64-linux-gnu/libOgreTerrain.so;debug;/usr/lib/x86_64-linux-gnu/libOgreTerrain.so
[0.329s] -- Looking for OGRE_Property...
[0.329s] -- Found OGRE_Property: optimized;/usr/lib/x86_64-linux-gnu/libOgreProperty.so;debug;/usr/lib/x86_64-linux-gnu/libOgreProperty.so
[0.329s] -- Looking for OGRE_RTShaderSystem...
[0.329s] -- Found OGRE_RTShaderSystem: optimized;/usr/lib/x86_64-linux-gnu/libOgreRTShaderSystem.so;debug;/usr/lib/x86_64-linux-gnu/libOgreRTShaderSystem.so
[0.329s] -- Looking for OGRE_Volume...
[0.330s] -- Found OGRE_Volume: optimized;/usr/lib/x86_64-linux-gnu/libOgreVolume.so;debug;/usr/lib/x86_64-linux-gnu/libOgreVolume.so
[0.330s] -- Looking for OGRE_Overlay...
[0.330s] -- Found OGRE_Overlay: optimized;/usr/lib/x86_64-linux-gnu/libOgreOverlay.so;debug;/usr/lib/x86_64-linux-gnu/libOgreOverlay.so
[0.493s] -- Looking for ignition-math6 -- found version 6.15.1
[0.494s] -- Looking for ignition-transport8 -- found version 8.2.1
[0.494s] -- Searching for dependencies of ignition-transport8
[0.520s] -- Found Protobuf: /usr/lib/x86_64-linux-gnu/libprotobuf.so (found suitable version "3.12.4", minimum required is "3") 
[0.534s] -- Config-file not installed for ZeroMQ -- checking for pkg-config
[0.541s] -- Checking for module 'libzmq >= 4'
[0.562s] --   Found libzmq , version 4.3.4
[0.622s] -- Checking for module 'uuid'
[0.639s] --   Found uuid, version 2.37.2
[0.678s] -- Looking for ignition-msgs5 -- found version 5.8.1
[0.678s] -- Searching for dependencies of ignition-msgs5
[0.700s] -- Looking for ignition-math6 -- found version 6.15.1
[0.707s] -- Checking for module 'tinyxml2'
[0.725s] --   Found tinyxml2, version 9.0.0
[0.776s] -- Looking for ignition-msgs5 -- found version 5.8.1
[0.777s] -- Looking for ignition-common3 -- found version 3.14.0
[0.777s] -- Searching for dependencies of ignition-common3
[0.777s] -- Looking for dlfcn.h - found
[0.777s] -- Looking for libdl - found
[0.792s] -- Searching for <ignition-common3> component [graphics]
[0.793s] -- Looking for ignition-common3-graphics -- found version 3.14.0
[0.793s] -- Searching for dependencies of ignition-common3-graphics
[0.794s] -- Looking for ignition-math6 -- found version 6.15.1
[0.795s] -- Looking for ignition-fuel_tools4 -- found version 4.4.0
[0.796s] -- Searching for dependencies of ignition-fuel_tools4
[0.845s] -- Checking for module 'jsoncpp'
[0.864s] --   Found jsoncpp, version 1.9.5
[0.917s] -- Checking for module 'libzip'
[0.938s] --   Found libzip, version 1.7.3
[0.991s] -- Looking for ignition-common3 -- found version 3.14.0
[0.991s] -- Looking for ignition-math6 -- found version 6.15.1
[0.992s] -- Looking for ignition-msgs5 -- found version 5.8.1
[0.995s] -- Found gazebo_dev: 3.9.0 (/opt/ros/humble/share/gazebo_dev/cmake)
[0.996s] -- Gazebo version: 11.10
[0.997s] -- Found gazebo_ros: 3.9.0 (/opt/ros/humble/share/gazebo_ros/cmake)
[1.035s] -- Found rosidl_generator_c: 3.1.6 (/opt/ros/humble/share/rosidl_generator_c/cmake)
[1.039s] -- Found rosidl_adapter: 3.1.6 (/opt/ros/humble/share/rosidl_adapter/cmake)
[1.046s] -- Found rosidl_generator_cpp: 3.1.6 (/opt/ros/humble/share/rosidl_generator_cpp/cmake)
[1.056s] -- Using all available rosidl_typesupport_c: rosidl_typesupport_fastrtps_c;rosidl_typesupport_introspection_c
[1.067s] -- Using all available rosidl_typesupport_cpp: rosidl_typesupport_fastrtps_cpp;rosidl_typesupport_introspection_cpp
[1.097s] -- Found rmw_implementation_cmake: 6.1.2 (/opt/ros/humble/share/rmw_implementation_cmake/cmake)
[1.098s] -- Found rmw_fastrtps_cpp: 6.2.7 (/opt/ros/humble/share/rmw_fastrtps_cpp/cmake)
[1.221s] -- Using RMW implementation 'rmw_fastrtps_cpp' as default
[1.274s] -- Found geometry_msgs: 4.2.4 (/opt/ros/humble/share/geometry_msgs/cmake)
[1.287s] -- Found sensor_msgs: 4.2.4 (/opt/ros/humble/share/sensor_msgs/cmake)
[1.304s] -- Found tello_msgs: 0.1.0 (/home/wenjia/CBFRL/gazebo_env/install/tello_msgs/share/tello_msgs/cmake)
[1.389s] -- Configuring done
[1.421s] -- Generating done
[1.427s] -- Build files have been written to: /home/wenjia/CBFRL/gazebo_env/build/tello_gazebo
[1.437s] Invoked command in '/home/wenjia/CBFRL/gazebo_env/build/tello_gazebo' returned '0': AMENT_PREFIX_PATH=/home/wenjia/CBFRL/gazebo_env/install/tello_msgs:${AMENT_PREFIX_PATH} CMAKE_PREFIX_PATH=/home/wenjia/CBFRL/gazebo_env/install/tello_msgs:/opt/ros/humble CONDA_PROMPT_MODIFIER=(rl) LD_LIBRARY_PATH=/home/wenjia/CBFRL/gazebo_env/install/tello_msgs/lib:${LD_LIBRARY_PATH} PYTHONPATH=/home/wenjia/CBFRL/gazebo_env/install/tello_msgs/local/lib/python3.10/dist-packages:${PYTHONPATH} /usr/bin/cmake /home/wenjia/CBFRL/gazebo_env/src/tello-ros2-gazebo/tello_ros/tello_gazebo -DCMAKE_INSTALL_PREFIX=/home/wenjia/CBFRL/gazebo_env/install/tello_gazebo
[1.440s] Invoking command in '/home/wenjia/CBFRL/gazebo_env/build/tello_gazebo': AMENT_PREFIX_PATH=/home/wenjia/CBFRL/gazebo_env/install/tello_msgs:${AMENT_PREFIX_PATH} CMAKE_PREFIX_PATH=/home/wenjia/CBFRL/gazebo_env/install/tello_msgs:/opt/ros/humble CONDA_PROMPT_MODIFIER=(rl) LD_LIBRARY_PATH=/home/wenjia/CBFRL/gazebo_env/install/tello_msgs/lib:${LD_LIBRARY_PATH} PYTHONPATH=/home/wenjia/CBFRL/gazebo_env/install/tello_msgs/local/lib/python3.10/dist-packages:${PYTHONPATH} /usr/bin/cmake --build /home/wenjia/CBFRL/gazebo_env/build/tello_gazebo -- -j16 -l16
[1.500s] [35m[1mConsolidate compiler generated dependencies of target TelloPlugin[0m
[1.584s] [100%] Built target TelloPlugin
[1.597s] Invoked command in '/home/wenjia/CBFRL/gazebo_env/build/tello_gazebo' returned '0': AMENT_PREFIX_PATH=/home/wenjia/CBFRL/gazebo_env/install/tello_msgs:${AMENT_PREFIX_PATH} CMAKE_PREFIX_PATH=/home/wenjia/CBFRL/gazebo_env/install/tello_msgs:/opt/ros/humble CONDA_PROMPT_MODIFIER=(rl) LD_LIBRARY_PATH=/home/wenjia/CBFRL/gazebo_env/install/tello_msgs/lib:${LD_LIBRARY_PATH} PYTHONPATH=/home/wenjia/CBFRL/gazebo_env/install/tello_msgs/local/lib/python3.10/dist-packages:${PYTHONPATH} /usr/bin/cmake --build /home/wenjia/CBFRL/gazebo_env/build/tello_gazebo -- -j16 -l16
[1.599s] Invoking command in '/home/wenjia/CBFRL/gazebo_env/build/tello_gazebo': AMENT_PREFIX_PATH=/home/wenjia/CBFRL/gazebo_env/install/tello_msgs:${AMENT_PREFIX_PATH} CMAKE_PREFIX_PATH=/home/wenjia/CBFRL/gazebo_env/install/tello_msgs:/opt/ros/humble CONDA_PROMPT_MODIFIER=(rl) LD_LIBRARY_PATH=/home/wenjia/CBFRL/gazebo_env/install/tello_msgs/lib:${LD_LIBRARY_PATH} PYTHONPATH=/home/wenjia/CBFRL/gazebo_env/install/tello_msgs/local/lib/python3.10/dist-packages:${PYTHONPATH} /usr/bin/cmake --install /home/wenjia/CBFRL/gazebo_env/build/tello_gazebo
[1.609s] -- Install configuration: ""
[1.609s] -- Execute custom install script
[1.610s] -- Up-to-date symlink: /home/wenjia/CBFRL/gazebo_env/install/tello_gazebo/lib/libTelloPlugin.so
[1.611s] -- Up-to-date symlink: /home/wenjia/CBFRL/gazebo_env/install/tello_gazebo/share/tello_gazebo/models/marker_0/materials/scripts/marker_0.material
[1.611s] -- Up-to-date symlink: /home/wenjia/CBFRL/gazebo_env/install/tello_gazebo/share/tello_gazebo/models/marker_0/materials/textures/aruco_mark_0.png
[1.611s] -- Up-to-date symlink: /home/wenjia/CBFRL/gazebo_env/install/tello_gazebo/share/tello_gazebo/models/marker_0/materials/textures/aruco_mark_0.svg
[1.611s] -- Up-to-date symlink: /home/wenjia/CBFRL/gazebo_env/install/tello_gazebo/share/tello_gazebo/models/marker_0/model.config
[1.611s] -- Up-to-date symlink: /home/wenjia/CBFRL/gazebo_env/install/tello_gazebo/share/tello_gazebo/models/marker_0/model.sdf
[1.611s] -- Up-to-date symlink: /home/wenjia/CBFRL/gazebo_env/install/tello_gazebo/share/tello_gazebo/models/marker_1/materials/scripts/marker_1.material
[1.611s] -- Up-to-date symlink: /home/wenjia/CBFRL/gazebo_env/install/tello_gazebo/share/tello_gazebo/models/marker_1/materials/textures/aruco_mark_1.png
[1.612s] -- Up-to-date symlink: /home/wenjia/CBFRL/gazebo_env/install/tello_gazebo/share/tello_gazebo/models/marker_1/materials/textures/aruco_mark_1.svg
[1.612s] -- Up-to-date symlink: /home/wenjia/CBFRL/gazebo_env/install/tello_gazebo/share/tello_gazebo/models/marker_1/model.config
[1.612s] -- Up-to-date symlink: /home/wenjia/CBFRL/gazebo_env/install/tello_gazebo/share/tello_gazebo/models/marker_1/model.sdf
[1.612s] -- Up-to-date symlink: /home/wenjia/CBFRL/gazebo_env/install/tello_gazebo/share/tello_gazebo/models/marker_2/materials/scripts/marker_2.material
[1.612s] -- Up-to-date symlink: /home/wenjia/CBFRL/gazebo_env/install/tello_gazebo/share/tello_gazebo/models/marker_2/materials/textures/aruco_mark_2.png
[1.612s] -- Up-to-date symlink: /home/wenjia/CBFRL/gazebo_env/install/tello_gazebo/share/tello_gazebo/models/marker_2/materials/textures/aruco_mark_2.svg
[1.612s] -- Up-to-date symlink: /home/wenjia/CBFRL/gazebo_env/install/tello_gazebo/share/tello_gazebo/models/marker_2/model.config
[1.612s] -- Up-to-date symlink: /home/wenjia/CBFRL/gazebo_env/install/tello_gazebo/share/tello_gazebo/models/marker_2/model.sdf
[1.613s] -- Up-to-date symlink: /home/wenjia/CBFRL/gazebo_env/install/tello_gazebo/share/tello_gazebo/models/marker_3/materials/scripts/marker_3.material
[1.613s] -- Up-to-date symlink: /home/wenjia/CBFRL/gazebo_env/install/tello_gazebo/share/tello_gazebo/models/marker_3/materials/textures/aruco_mark_3.png
[1.613s] -- Up-to-date symlink: /home/wenjia/CBFRL/gazebo_env/install/tello_gazebo/share/tello_gazebo/models/marker_3/materials/textures/aruco_mark_3.svg
[1.613s] -- Up-to-date symlink: /home/wenjia/CBFRL/gazebo_env/install/tello_gazebo/share/tello_gazebo/models/marker_3/model.config
[1.613s] -- Up-to-date symlink: /home/wenjia/CBFRL/gazebo_env/install/tello_gazebo/share/tello_gazebo/models/marker_3/model.sdf
[1.613s] -- Up-to-date symlink: /home/wenjia/CBFRL/gazebo_env/install/tello_gazebo/share/tello_gazebo/models/marker_4/materials/scripts/marker_4.material
[1.613s] -- Up-to-date symlink: /home/wenjia/CBFRL/gazebo_env/install/tello_gazebo/share/tello_gazebo/models/marker_4/materials/textures/aruco_mark_4.png
[1.614s] -- Up-to-date symlink: /home/wenjia/CBFRL/gazebo_env/install/tello_gazebo/share/tello_gazebo/models/marker_4/materials/textures/aruco_mark_4.svg
[1.614s] -- Up-to-date symlink: /home/wenjia/CBFRL/gazebo_env/install/tello_gazebo/share/tello_gazebo/models/marker_4/model.config
[1.614s] -- Up-to-date symlink: /home/wenjia/CBFRL/gazebo_env/install/tello_gazebo/share/tello_gazebo/models/marker_4/model.sdf
[1.614s] -- Up-to-date symlink: /home/wenjia/CBFRL/gazebo_env/install/tello_gazebo/share/tello_gazebo/models/marker_5/materials/scripts/marker_5.material
[1.614s] -- Up-to-date symlink: /home/wenjia/CBFRL/gazebo_env/install/tello_gazebo/share/tello_gazebo/models/marker_5/materials/textures/aruco_mark_5.png
[1.614s] -- Up-to-date symlink: /home/wenjia/CBFRL/gazebo_env/install/tello_gazebo/share/tello_gazebo/models/marker_5/materials/textures/aruco_mark_5.svg
[1.615s] -- Up-to-date symlink: /home/wenjia/CBFRL/gazebo_env/install/tello_gazebo/share/tello_gazebo/models/marker_5/model.config
[1.615s] -- Up-to-date symlink: /home/wenjia/CBFRL/gazebo_env/install/tello_gazebo/share/tello_gazebo/models/marker_5/model.sdf
[1.615s] -- Up-to-date symlink: /home/wenjia/CBFRL/gazebo_env/install/tello_gazebo/share/tello_gazebo/models/marker_6/materials/scripts/marker_6.material
[1.615s] -- Up-to-date symlink: /home/wenjia/CBFRL/gazebo_env/install/tello_gazebo/share/tello_gazebo/models/marker_6/materials/textures/aruco_mark_6.png
[1.615s] -- Up-to-date symlink: /home/wenjia/CBFRL/gazebo_env/install/tello_gazebo/share/tello_gazebo/models/marker_6/materials/textures/aruco_mark_6.svg
[1.615s] -- Up-to-date symlink: /home/wenjia/CBFRL/gazebo_env/install/tello_gazebo/share/tello_gazebo/models/marker_6/model.config
[1.615s] -- Up-to-date symlink: /home/wenjia/CBFRL/gazebo_env/install/tello_gazebo/share/tello_gazebo/models/marker_6/model.sdf
[1.616s] -- Up-to-date symlink: /home/wenjia/CBFRL/gazebo_env/install/tello_gazebo/share/tello_gazebo/models/marker_7/materials/scripts/marker_7.material
[1.616s] -- Up-to-date symlink: /home/wenjia/CBFRL/gazebo_env/install/tello_gazebo/share/tello_gazebo/models/marker_7/materials/textures/aruco_mark_7.png
[1.616s] -- Up-to-date symlink: /home/wenjia/CBFRL/gazebo_env/install/tello_gazebo/share/tello_gazebo/models/marker_7/materials/textures/aruco_mark_7.svg
[1.616s] -- Up-to-date symlink: /home/wenjia/CBFRL/gazebo_env/install/tello_gazebo/share/tello_gazebo/models/marker_7/model.config
[1.616s] -- Up-to-date symlink: /home/wenjia/CBFRL/gazebo_env/install/tello_gazebo/share/tello_gazebo/models/marker_7/model.sdf
[1.616s] -- Up-to-date symlink: /home/wenjia/CBFRL/gazebo_env/install/tello_gazebo/share/tello_gazebo/worlds/build_world.py
[1.616s] -- Up-to-date symlink: /home/wenjia/CBFRL/gazebo_env/install/tello_gazebo/share/tello_gazebo/worlds/f2.world
[1.617s] -- Up-to-date symlink: /home/wenjia/CBFRL/gazebo_env/install/tello_gazebo/share/tello_gazebo/worlds/f2_map.yaml
[1.617s] -- Up-to-date symlink: /home/wenjia/CBFRL/gazebo_env/install/tello_gazebo/share/tello_gazebo/worlds/fiducial.world
[1.617s] -- Up-to-date symlink: /home/wenjia/CBFRL/gazebo_env/install/tello_gazebo/share/tello_gazebo/worlds/fiducial_map.yaml
[1.617s] -- Up-to-date symlink: /home/wenjia/CBFRL/gazebo_env/install/tello_gazebo/share/tello_gazebo/worlds/simple.world
[1.617s] -- Up-to-date symlink: /home/wenjia/CBFRL/gazebo_env/install/tello_gazebo/share/tello_gazebo/launch/__pycache__/vlam_launch.cpython-38.pyc
[1.618s] -- Up-to-date symlink: /home/wenjia/CBFRL/gazebo_env/install/tello_gazebo/share/tello_gazebo/launch/multiple_drones.py
[1.618s] -- Up-to-date symlink: /home/wenjia/CBFRL/gazebo_env/install/tello_gazebo/share/tello_gazebo/launch/simple_launch.py
[1.618s] -- Up-to-date symlink: /home/wenjia/CBFRL/gazebo_env/install/tello_gazebo/share/tello_gazebo/launch/vlam_launch.py
[1.618s] -- Up-to-date symlink: /home/wenjia/CBFRL/gazebo_env/install/tello_gazebo/lib/tello_gazebo/inject_entity.py
[1.618s] -- Up-to-date symlink: /home/wenjia/CBFRL/gazebo_env/install/tello_gazebo/share/ament_index/resource_index/package_run_dependencies/tello_gazebo
[1.618s] -- Up-to-date symlink: /home/wenjia/CBFRL/gazebo_env/install/tello_gazebo/share/ament_index/resource_index/parent_prefix_path/tello_gazebo
[1.618s] -- Up-to-date symlink: /home/wenjia/CBFRL/gazebo_env/install/tello_gazebo/share/tello_gazebo/environment/ament_prefix_path.sh
[1.619s] -- Up-to-date symlink: /home/wenjia/CBFRL/gazebo_env/install/tello_gazebo/share/tello_gazebo/environment/ament_prefix_path.dsv
[1.619s] -- Up-to-date symlink: /home/wenjia/CBFRL/gazebo_env/install/tello_gazebo/share/tello_gazebo/environment/path.sh
[1.619s] -- Up-to-date symlink: /home/wenjia/CBFRL/gazebo_env/install/tello_gazebo/share/tello_gazebo/environment/path.dsv
[1.619s] -- Up-to-date symlink: /home/wenjia/CBFRL/gazebo_env/install/tello_gazebo/share/tello_gazebo/local_setup.bash
[1.619s] -- Up-to-date symlink: /home/wenjia/CBFRL/gazebo_env/install/tello_gazebo/share/tello_gazebo/local_setup.sh
[1.619s] -- Up-to-date symlink: /home/wenjia/CBFRL/gazebo_env/install/tello_gazebo/share/tello_gazebo/local_setup.zsh
[1.620s] -- Up-to-date symlink: /home/wenjia/CBFRL/gazebo_env/install/tello_gazebo/share/tello_gazebo/local_setup.dsv
[1.620s] -- Symlinking: /home/wenjia/CBFRL/gazebo_env/install/tello_gazebo/share/tello_gazebo/package.dsv
[1.630s] -- Up-to-date symlink: /home/wenjia/CBFRL/gazebo_env/install/tello_gazebo/share/ament_index/resource_index/packages/tello_gazebo
[1.630s] -- Up-to-date symlink: /home/wenjia/CBFRL/gazebo_env/install/tello_gazebo/share/tello_gazebo/cmake/tello_gazeboConfig.cmake
[1.630s] -- Up-to-date symlink: /home/wenjia/CBFRL/gazebo_env/install/tello_gazebo/share/tello_gazebo/cmake/tello_gazeboConfig-version.cmake
[1.630s] -- Up-to-date symlink: /home/wenjia/CBFRL/gazebo_env/install/tello_gazebo/share/tello_gazebo/package.xml
[1.633s] Invoked command in '/home/wenjia/CBFRL/gazebo_env/build/tello_gazebo' returned '0': AMENT_PREFIX_PATH=/home/wenjia/CBFRL/gazebo_env/install/tello_msgs:${AMENT_PREFIX_PATH} CMAKE_PREFIX_PATH=/home/wenjia/CBFRL/gazebo_env/install/tello_msgs:/opt/ros/humble CONDA_PROMPT_MODIFIER=(rl) LD_LIBRARY_PATH=/home/wenjia/CBFRL/gazebo_env/install/tello_msgs/lib:${LD_LIBRARY_PATH} PYTHONPATH=/home/wenjia/CBFRL/gazebo_env/install/tello_msgs/local/lib/python3.10/dist-packages:${PYTHONPATH} /usr/bin/cmake --install /home/wenjia/CBFRL/gazebo_env/build/tello_gazebo
