[0.265s] Invoking command in '/home/wenjia/CBFRL/gazebo_env/build/tello_description': CMAKE_PREFIX_PATH=${CMAKE_PREFIX_PATH}:/home/wenjia/CBFRL/gazebo_env/install/my_gazebo:/opt/ros/humble CONDA_PROMPT_MODIFIER=(rl) /usr/bin/cmake --build /home/wenjia/CBFRL/gazebo_env/build/tello_description -- -j16 -l16
[0.331s] [ 22%] Built target generate_urdf_6
[0.331s] [ 22%] Built target generate_urdf_2
[0.331s] [ 33%] Built target generate_urdf_1
[0.331s] [ 44%] Built target generate_urdf_3
[0.331s] [ 55%] Built target generate_urdf
[0.332s] [ 77%] Built target generate_urdf_5
[0.332s] [ 77%] Built target generate_urdf_8
[0.333s] [ 88%] Built target generate_urdf_7
[0.334s] [100%] Built target generate_urdf_4
[0.350s] Invoked command in '/home/wenjia/CBFRL/gazebo_env/build/tello_description' returned '0': CMAKE_PREFIX_PATH=${CMAKE_PREFIX_PATH}:/home/wenjia/CBFRL/gazebo_env/install/my_gazebo:/opt/ros/humble CONDA_PROMPT_MODIFIER=(rl) /usr/bin/cmake --build /home/wenjia/CBFRL/gazebo_env/build/tello_description -- -j16 -l16
[0.352s] Invoking command in '/home/wenjia/CBFRL/gazebo_env/build/tello_description': CMAKE_PREFIX_PATH=${CMAKE_PREFIX_PATH}:/home/wenjia/CBFRL/gazebo_env/install/my_gazebo:/opt/ros/humble CONDA_PROMPT_MODIFIER=(rl) /usr/bin/cmake --install /home/wenjia/CBFRL/gazebo_env/build/tello_description
[0.360s] -- Install configuration: ""
[0.360s] -- Execute custom install script
[0.361s] -- Up-to-date symlink: /home/wenjia/CBFRL/gazebo_env/install/tello_description/share/tello_description/urdf/tello.urdf
[0.361s] -- Up-to-date symlink: /home/wenjia/CBFRL/gazebo_env/install/tello_description/share/tello_description/urdf/tello_1.urdf
[0.361s] -- Up-to-date symlink: /home/wenjia/CBFRL/gazebo_env/install/tello_description/share/tello_description/urdf/tello_2.urdf
[0.361s] -- Up-to-date symlink: /home/wenjia/CBFRL/gazebo_env/install/tello_description/share/tello_description/urdf/tello_3.urdf
[0.361s] -- Up-to-date symlink: /home/wenjia/CBFRL/gazebo_env/install/tello_description/share/tello_description/urdf/tello_4.urdf
[0.361s] -- Up-to-date symlink: /home/wenjia/CBFRL/gazebo_env/install/tello_description/share/tello_description/urdf/tello_5.urdf
[0.362s] -- Up-to-date symlink: /home/wenjia/CBFRL/gazebo_env/install/tello_description/share/tello_description/urdf/tello_6.urdf
[0.362s] -- Up-to-date symlink: /home/wenjia/CBFRL/gazebo_env/install/tello_description/share/tello_description/urdf/tello_7.urdf
[0.362s] -- Up-to-date symlink: /home/wenjia/CBFRL/gazebo_env/install/tello_description/share/tello_description/urdf/tello_8.urdf
[0.362s] -- Up-to-date symlink: /home/wenjia/CBFRL/gazebo_env/install/tello_description/share/ament_index/resource_index/package_run_dependencies/tello_description
[0.362s] -- Up-to-date symlink: /home/wenjia/CBFRL/gazebo_env/install/tello_description/share/ament_index/resource_index/parent_prefix_path/tello_description
[0.362s] -- Up-to-date symlink: /home/wenjia/CBFRL/gazebo_env/install/tello_description/share/tello_description/environment/ament_prefix_path.sh
[0.362s] -- Up-to-date symlink: /home/wenjia/CBFRL/gazebo_env/install/tello_description/share/tello_description/environment/ament_prefix_path.dsv
[0.362s] -- Up-to-date symlink: /home/wenjia/CBFRL/gazebo_env/install/tello_description/share/tello_description/environment/path.sh
[0.363s] -- Up-to-date symlink: /home/wenjia/CBFRL/gazebo_env/install/tello_description/share/tello_description/environment/path.dsv
[0.363s] -- Up-to-date symlink: /home/wenjia/CBFRL/gazebo_env/install/tello_description/share/tello_description/local_setup.bash
[0.363s] -- Up-to-date symlink: /home/wenjia/CBFRL/gazebo_env/install/tello_description/share/tello_description/local_setup.sh
[0.363s] -- Up-to-date symlink: /home/wenjia/CBFRL/gazebo_env/install/tello_description/share/tello_description/local_setup.zsh
[0.363s] -- Up-to-date symlink: /home/wenjia/CBFRL/gazebo_env/install/tello_description/share/tello_description/local_setup.dsv
[0.363s] -- Symlinking: /home/wenjia/CBFRL/gazebo_env/install/tello_description/share/tello_description/package.dsv
[0.375s] -- Up-to-date symlink: /home/wenjia/CBFRL/gazebo_env/install/tello_description/share/ament_index/resource_index/packages/tello_description
[0.375s] -- Up-to-date symlink: /home/wenjia/CBFRL/gazebo_env/install/tello_description/share/tello_description/cmake/tello_descriptionConfig.cmake
[0.375s] -- Up-to-date symlink: /home/wenjia/CBFRL/gazebo_env/install/tello_description/share/tello_description/cmake/tello_descriptionConfig-version.cmake
[0.375s] -- Up-to-date symlink: /home/wenjia/CBFRL/gazebo_env/install/tello_description/share/tello_description/package.xml
[0.379s] Invoked command in '/home/wenjia/CBFRL/gazebo_env/build/tello_description' returned '0': CMAKE_PREFIX_PATH=${CMAKE_PREFIX_PATH}:/home/wenjia/CBFRL/gazebo_env/install/my_gazebo:/opt/ros/humble CONDA_PROMPT_MODIFIER=(rl) /usr/bin/cmake --install /home/wenjia/CBFRL/gazebo_env/build/tello_description
