[0.019s] Invoking command in '/home/wenjia/CBFRL/gazebo_env/build/tello_description': CMAKE_PREFIX_PATH=${CMAKE_PREFIX_PATH}:/opt/ros/humble /usr/bin/cmake /home/wenjia/CBFRL/gazebo_env/src/tello-ros2-gazebo/tello_ros/tello_description -DAMENT_CMAKE_SYMLINK_INSTALL=1 -DCMAKE_INSTALL_PREFIX=/home/wenjia/CBFRL/gazebo_env/install/tello_description
[0.112s] -- The C compiler identification is GNU 11.4.0
[0.206s] -- The CXX compiler identification is GNU 11.4.0
[0.219s] -- Detecting C compiler ABI info
[0.325s] -- Detecting C compiler ABI info - done
[0.336s] -- Check for working C compiler: /usr/bin/cc - skipped
[0.336s] -- Detecting C compile features
[0.336s] -- Detecting C compile features - done
[0.341s] -- Detecting CXX compiler ABI info
[0.465s] -- Detecting CXX compiler ABI info - done
[0.487s] -- Check for working CXX compiler: /usr/bin/c++ - skipped
[0.487s] -- Detecting CXX compile features
[0.488s] -- Detecting CXX compile features - done
[0.497s] -- Found ament_cmake: 1.3.11 (/opt/ros/humble/share/ament_cmake/cmake)
[0.742s] -- Found Python3: /usr/bin/python3 (found version "3.10.12") found components: Interpreter 
[0.836s] -- Override CMake install command with custom implementation using symlinks instead of copying resources
[0.905s] -- creating rules for /home/wenjia/CBFRL/gazebo_env/build/tello_description/urdf/tello.urdf
[0.905s] -- creating rules for /home/wenjia/CBFRL/gazebo_env/build/tello_description/urdf/tello_1.urdf
[0.905s] -- creating rules for /home/wenjia/CBFRL/gazebo_env/build/tello_description/urdf/tello_2.urdf
[0.905s] -- creating rules for /home/wenjia/CBFRL/gazebo_env/build/tello_description/urdf/tello_3.urdf
[0.905s] -- creating rules for /home/wenjia/CBFRL/gazebo_env/build/tello_description/urdf/tello_4.urdf
[0.905s] -- creating rules for /home/wenjia/CBFRL/gazebo_env/build/tello_description/urdf/tello_5.urdf
[0.905s] -- creating rules for /home/wenjia/CBFRL/gazebo_env/build/tello_description/urdf/tello_6.urdf
[0.906s] -- creating rules for /home/wenjia/CBFRL/gazebo_env/build/tello_description/urdf/tello_7.urdf
[0.906s] -- creating rules for /home/wenjia/CBFRL/gazebo_env/build/tello_description/urdf/tello_8.urdf
[1.001s] -- Configuring done
[1.012s] -- Generating done
[1.016s] -- Build files have been written to: /home/wenjia/CBFRL/gazebo_env/build/tello_description
[1.022s] Invoked command in '/home/wenjia/CBFRL/gazebo_env/build/tello_description' returned '0': CMAKE_PREFIX_PATH=${CMAKE_PREFIX_PATH}:/opt/ros/humble /usr/bin/cmake /home/wenjia/CBFRL/gazebo_env/src/tello-ros2-gazebo/tello_ros/tello_description -DAMENT_CMAKE_SYMLINK_INSTALL=1 -DCMAKE_INSTALL_PREFIX=/home/wenjia/CBFRL/gazebo_env/install/tello_description
[1.024s] Invoking command in '/home/wenjia/CBFRL/gazebo_env/build/tello_description': CMAKE_PREFIX_PATH=${CMAKE_PREFIX_PATH}:/opt/ros/humble /usr/bin/cmake --build /home/wenjia/CBFRL/gazebo_env/build/tello_description -- -j16 -l16
[1.104s] [ 11%] [34m[1mGenerate /home/wenjia/CBFRL/gazebo_env/build/tello_description/urdf/tello_1.urdf[0m
[1.104s] [ 22%] [34m[1mGenerate /home/wenjia/CBFRL/gazebo_env/build/tello_description/urdf/tello.urdf[0m
[1.106s] [ 33%] [34m[1mGenerate /home/wenjia/CBFRL/gazebo_env/build/tello_description/urdf/tello_2.urdf[0m
[1.107s] [ 55%] [34m[1mGenerate /home/wenjia/CBFRL/gazebo_env/build/tello_description/urdf/tello_5.urdf[0m
[1.108s] [ 55%] [34m[1mGenerate /home/wenjia/CBFRL/gazebo_env/build/tello_description/urdf/tello_3.urdf[0m
[1.109s] [ 66%] [34m[1mGenerate /home/wenjia/CBFRL/gazebo_env/build/tello_description/urdf/tello_7.urdf[0m
[1.109s] [ 77%] [34m[1mGenerate /home/wenjia/CBFRL/gazebo_env/build/tello_description/urdf/tello_8.urdf[0m
[1.109s] [ 88%] [34m[1mGenerate /home/wenjia/CBFRL/gazebo_env/build/tello_description/urdf/tello_4.urdf[0m
[1.110s] [100%] [34m[1mGenerate /home/wenjia/CBFRL/gazebo_env/build/tello_description/urdf/tello_6.urdf[0m
[1.164s] [100%] Built target generate_urdf
[1.168s] [100%] Built target generate_urdf_4
[1.168s] [100%] Built target generate_urdf_7
[1.171s] [100%] Built target generate_urdf_2
[1.172s] [100%] Built target generate_urdf_5
[1.175s] [100%] Built target generate_urdf_1
[1.178s] [100%] Built target generate_urdf_6
[1.179s] [100%] Built target generate_urdf_3
[1.181s] [100%] Built target generate_urdf_8
[1.200s] Invoked command in '/home/wenjia/CBFRL/gazebo_env/build/tello_description' returned '0': CMAKE_PREFIX_PATH=${CMAKE_PREFIX_PATH}:/opt/ros/humble /usr/bin/cmake --build /home/wenjia/CBFRL/gazebo_env/build/tello_description -- -j16 -l16
[1.202s] Invoking command in '/home/wenjia/CBFRL/gazebo_env/build/tello_description': CMAKE_PREFIX_PATH=${CMAKE_PREFIX_PATH}:/opt/ros/humble /usr/bin/cmake --install /home/wenjia/CBFRL/gazebo_env/build/tello_description
[1.212s] -- Install configuration: ""
[1.213s] -- Execute custom install script
[1.214s] -- Symlinking: /home/wenjia/CBFRL/gazebo_env/install/tello_description/share/tello_description/urdf/tello.urdf
[1.228s] -- Symlinking: /home/wenjia/CBFRL/gazebo_env/install/tello_description/share/tello_description/urdf/tello_1.urdf
[1.242s] -- Symlinking: /home/wenjia/CBFRL/gazebo_env/install/tello_description/share/tello_description/urdf/tello_2.urdf
[1.255s] -- Symlinking: /home/wenjia/CBFRL/gazebo_env/install/tello_description/share/tello_description/urdf/tello_3.urdf
[1.268s] -- Symlinking: /home/wenjia/CBFRL/gazebo_env/install/tello_description/share/tello_description/urdf/tello_4.urdf
[1.281s] -- Symlinking: /home/wenjia/CBFRL/gazebo_env/install/tello_description/share/tello_description/urdf/tello_5.urdf
[1.295s] -- Symlinking: /home/wenjia/CBFRL/gazebo_env/install/tello_description/share/tello_description/urdf/tello_6.urdf
[1.315s] -- Symlinking: /home/wenjia/CBFRL/gazebo_env/install/tello_description/share/tello_description/urdf/tello_7.urdf
[1.328s] -- Symlinking: /home/wenjia/CBFRL/gazebo_env/install/tello_description/share/tello_description/urdf/tello_8.urdf
[1.342s] -- Symlinking: /home/wenjia/CBFRL/gazebo_env/install/tello_description/share/ament_index/resource_index/package_run_dependencies/tello_description
[1.356s] -- Symlinking: /home/wenjia/CBFRL/gazebo_env/install/tello_description/share/ament_index/resource_index/parent_prefix_path/tello_description
[1.370s] -- Symlinking: /home/wenjia/CBFRL/gazebo_env/install/tello_description/share/tello_description/environment/ament_prefix_path.sh
[1.383s] -- Symlinking: /home/wenjia/CBFRL/gazebo_env/install/tello_description/share/tello_description/environment/ament_prefix_path.dsv
[1.397s] -- Symlinking: /home/wenjia/CBFRL/gazebo_env/install/tello_description/share/tello_description/environment/path.sh
[1.412s] -- Symlinking: /home/wenjia/CBFRL/gazebo_env/install/tello_description/share/tello_description/environment/path.dsv
[1.425s] -- Symlinking: /home/wenjia/CBFRL/gazebo_env/install/tello_description/share/tello_description/local_setup.bash
[1.445s] -- Symlinking: /home/wenjia/CBFRL/gazebo_env/install/tello_description/share/tello_description/local_setup.sh
[1.459s] -- Symlinking: /home/wenjia/CBFRL/gazebo_env/install/tello_description/share/tello_description/local_setup.zsh
[1.481s] -- Symlinking: /home/wenjia/CBFRL/gazebo_env/install/tello_description/share/tello_description/local_setup.dsv
[1.495s] -- Symlinking: /home/wenjia/CBFRL/gazebo_env/install/tello_description/share/tello_description/package.dsv
[1.509s] -- Symlinking: /home/wenjia/CBFRL/gazebo_env/install/tello_description/share/ament_index/resource_index/packages/tello_description
[1.524s] -- Symlinking: /home/wenjia/CBFRL/gazebo_env/install/tello_description/share/tello_description/cmake/tello_descriptionConfig.cmake
[1.545s] -- Symlinking: /home/wenjia/CBFRL/gazebo_env/install/tello_description/share/tello_description/cmake/tello_descriptionConfig-version.cmake
[1.559s] -- Symlinking: /home/wenjia/CBFRL/gazebo_env/install/tello_description/share/tello_description/package.xml
[1.578s] Invoked command in '/home/wenjia/CBFRL/gazebo_env/build/tello_description' returned '0': CMAKE_PREFIX_PATH=${CMAKE_PREFIX_PATH}:/opt/ros/humble /usr/bin/cmake --install /home/wenjia/CBFRL/gazebo_env/build/tello_description
