[0.020s] Invoking command in '/home/wenjia/CBFRL/gazebo_env/build/ros2_shared': CMAKE_PREFIX_PATH=/opt/ros/humble CONDA_PROMPT_MODIFIER=(rl) /usr/bin/cmake /home/wenjia/CBFRL/gazebo_env/src/tello-ros2-gazebo/ros2_shared -DCMAKE_INSTALL_PREFIX=/home/wenjia/CBFRL/gazebo_env/install/ros2_shared
[0.043s] -- Found ament_cmake: 1.3.11 (/opt/ros/humble/share/ament_cmake/cmake)
[0.194s] -- Override CMake install command with custom implementation using symlinks instead of copying resources
[0.271s] -- Configuring done
[0.274s] -- Generating done
[0.276s] -- Build files have been written to: /home/wenjia/CBFRL/gazebo_env/build/ros2_shared
[0.279s] Invoked command in '/home/wenjia/CBFRL/gazebo_env/build/ros2_shared' returned '0': CMAKE_PREFIX_PATH=/opt/ros/humble CONDA_PROMPT_MODIFIER=(rl) /usr/bin/cmake /home/wenjia/CBFRL/gazebo_env/src/tello-ros2-gazebo/ros2_shared -DCMAKE_INSTALL_PREFIX=/home/wenjia/CBFRL/gazebo_env/install/ros2_shared
[0.281s] Invoking command in '/home/wenjia/CBFRL/gazebo_env/build/ros2_shared': CMAKE_PREFIX_PATH=/opt/ros/humble CONDA_PROMPT_MODIFIER=(rl) /usr/bin/cmake --build /home/wenjia/CBFRL/gazebo_env/build/ros2_shared -- -j16 -l16
[0.345s] Invoked command in '/home/wenjia/CBFRL/gazebo_env/build/ros2_shared' returned '0': CMAKE_PREFIX_PATH=/opt/ros/humble CONDA_PROMPT_MODIFIER=(rl) /usr/bin/cmake --build /home/wenjia/CBFRL/gazebo_env/build/ros2_shared -- -j16 -l16
[0.356s] Invoking command in '/home/wenjia/CBFRL/gazebo_env/build/ros2_shared': CMAKE_PREFIX_PATH=/opt/ros/humble CONDA_PROMPT_MODIFIER=(rl) /usr/bin/cmake --install /home/wenjia/CBFRL/gazebo_env/build/ros2_shared
[0.365s] -- Install configuration: ""
[0.365s] -- Execute custom install script
[0.365s] -- Up-to-date symlink: /home/wenjia/CBFRL/gazebo_env/install/ros2_shared/include/ros2_shared/context_macros.hpp
[0.365s] -- Up-to-date symlink: /home/wenjia/CBFRL/gazebo_env/install/ros2_shared/include/ros2_shared/param_macros.hpp
[0.366s] -- Up-to-date symlink: /home/wenjia/CBFRL/gazebo_env/install/ros2_shared/include/ros2_shared/string_printf.hpp
[0.366s] -- Up-to-date symlink: /home/wenjia/CBFRL/gazebo_env/install/ros2_shared/share/ament_index/resource_index/package_run_dependencies/ros2_shared
[0.366s] -- Up-to-date symlink: /home/wenjia/CBFRL/gazebo_env/install/ros2_shared/share/ament_index/resource_index/parent_prefix_path/ros2_shared
[0.366s] -- Up-to-date symlink: /home/wenjia/CBFRL/gazebo_env/install/ros2_shared/share/ros2_shared/environment/ament_prefix_path.sh
[0.366s] -- Up-to-date symlink: /home/wenjia/CBFRL/gazebo_env/install/ros2_shared/share/ros2_shared/environment/ament_prefix_path.dsv
[0.367s] -- Up-to-date symlink: /home/wenjia/CBFRL/gazebo_env/install/ros2_shared/share/ros2_shared/environment/path.sh
[0.367s] -- Up-to-date symlink: /home/wenjia/CBFRL/gazebo_env/install/ros2_shared/share/ros2_shared/environment/path.dsv
[0.367s] -- Up-to-date symlink: /home/wenjia/CBFRL/gazebo_env/install/ros2_shared/share/ros2_shared/local_setup.bash
[0.367s] -- Up-to-date symlink: /home/wenjia/CBFRL/gazebo_env/install/ros2_shared/share/ros2_shared/local_setup.sh
[0.367s] -- Up-to-date symlink: /home/wenjia/CBFRL/gazebo_env/install/ros2_shared/share/ros2_shared/local_setup.zsh
[0.367s] -- Up-to-date symlink: /home/wenjia/CBFRL/gazebo_env/install/ros2_shared/share/ros2_shared/local_setup.dsv
[0.368s] -- Symlinking: /home/wenjia/CBFRL/gazebo_env/install/ros2_shared/share/ros2_shared/package.dsv
[0.378s] -- Up-to-date symlink: /home/wenjia/CBFRL/gazebo_env/install/ros2_shared/share/ament_index/resource_index/packages/ros2_shared
[0.378s] -- Up-to-date symlink: /home/wenjia/CBFRL/gazebo_env/install/ros2_shared/share/ros2_shared/cmake/ament_cmake_export_include_directories-extras.cmake
[0.379s] -- Up-to-date symlink: /home/wenjia/CBFRL/gazebo_env/install/ros2_shared/share/ros2_shared/cmake/ros2_sharedConfig.cmake
[0.379s] -- Up-to-date symlink: /home/wenjia/CBFRL/gazebo_env/install/ros2_shared/share/ros2_shared/cmake/ros2_sharedConfig-version.cmake
[0.379s] -- Up-to-date symlink: /home/wenjia/CBFRL/gazebo_env/install/ros2_shared/share/ros2_shared/package.xml
[0.382s] Invoked command in '/home/wenjia/CBFRL/gazebo_env/build/ros2_shared' returned '0': CMAKE_PREFIX_PATH=/opt/ros/humble CONDA_PROMPT_MODIFIER=(rl) /usr/bin/cmake --install /home/wenjia/CBFRL/gazebo_env/build/ros2_shared
