[0.116s] DEBUG:colcon:Command line arguments: ['/home/wenjia/miniconda3/envs/rl/bin/colcon', 'build']
[0.116s] DEBUG:colcon:Parsed command line arguments: Namespace(log_base=None, log_level=None, verb_name='build', build_base='build', install_base='install', merge_install=False, symlink_install=False, test_result_base=None, continue_on_error=False, executor='parallel', parallel_workers=16, event_handlers=None, ignore_user_meta=False, metas=['./colcon.meta'], base_paths=['.'], packages_ignore=None, packages_ignore_regex=None, paths=None, packages_up_to=None, packages_up_to_regex=None, packages_above=None, packages_above_and_dependencies=None, packages_above_depth=None, packages_select_by_dep=None, packages_skip_by_dep=None, packages_skip_up_to=None, packages_select_build_failed=False, packages_skip_build_finished=False, packages_select_test_failures=False, packages_skip_test_passed=False, packages_select=None, packages_skip=None, packages_select_regex=None, packages_skip_regex=None, packages_start=None, packages_end=None, cmake_args=None, cmake_target=None, cmake_target_skip_unavailable=False, cmake_clean_cache=False, cmake_clean_first=False, cmake_force_configure=False, ament_cmake_args=None, catkin_cmake_args=None, catkin_skip_building_tests=False, verb_parser=<colcon_defaults.argument_parser.defaults.DefaultArgumentsDecorator object at 0x7817be8e20b0>, verb_extension=<colcon_core.verb.build.BuildVerb object at 0x7817beabe710>, main=<bound method BuildVerb.main of <colcon_core.verb.build.BuildVerb object at 0x7817beabe710>>)
[0.148s] Level 1:colcon.colcon_core.package_discovery:discover_packages(colcon_meta) check parameters
[0.148s] Level 1:colcon.colcon_core.package_discovery:discover_packages(recursive) check parameters
[0.148s] Level 1:colcon.colcon_core.package_discovery:discover_packages(ignore) check parameters
[0.148s] Level 1:colcon.colcon_core.package_discovery:discover_packages(path) check parameters
[0.148s] Level 1:colcon.colcon_core.package_discovery:discover_packages(colcon_meta) discover
[0.148s] Level 1:colcon.colcon_core.package_discovery:discover_packages(recursive) discover
[0.148s] INFO:colcon.colcon_core.package_discovery:Crawling recursively for packages in '/home/wenjia/CBFRL/gazebo_env'
[0.149s] Level 1:colcon.colcon_core.package_identification:_identify(.) by extensions ['ignore', 'ignore_ament_install']
[0.149s] Level 1:colcon.colcon_core.package_identification:_identify(.) by extension 'ignore'
[0.149s] Level 1:colcon.colcon_core.package_identification:_identify(.) by extension 'ignore_ament_install'
[0.149s] Level 1:colcon.colcon_core.package_identification:_identify(.) by extensions ['colcon_pkg']
[0.149s] Level 1:colcon.colcon_core.package_identification:_identify(.) by extension 'colcon_pkg'
[0.149s] Level 1:colcon.colcon_core.package_identification:_identify(.) by extensions ['colcon_meta']
[0.149s] Level 1:colcon.colcon_core.package_identification:_identify(.) by extension 'colcon_meta'
[0.149s] Level 1:colcon.colcon_core.package_identification:_identify(.) by extensions ['ros']
[0.149s] Level 1:colcon.colcon_core.package_identification:_identify(.) by extension 'ros'
[0.172s] Level 1:colcon.colcon_core.package_identification:_identify(.) by extensions ['cmake', 'python']
[0.172s] Level 1:colcon.colcon_core.package_identification:_identify(.) by extension 'cmake'
[0.172s] Level 1:colcon.colcon_core.package_identification:_identify(.) by extension 'python'
[0.172s] Level 1:colcon.colcon_core.package_identification:_identify(.) by extensions ['python_setup_py']
[0.172s] Level 1:colcon.colcon_core.package_identification:_identify(.) by extension 'python_setup_py'
[0.172s] Level 1:colcon.colcon_core.package_identification:_identify(__pycache__) by extensions ['ignore', 'ignore_ament_install']
[0.172s] Level 1:colcon.colcon_core.package_identification:_identify(__pycache__) by extension 'ignore'
[0.172s] Level 1:colcon.colcon_core.package_identification:_identify(__pycache__) by extension 'ignore_ament_install'
[0.172s] Level 1:colcon.colcon_core.package_identification:_identify(__pycache__) by extensions ['colcon_pkg']
[0.172s] Level 1:colcon.colcon_core.package_identification:_identify(__pycache__) by extension 'colcon_pkg'
[0.172s] Level 1:colcon.colcon_core.package_identification:_identify(__pycache__) by extensions ['colcon_meta']
[0.172s] Level 1:colcon.colcon_core.package_identification:_identify(__pycache__) by extension 'colcon_meta'
[0.173s] Level 1:colcon.colcon_core.package_identification:_identify(__pycache__) by extensions ['ros']
[0.173s] Level 1:colcon.colcon_core.package_identification:_identify(__pycache__) by extension 'ros'
[0.173s] Level 1:colcon.colcon_core.package_identification:_identify(__pycache__) by extensions ['cmake', 'python']
[0.173s] Level 1:colcon.colcon_core.package_identification:_identify(__pycache__) by extension 'cmake'
[0.173s] Level 1:colcon.colcon_core.package_identification:_identify(__pycache__) by extension 'python'
[0.173s] Level 1:colcon.colcon_core.package_identification:_identify(__pycache__) by extensions ['python_setup_py']
[0.173s] Level 1:colcon.colcon_core.package_identification:_identify(__pycache__) by extension 'python_setup_py'
[0.173s] Level 1:colcon.colcon_core.package_identification:_identify(build) by extensions ['ignore', 'ignore_ament_install']
[0.173s] Level 1:colcon.colcon_core.package_identification:_identify(build) by extension 'ignore'
[0.173s] Level 1:colcon.colcon_core.package_identification:_identify(build) ignored
[0.173s] Level 1:colcon.colcon_core.package_identification:_identify(install) by extensions ['ignore', 'ignore_ament_install']
[0.173s] Level 1:colcon.colcon_core.package_identification:_identify(install) by extension 'ignore'
[0.173s] Level 1:colcon.colcon_core.package_identification:_identify(install) ignored
[0.173s] Level 1:colcon.colcon_core.package_identification:_identify(log) by extensions ['ignore', 'ignore_ament_install']
[0.173s] Level 1:colcon.colcon_core.package_identification:_identify(log) by extension 'ignore'
[0.173s] Level 1:colcon.colcon_core.package_identification:_identify(log) ignored
[0.173s] Level 1:colcon.colcon_core.package_identification:_identify(src) by extensions ['ignore', 'ignore_ament_install']
[0.173s] Level 1:colcon.colcon_core.package_identification:_identify(src) by extension 'ignore'
[0.173s] Level 1:colcon.colcon_core.package_identification:_identify(src) by extension 'ignore_ament_install'
[0.173s] Level 1:colcon.colcon_core.package_identification:_identify(src) by extensions ['colcon_pkg']
[0.173s] Level 1:colcon.colcon_core.package_identification:_identify(src) by extension 'colcon_pkg'
[0.173s] Level 1:colcon.colcon_core.package_identification:_identify(src) by extensions ['colcon_meta']
[0.174s] Level 1:colcon.colcon_core.package_identification:_identify(src) by extension 'colcon_meta'
[0.174s] Level 1:colcon.colcon_core.package_identification:_identify(src) by extensions ['ros']
[0.174s] Level 1:colcon.colcon_core.package_identification:_identify(src) by extension 'ros'
[0.174s] Level 1:colcon.colcon_core.package_identification:_identify(src) by extensions ['cmake', 'python']
[0.174s] Level 1:colcon.colcon_core.package_identification:_identify(src) by extension 'cmake'
[0.174s] Level 1:colcon.colcon_core.package_identification:_identify(src) by extension 'python'
[0.174s] Level 1:colcon.colcon_core.package_identification:_identify(src) by extensions ['python_setup_py']
[0.174s] Level 1:colcon.colcon_core.package_identification:_identify(src) by extension 'python_setup_py'
[0.174s] Level 1:colcon.colcon_core.package_identification:_identify(src/my_gazebo) by extensions ['ignore', 'ignore_ament_install']
[0.174s] Level 1:colcon.colcon_core.package_identification:_identify(src/my_gazebo) by extension 'ignore'
[0.174s] Level 1:colcon.colcon_core.package_identification:_identify(src/my_gazebo) by extension 'ignore_ament_install'
[0.174s] Level 1:colcon.colcon_core.package_identification:_identify(src/my_gazebo) by extensions ['colcon_pkg']
[0.174s] Level 1:colcon.colcon_core.package_identification:_identify(src/my_gazebo) by extension 'colcon_pkg'
[0.174s] Level 1:colcon.colcon_core.package_identification:_identify(src/my_gazebo) by extensions ['colcon_meta']
[0.174s] Level 1:colcon.colcon_core.package_identification:_identify(src/my_gazebo) by extension 'colcon_meta'
[0.174s] Level 1:colcon.colcon_core.package_identification:_identify(src/my_gazebo) by extensions ['ros']
[0.174s] Level 1:colcon.colcon_core.package_identification:_identify(src/my_gazebo) by extension 'ros'
[0.176s] DEBUG:colcon.colcon_core.package_identification:Package 'src/my_gazebo' with type 'ros.ament_python' and name 'my_gazebo'
[0.176s] Level 1:colcon.colcon_core.package_identification:_identify(src/tello-ros2-gazebo) by extensions ['ignore', 'ignore_ament_install']
[0.176s] Level 1:colcon.colcon_core.package_identification:_identify(src/tello-ros2-gazebo) by extension 'ignore'
[0.176s] Level 1:colcon.colcon_core.package_identification:_identify(src/tello-ros2-gazebo) by extension 'ignore_ament_install'
[0.176s] Level 1:colcon.colcon_core.package_identification:_identify(src/tello-ros2-gazebo) by extensions ['colcon_pkg']
[0.176s] Level 1:colcon.colcon_core.package_identification:_identify(src/tello-ros2-gazebo) by extension 'colcon_pkg'
[0.176s] Level 1:colcon.colcon_core.package_identification:_identify(src/tello-ros2-gazebo) by extensions ['colcon_meta']
[0.176s] Level 1:colcon.colcon_core.package_identification:_identify(src/tello-ros2-gazebo) by extension 'colcon_meta'
[0.176s] Level 1:colcon.colcon_core.package_identification:_identify(src/tello-ros2-gazebo) by extensions ['ros']
[0.176s] Level 1:colcon.colcon_core.package_identification:_identify(src/tello-ros2-gazebo) by extension 'ros'
[0.177s] Level 1:colcon.colcon_core.package_identification:_identify(src/tello-ros2-gazebo) by extensions ['cmake', 'python']
[0.177s] Level 1:colcon.colcon_core.package_identification:_identify(src/tello-ros2-gazebo) by extension 'cmake'
[0.177s] Level 1:colcon.colcon_core.package_identification:_identify(src/tello-ros2-gazebo) by extension 'python'
[0.177s] Level 1:colcon.colcon_core.package_identification:_identify(src/tello-ros2-gazebo) by extensions ['python_setup_py']
[0.177s] Level 1:colcon.colcon_core.package_identification:_identify(src/tello-ros2-gazebo) by extension 'python_setup_py'
[0.177s] Level 1:colcon.colcon_core.package_identification:_identify(src/tello-ros2-gazebo/ros2_shared) by extensions ['ignore', 'ignore_ament_install']
[0.177s] Level 1:colcon.colcon_core.package_identification:_identify(src/tello-ros2-gazebo/ros2_shared) by extension 'ignore'
[0.177s] Level 1:colcon.colcon_core.package_identification:_identify(src/tello-ros2-gazebo/ros2_shared) by extension 'ignore_ament_install'
[0.177s] Level 1:colcon.colcon_core.package_identification:_identify(src/tello-ros2-gazebo/ros2_shared) by extensions ['colcon_pkg']
[0.177s] Level 1:colcon.colcon_core.package_identification:_identify(src/tello-ros2-gazebo/ros2_shared) by extension 'colcon_pkg'
[0.177s] Level 1:colcon.colcon_core.package_identification:_identify(src/tello-ros2-gazebo/ros2_shared) by extensions ['colcon_meta']
[0.177s] Level 1:colcon.colcon_core.package_identification:_identify(src/tello-ros2-gazebo/ros2_shared) by extension 'colcon_meta'
[0.177s] Level 1:colcon.colcon_core.package_identification:_identify(src/tello-ros2-gazebo/ros2_shared) by extensions ['ros']
[0.177s] Level 1:colcon.colcon_core.package_identification:_identify(src/tello-ros2-gazebo/ros2_shared) by extension 'ros'
[0.177s] DEBUG:colcon.colcon_core.package_identification:Package 'src/tello-ros2-gazebo/ros2_shared' with type 'ros.ament_cmake' and name 'ros2_shared'
[0.177s] Level 1:colcon.colcon_core.package_identification:_identify(src/tello-ros2-gazebo/tello_ros) by extensions ['ignore', 'ignore_ament_install']
[0.178s] Level 1:colcon.colcon_core.package_identification:_identify(src/tello-ros2-gazebo/tello_ros) by extension 'ignore'
[0.178s] Level 1:colcon.colcon_core.package_identification:_identify(src/tello-ros2-gazebo/tello_ros) by extension 'ignore_ament_install'
[0.178s] Level 1:colcon.colcon_core.package_identification:_identify(src/tello-ros2-gazebo/tello_ros) by extensions ['colcon_pkg']
[0.178s] Level 1:colcon.colcon_core.package_identification:_identify(src/tello-ros2-gazebo/tello_ros) by extension 'colcon_pkg'
[0.178s] Level 1:colcon.colcon_core.package_identification:_identify(src/tello-ros2-gazebo/tello_ros) by extensions ['colcon_meta']
[0.178s] Level 1:colcon.colcon_core.package_identification:_identify(src/tello-ros2-gazebo/tello_ros) by extension 'colcon_meta'
[0.178s] Level 1:colcon.colcon_core.package_identification:_identify(src/tello-ros2-gazebo/tello_ros) by extensions ['ros']
[0.178s] Level 1:colcon.colcon_core.package_identification:_identify(src/tello-ros2-gazebo/tello_ros) by extension 'ros'
[0.178s] Level 1:colcon.colcon_core.package_identification:_identify(src/tello-ros2-gazebo/tello_ros) by extensions ['cmake', 'python']
[0.178s] Level 1:colcon.colcon_core.package_identification:_identify(src/tello-ros2-gazebo/tello_ros) by extension 'cmake'
[0.178s] Level 1:colcon.colcon_core.package_identification:_identify(src/tello-ros2-gazebo/tello_ros) by extension 'python'
[0.178s] Level 1:colcon.colcon_core.package_identification:_identify(src/tello-ros2-gazebo/tello_ros) by extensions ['python_setup_py']
[0.178s] Level 1:colcon.colcon_core.package_identification:_identify(src/tello-ros2-gazebo/tello_ros) by extension 'python_setup_py'
[0.178s] Level 1:colcon.colcon_core.package_identification:_identify(src/tello-ros2-gazebo/tello_ros/docker) by extensions ['ignore', 'ignore_ament_install']
[0.178s] Level 1:colcon.colcon_core.package_identification:_identify(src/tello-ros2-gazebo/tello_ros/docker) by extension 'ignore'
[0.178s] Level 1:colcon.colcon_core.package_identification:_identify(src/tello-ros2-gazebo/tello_ros/docker) by extension 'ignore_ament_install'
[0.178s] Level 1:colcon.colcon_core.package_identification:_identify(src/tello-ros2-gazebo/tello_ros/docker) by extensions ['colcon_pkg']
[0.178s] Level 1:colcon.colcon_core.package_identification:_identify(src/tello-ros2-gazebo/tello_ros/docker) by extension 'colcon_pkg'
[0.178s] Level 1:colcon.colcon_core.package_identification:_identify(src/tello-ros2-gazebo/tello_ros/docker) by extensions ['colcon_meta']
[0.178s] Level 1:colcon.colcon_core.package_identification:_identify(src/tello-ros2-gazebo/tello_ros/docker) by extension 'colcon_meta'
[0.178s] Level 1:colcon.colcon_core.package_identification:_identify(src/tello-ros2-gazebo/tello_ros/docker) by extensions ['ros']
[0.178s] Level 1:colcon.colcon_core.package_identification:_identify(src/tello-ros2-gazebo/tello_ros/docker) by extension 'ros'
[0.178s] Level 1:colcon.colcon_core.package_identification:_identify(src/tello-ros2-gazebo/tello_ros/docker) by extensions ['cmake', 'python']
[0.178s] Level 1:colcon.colcon_core.package_identification:_identify(src/tello-ros2-gazebo/tello_ros/docker) by extension 'cmake'
[0.178s] Level 1:colcon.colcon_core.package_identification:_identify(src/tello-ros2-gazebo/tello_ros/docker) by extension 'python'
[0.179s] Level 1:colcon.colcon_core.package_identification:_identify(src/tello-ros2-gazebo/tello_ros/docker) by extensions ['python_setup_py']
[0.179s] Level 1:colcon.colcon_core.package_identification:_identify(src/tello-ros2-gazebo/tello_ros/docker) by extension 'python_setup_py'
[0.179s] Level 1:colcon.colcon_core.package_identification:_identify(src/tello-ros2-gazebo/tello_ros/tello_description) by extensions ['ignore', 'ignore_ament_install']
[0.179s] Level 1:colcon.colcon_core.package_identification:_identify(src/tello-ros2-gazebo/tello_ros/tello_description) by extension 'ignore'
[0.179s] Level 1:colcon.colcon_core.package_identification:_identify(src/tello-ros2-gazebo/tello_ros/tello_description) by extension 'ignore_ament_install'
[0.179s] Level 1:colcon.colcon_core.package_identification:_identify(src/tello-ros2-gazebo/tello_ros/tello_description) by extensions ['colcon_pkg']
[0.179s] Level 1:colcon.colcon_core.package_identification:_identify(src/tello-ros2-gazebo/tello_ros/tello_description) by extension 'colcon_pkg'
[0.179s] Level 1:colcon.colcon_core.package_identification:_identify(src/tello-ros2-gazebo/tello_ros/tello_description) by extensions ['colcon_meta']
[0.179s] Level 1:colcon.colcon_core.package_identification:_identify(src/tello-ros2-gazebo/tello_ros/tello_description) by extension 'colcon_meta'
[0.179s] Level 1:colcon.colcon_core.package_identification:_identify(src/tello-ros2-gazebo/tello_ros/tello_description) by extensions ['ros']
[0.179s] Level 1:colcon.colcon_core.package_identification:_identify(src/tello-ros2-gazebo/tello_ros/tello_description) by extension 'ros'
[0.180s] DEBUG:colcon.colcon_core.package_identification:Package 'src/tello-ros2-gazebo/tello_ros/tello_description' with type 'ros.ament_cmake' and name 'tello_description'
[0.180s] Level 1:colcon.colcon_core.package_identification:_identify(src/tello-ros2-gazebo/tello_ros/tello_driver) by extensions ['ignore', 'ignore_ament_install']
[0.180s] Level 1:colcon.colcon_core.package_identification:_identify(src/tello-ros2-gazebo/tello_ros/tello_driver) by extension 'ignore'
[0.180s] Level 1:colcon.colcon_core.package_identification:_identify(src/tello-ros2-gazebo/tello_ros/tello_driver) by extension 'ignore_ament_install'
[0.180s] Level 1:colcon.colcon_core.package_identification:_identify(src/tello-ros2-gazebo/tello_ros/tello_driver) by extensions ['colcon_pkg']
[0.180s] Level 1:colcon.colcon_core.package_identification:_identify(src/tello-ros2-gazebo/tello_ros/tello_driver) by extension 'colcon_pkg'
[0.180s] Level 1:colcon.colcon_core.package_identification:_identify(src/tello-ros2-gazebo/tello_ros/tello_driver) by extensions ['colcon_meta']
[0.180s] Level 1:colcon.colcon_core.package_identification:_identify(src/tello-ros2-gazebo/tello_ros/tello_driver) by extension 'colcon_meta'
[0.180s] Level 1:colcon.colcon_core.package_identification:_identify(src/tello-ros2-gazebo/tello_ros/tello_driver) by extensions ['ros']
[0.180s] Level 1:colcon.colcon_core.package_identification:_identify(src/tello-ros2-gazebo/tello_ros/tello_driver) by extension 'ros'
[0.181s] DEBUG:colcon.colcon_core.package_identification:Package 'src/tello-ros2-gazebo/tello_ros/tello_driver' with type 'ros.ament_cmake' and name 'tello_driver'
[0.181s] Level 1:colcon.colcon_core.package_identification:_identify(src/tello-ros2-gazebo/tello_ros/tello_gazebo) by extensions ['ignore', 'ignore_ament_install']
[0.181s] Level 1:colcon.colcon_core.package_identification:_identify(src/tello-ros2-gazebo/tello_ros/tello_gazebo) by extension 'ignore'
[0.181s] Level 1:colcon.colcon_core.package_identification:_identify(src/tello-ros2-gazebo/tello_ros/tello_gazebo) by extension 'ignore_ament_install'
[0.181s] Level 1:colcon.colcon_core.package_identification:_identify(src/tello-ros2-gazebo/tello_ros/tello_gazebo) by extensions ['colcon_pkg']
[0.181s] Level 1:colcon.colcon_core.package_identification:_identify(src/tello-ros2-gazebo/tello_ros/tello_gazebo) by extension 'colcon_pkg'
[0.181s] Level 1:colcon.colcon_core.package_identification:_identify(src/tello-ros2-gazebo/tello_ros/tello_gazebo) by extensions ['colcon_meta']
[0.182s] Level 1:colcon.colcon_core.package_identification:_identify(src/tello-ros2-gazebo/tello_ros/tello_gazebo) by extension 'colcon_meta'
[0.182s] Level 1:colcon.colcon_core.package_identification:_identify(src/tello-ros2-gazebo/tello_ros/tello_gazebo) by extensions ['ros']
[0.182s] Level 1:colcon.colcon_core.package_identification:_identify(src/tello-ros2-gazebo/tello_ros/tello_gazebo) by extension 'ros'
[0.182s] DEBUG:colcon.colcon_core.package_identification:Package 'src/tello-ros2-gazebo/tello_ros/tello_gazebo' with type 'ros.ament_cmake' and name 'tello_gazebo'
[0.182s] Level 1:colcon.colcon_core.package_identification:_identify(src/tello-ros2-gazebo/tello_ros/tello_msgs) by extensions ['ignore', 'ignore_ament_install']
[0.183s] Level 1:colcon.colcon_core.package_identification:_identify(src/tello-ros2-gazebo/tello_ros/tello_msgs) by extension 'ignore'
[0.183s] Level 1:colcon.colcon_core.package_identification:_identify(src/tello-ros2-gazebo/tello_ros/tello_msgs) by extension 'ignore_ament_install'
[0.183s] Level 1:colcon.colcon_core.package_identification:_identify(src/tello-ros2-gazebo/tello_ros/tello_msgs) by extensions ['colcon_pkg']
[0.183s] Level 1:colcon.colcon_core.package_identification:_identify(src/tello-ros2-gazebo/tello_ros/tello_msgs) by extension 'colcon_pkg'
[0.183s] Level 1:colcon.colcon_core.package_identification:_identify(src/tello-ros2-gazebo/tello_ros/tello_msgs) by extensions ['colcon_meta']
[0.183s] Level 1:colcon.colcon_core.package_identification:_identify(src/tello-ros2-gazebo/tello_ros/tello_msgs) by extension 'colcon_meta'
[0.183s] Level 1:colcon.colcon_core.package_identification:_identify(src/tello-ros2-gazebo/tello_ros/tello_msgs) by extensions ['ros']
[0.183s] Level 1:colcon.colcon_core.package_identification:_identify(src/tello-ros2-gazebo/tello_ros/tello_msgs) by extension 'ros'
[0.184s] DEBUG:colcon.colcon_core.package_identification:Package 'src/tello-ros2-gazebo/tello_ros/tello_msgs' with type 'ros.ament_cmake' and name 'tello_msgs'
[0.184s] Level 1:colcon.colcon_core.package_discovery:discover_packages(recursive) using defaults
[0.184s] Level 1:colcon.colcon_core.package_discovery:discover_packages(ignore) discover
[0.184s] Level 1:colcon.colcon_core.package_discovery:discover_packages(ignore) using defaults
[0.184s] Level 1:colcon.colcon_core.package_discovery:discover_packages(path) discover
[0.184s] Level 1:colcon.colcon_core.package_discovery:discover_packages(path) using defaults
[0.200s] Level 5:colcon.colcon_core.verb:set package 'my_gazebo' build argument 'cmake_args' from command line to 'None'
[0.200s] Level 5:colcon.colcon_core.verb:set package 'my_gazebo' build argument 'cmake_target' from command line to 'None'
[0.200s] Level 5:colcon.colcon_core.verb:set package 'my_gazebo' build argument 'cmake_target_skip_unavailable' from command line to 'False'
[0.200s] Level 5:colcon.colcon_core.verb:set package 'my_gazebo' build argument 'cmake_clean_cache' from command line to 'False'
[0.200s] Level 5:colcon.colcon_core.verb:set package 'my_gazebo' build argument 'cmake_clean_first' from command line to 'False'
[0.201s] Level 5:colcon.colcon_core.verb:set package 'my_gazebo' build argument 'cmake_force_configure' from command line to 'False'
[0.201s] Level 5:colcon.colcon_core.verb:set package 'my_gazebo' build argument 'ament_cmake_args' from command line to 'None'
[0.201s] Level 5:colcon.colcon_core.verb:set package 'my_gazebo' build argument 'catkin_cmake_args' from command line to 'None'
[0.201s] Level 5:colcon.colcon_core.verb:set package 'my_gazebo' build argument 'catkin_skip_building_tests' from command line to 'False'
[0.201s] DEBUG:colcon.colcon_core.verb:Building package 'my_gazebo' with the following arguments: {'ament_cmake_args': None, 'build_base': '/home/wenjia/CBFRL/gazebo_env/build/my_gazebo', 'catkin_cmake_args': None, 'catkin_skip_building_tests': False, 'cmake_args': None, 'cmake_clean_cache': False, 'cmake_clean_first': False, 'cmake_force_configure': False, 'cmake_target': None, 'cmake_target_skip_unavailable': False, 'install_base': '/home/wenjia/CBFRL/gazebo_env/install/my_gazebo', 'merge_install': False, 'path': '/home/wenjia/CBFRL/gazebo_env/src/my_gazebo', 'symlink_install': False, 'test_result_base': None}
[0.201s] Level 5:colcon.colcon_core.verb:set package 'ros2_shared' build argument 'cmake_args' from command line to 'None'
[0.201s] Level 5:colcon.colcon_core.verb:set package 'ros2_shared' build argument 'cmake_target' from command line to 'None'
[0.201s] Level 5:colcon.colcon_core.verb:set package 'ros2_shared' build argument 'cmake_target_skip_unavailable' from command line to 'False'
[0.201s] Level 5:colcon.colcon_core.verb:set package 'ros2_shared' build argument 'cmake_clean_cache' from command line to 'False'
[0.201s] Level 5:colcon.colcon_core.verb:set package 'ros2_shared' build argument 'cmake_clean_first' from command line to 'False'
[0.201s] Level 5:colcon.colcon_core.verb:set package 'ros2_shared' build argument 'cmake_force_configure' from command line to 'False'
[0.201s] Level 5:colcon.colcon_core.verb:set package 'ros2_shared' build argument 'ament_cmake_args' from command line to 'None'
[0.201s] Level 5:colcon.colcon_core.verb:set package 'ros2_shared' build argument 'catkin_cmake_args' from command line to 'None'
[0.201s] Level 5:colcon.colcon_core.verb:set package 'ros2_shared' build argument 'catkin_skip_building_tests' from command line to 'False'
[0.201s] DEBUG:colcon.colcon_core.verb:Building package 'ros2_shared' with the following arguments: {'ament_cmake_args': None, 'build_base': '/home/wenjia/CBFRL/gazebo_env/build/ros2_shared', 'catkin_cmake_args': None, 'catkin_skip_building_tests': False, 'cmake_args': None, 'cmake_clean_cache': False, 'cmake_clean_first': False, 'cmake_force_configure': False, 'cmake_target': None, 'cmake_target_skip_unavailable': False, 'install_base': '/home/wenjia/CBFRL/gazebo_env/install/ros2_shared', 'merge_install': False, 'path': '/home/wenjia/CBFRL/gazebo_env/src/tello-ros2-gazebo/ros2_shared', 'symlink_install': False, 'test_result_base': None}
[0.201s] Level 5:colcon.colcon_core.verb:set package 'tello_description' build argument 'cmake_args' from command line to 'None'
[0.201s] Level 5:colcon.colcon_core.verb:set package 'tello_description' build argument 'cmake_target' from command line to 'None'
[0.201s] Level 5:colcon.colcon_core.verb:set package 'tello_description' build argument 'cmake_target_skip_unavailable' from command line to 'False'
[0.201s] Level 5:colcon.colcon_core.verb:set package 'tello_description' build argument 'cmake_clean_cache' from command line to 'False'
[0.201s] Level 5:colcon.colcon_core.verb:set package 'tello_description' build argument 'cmake_clean_first' from command line to 'False'
[0.201s] Level 5:colcon.colcon_core.verb:set package 'tello_description' build argument 'cmake_force_configure' from command line to 'False'
[0.201s] Level 5:colcon.colcon_core.verb:set package 'tello_description' build argument 'ament_cmake_args' from command line to 'None'
[0.202s] Level 5:colcon.colcon_core.verb:set package 'tello_description' build argument 'catkin_cmake_args' from command line to 'None'
[0.202s] Level 5:colcon.colcon_core.verb:set package 'tello_description' build argument 'catkin_skip_building_tests' from command line to 'False'
[0.202s] DEBUG:colcon.colcon_core.verb:Building package 'tello_description' with the following arguments: {'ament_cmake_args': None, 'build_base': '/home/wenjia/CBFRL/gazebo_env/build/tello_description', 'catkin_cmake_args': None, 'catkin_skip_building_tests': False, 'cmake_args': None, 'cmake_clean_cache': False, 'cmake_clean_first': False, 'cmake_force_configure': False, 'cmake_target': None, 'cmake_target_skip_unavailable': False, 'install_base': '/home/wenjia/CBFRL/gazebo_env/install/tello_description', 'merge_install': False, 'path': '/home/wenjia/CBFRL/gazebo_env/src/tello-ros2-gazebo/tello_ros/tello_description', 'symlink_install': False, 'test_result_base': None}
[0.202s] Level 5:colcon.colcon_core.verb:set package 'tello_msgs' build argument 'cmake_args' from command line to 'None'
[0.202s] Level 5:colcon.colcon_core.verb:set package 'tello_msgs' build argument 'cmake_target' from command line to 'None'
[0.202s] Level 5:colcon.colcon_core.verb:set package 'tello_msgs' build argument 'cmake_target_skip_unavailable' from command line to 'False'
[0.202s] Level 5:colcon.colcon_core.verb:set package 'tello_msgs' build argument 'cmake_clean_cache' from command line to 'False'
[0.202s] Level 5:colcon.colcon_core.verb:set package 'tello_msgs' build argument 'cmake_clean_first' from command line to 'False'
[0.202s] Level 5:colcon.colcon_core.verb:set package 'tello_msgs' build argument 'cmake_force_configure' from command line to 'False'
[0.202s] Level 5:colcon.colcon_core.verb:set package 'tello_msgs' build argument 'ament_cmake_args' from command line to 'None'
[0.202s] Level 5:colcon.colcon_core.verb:set package 'tello_msgs' build argument 'catkin_cmake_args' from command line to 'None'
[0.202s] Level 5:colcon.colcon_core.verb:set package 'tello_msgs' build argument 'catkin_skip_building_tests' from command line to 'False'
[0.202s] DEBUG:colcon.colcon_core.verb:Building package 'tello_msgs' with the following arguments: {'ament_cmake_args': None, 'build_base': '/home/wenjia/CBFRL/gazebo_env/build/tello_msgs', 'catkin_cmake_args': None, 'catkin_skip_building_tests': False, 'cmake_args': None, 'cmake_clean_cache': False, 'cmake_clean_first': False, 'cmake_force_configure': False, 'cmake_target': None, 'cmake_target_skip_unavailable': False, 'install_base': '/home/wenjia/CBFRL/gazebo_env/install/tello_msgs', 'merge_install': False, 'path': '/home/wenjia/CBFRL/gazebo_env/src/tello-ros2-gazebo/tello_ros/tello_msgs', 'symlink_install': False, 'test_result_base': None}
[0.202s] Level 5:colcon.colcon_core.verb:set package 'tello_driver' build argument 'cmake_args' from command line to 'None'
[0.202s] Level 5:colcon.colcon_core.verb:set package 'tello_driver' build argument 'cmake_target' from command line to 'None'
[0.202s] Level 5:colcon.colcon_core.verb:set package 'tello_driver' build argument 'cmake_target_skip_unavailable' from command line to 'False'
[0.202s] Level 5:colcon.colcon_core.verb:set package 'tello_driver' build argument 'cmake_clean_cache' from command line to 'False'
[0.202s] Level 5:colcon.colcon_core.verb:set package 'tello_driver' build argument 'cmake_clean_first' from command line to 'False'
[0.202s] Level 5:colcon.colcon_core.verb:set package 'tello_driver' build argument 'cmake_force_configure' from command line to 'False'
[0.202s] Level 5:colcon.colcon_core.verb:set package 'tello_driver' build argument 'ament_cmake_args' from command line to 'None'
[0.202s] Level 5:colcon.colcon_core.verb:set package 'tello_driver' build argument 'catkin_cmake_args' from command line to 'None'
[0.202s] Level 5:colcon.colcon_core.verb:set package 'tello_driver' build argument 'catkin_skip_building_tests' from command line to 'False'
[0.202s] DEBUG:colcon.colcon_core.verb:Building package 'tello_driver' with the following arguments: {'ament_cmake_args': None, 'build_base': '/home/wenjia/CBFRL/gazebo_env/build/tello_driver', 'catkin_cmake_args': None, 'catkin_skip_building_tests': False, 'cmake_args': None, 'cmake_clean_cache': False, 'cmake_clean_first': False, 'cmake_force_configure': False, 'cmake_target': None, 'cmake_target_skip_unavailable': False, 'install_base': '/home/wenjia/CBFRL/gazebo_env/install/tello_driver', 'merge_install': False, 'path': '/home/wenjia/CBFRL/gazebo_env/src/tello-ros2-gazebo/tello_ros/tello_driver', 'symlink_install': False, 'test_result_base': None}
[0.203s] Level 5:colcon.colcon_core.verb:set package 'tello_gazebo' build argument 'cmake_args' from command line to 'None'
[0.203s] Level 5:colcon.colcon_core.verb:set package 'tello_gazebo' build argument 'cmake_target' from command line to 'None'
[0.203s] Level 5:colcon.colcon_core.verb:set package 'tello_gazebo' build argument 'cmake_target_skip_unavailable' from command line to 'False'
[0.203s] Level 5:colcon.colcon_core.verb:set package 'tello_gazebo' build argument 'cmake_clean_cache' from command line to 'False'
[0.203s] Level 5:colcon.colcon_core.verb:set package 'tello_gazebo' build argument 'cmake_clean_first' from command line to 'False'
[0.203s] Level 5:colcon.colcon_core.verb:set package 'tello_gazebo' build argument 'cmake_force_configure' from command line to 'False'
[0.203s] Level 5:colcon.colcon_core.verb:set package 'tello_gazebo' build argument 'ament_cmake_args' from command line to 'None'
[0.203s] Level 5:colcon.colcon_core.verb:set package 'tello_gazebo' build argument 'catkin_cmake_args' from command line to 'None'
[0.203s] Level 5:colcon.colcon_core.verb:set package 'tello_gazebo' build argument 'catkin_skip_building_tests' from command line to 'False'
[0.203s] DEBUG:colcon.colcon_core.verb:Building package 'tello_gazebo' with the following arguments: {'ament_cmake_args': None, 'build_base': '/home/wenjia/CBFRL/gazebo_env/build/tello_gazebo', 'catkin_cmake_args': None, 'catkin_skip_building_tests': False, 'cmake_args': None, 'cmake_clean_cache': False, 'cmake_clean_first': False, 'cmake_force_configure': False, 'cmake_target': None, 'cmake_target_skip_unavailable': False, 'install_base': '/home/wenjia/CBFRL/gazebo_env/install/tello_gazebo', 'merge_install': False, 'path': '/home/wenjia/CBFRL/gazebo_env/src/tello-ros2-gazebo/tello_ros/tello_gazebo', 'symlink_install': False, 'test_result_base': None}
[0.203s] INFO:colcon.colcon_core.executor:Executing jobs using 'parallel' executor
[0.204s] DEBUG:colcon.colcon_parallel_executor.executor.parallel:run_until_complete
[0.204s] INFO:colcon.colcon_ros.task.ament_cmake.build:Building ROS package in '/home/wenjia/CBFRL/gazebo_env/src/tello-ros2-gazebo/tello_ros/tello_msgs' with build type 'ament_cmake'
[0.204s] INFO:colcon.colcon_cmake.task.cmake.build:Building CMake package in '/home/wenjia/CBFRL/gazebo_env/src/tello-ros2-gazebo/tello_ros/tello_msgs'
[0.207s] INFO:colcon.colcon_core.plugin_system:Skipping extension 'colcon_core.shell.bat': Not used on non-Windows systems
[0.208s] INFO:colcon.colcon_core.shell:Skip shell extension 'powershell' for command environment: Not usable outside of PowerShell
[0.208s] DEBUG:colcon.colcon_core.shell:Skip shell extension 'dsv' for command environment
[0.212s] INFO:colcon.colcon_ros.task.ament_cmake.build:Building ROS package in '/home/wenjia/CBFRL/gazebo_env/src/tello-ros2-gazebo/ros2_shared' with build type 'ament_cmake'
[0.213s] INFO:colcon.colcon_cmake.task.cmake.build:Building CMake package in '/home/wenjia/CBFRL/gazebo_env/src/tello-ros2-gazebo/ros2_shared'
[0.213s] INFO:colcon.colcon_core.shell:Skip shell extension 'powershell' for command environment: Not usable outside of PowerShell
[0.213s] DEBUG:colcon.colcon_core.shell:Skip shell extension 'dsv' for command environment
[0.217s] INFO:colcon.colcon_ros.task.ament_python.build:Building ROS package in '/home/wenjia/CBFRL/gazebo_env/src/my_gazebo' with build type 'ament_python'
[0.217s] Level 1:colcon.colcon_core.shell:create_environment_hook('my_gazebo', 'ament_prefix_path')
[0.217s] INFO:colcon.colcon_core.shell:Creating environment hook '/home/wenjia/CBFRL/gazebo_env/install/my_gazebo/share/my_gazebo/hook/ament_prefix_path.ps1'
[0.218s] INFO:colcon.colcon_core.shell:Creating environment descriptor '/home/wenjia/CBFRL/gazebo_env/install/my_gazebo/share/my_gazebo/hook/ament_prefix_path.dsv'
[0.220s] INFO:colcon.colcon_core.shell:Creating environment hook '/home/wenjia/CBFRL/gazebo_env/install/my_gazebo/share/my_gazebo/hook/ament_prefix_path.sh'
[0.221s] INFO:colcon.colcon_core.shell:Skip shell extension 'powershell' for command environment: Not usable outside of PowerShell
[0.221s] DEBUG:colcon.colcon_core.shell:Skip shell extension 'dsv' for command environment
[0.225s] INFO:colcon.colcon_ros.task.ament_cmake.build:Building ROS package in '/home/wenjia/CBFRL/gazebo_env/src/tello-ros2-gazebo/tello_ros/tello_description' with build type 'ament_cmake'
[0.225s] INFO:colcon.colcon_cmake.task.cmake.build:Building CMake package in '/home/wenjia/CBFRL/gazebo_env/src/tello-ros2-gazebo/tello_ros/tello_description'
[0.225s] INFO:colcon.colcon_core.shell:Skip shell extension 'powershell' for command environment: Not usable outside of PowerShell
[0.225s] DEBUG:colcon.colcon_core.shell:Skip shell extension 'dsv' for command environment
[0.237s] DEBUG:colcon.colcon_core.event_handler.log_command:Invoking command in '/home/wenjia/CBFRL/gazebo_env/build/tello_msgs': CMAKE_PREFIX_PATH=${CMAKE_PREFIX_PATH}:/home/wenjia/CBFRL/gazebo_env/install/my_gazebo:/opt/ros/humble CONDA_PROMPT_MODIFIER=(rl) /usr/bin/cmake --build /home/wenjia/CBFRL/gazebo_env/build/tello_msgs -- -j16 -l16
[0.241s] DEBUG:colcon.colcon_core.event_handler.log_command:Invoking command in '/home/wenjia/CBFRL/gazebo_env/build/ros2_shared': CMAKE_PREFIX_PATH=${CMAKE_PREFIX_PATH}:/home/wenjia/CBFRL/gazebo_env/install/my_gazebo:/opt/ros/humble CONDA_PROMPT_MODIFIER=(rl) /usr/bin/cmake --build /home/wenjia/CBFRL/gazebo_env/build/ros2_shared -- -j16 -l16
[0.477s] INFO:colcon.colcon_core.task.python.build:Building Python package in '/home/wenjia/CBFRL/gazebo_env/src/my_gazebo'
[0.478s] INFO:colcon.colcon_core.shell:Skip shell extension 'powershell' for command environment: Not usable outside of PowerShell
[0.478s] DEBUG:colcon.colcon_core.shell:Skip shell extension 'dsv' for command environment
[0.491s] DEBUG:colcon.colcon_core.event_handler.log_command:Invoking command in '/home/wenjia/CBFRL/gazebo_env/build/tello_description': CMAKE_PREFIX_PATH=${CMAKE_PREFIX_PATH}:/home/wenjia/CBFRL/gazebo_env/install/my_gazebo:/opt/ros/humble CONDA_PROMPT_MODIFIER=(rl) /usr/bin/cmake --build /home/wenjia/CBFRL/gazebo_env/build/tello_description -- -j16 -l16
[0.492s] DEBUG:colcon.colcon_core.event_handler.log_command:Invoked command in '/home/wenjia/CBFRL/gazebo_env/build/ros2_shared' returned '0': CMAKE_PREFIX_PATH=${CMAKE_PREFIX_PATH}:/home/wenjia/CBFRL/gazebo_env/install/my_gazebo:/opt/ros/humble CONDA_PROMPT_MODIFIER=(rl) /usr/bin/cmake --build /home/wenjia/CBFRL/gazebo_env/build/ros2_shared -- -j16 -l16
[0.500s] DEBUG:colcon.colcon_core.event_handler.log_command:Invoking command in '/home/wenjia/CBFRL/gazebo_env/build/ros2_shared': CMAKE_PREFIX_PATH=${CMAKE_PREFIX_PATH}:/home/wenjia/CBFRL/gazebo_env/install/my_gazebo:/opt/ros/humble CONDA_PROMPT_MODIFIER=(rl) /usr/bin/cmake --install /home/wenjia/CBFRL/gazebo_env/build/ros2_shared
[0.525s] Level 1:colcon.colcon_core.environment:create_environment_scripts_only(ros2_shared)
[0.525s] DEBUG:colcon.colcon_core.event_handler.log_command:Invoked command in '/home/wenjia/CBFRL/gazebo_env/build/ros2_shared' returned '0': CMAKE_PREFIX_PATH=${CMAKE_PREFIX_PATH}:/home/wenjia/CBFRL/gazebo_env/install/my_gazebo:/opt/ros/humble CONDA_PROMPT_MODIFIER=(rl) /usr/bin/cmake --install /home/wenjia/CBFRL/gazebo_env/build/ros2_shared
[0.528s] Level 1:colcon.colcon_core.environment:checking '/home/wenjia/CBFRL/gazebo_env/install/ros2_shared' for CMake module files
[0.529s] Level 1:colcon.colcon_core.environment:checking '/home/wenjia/CBFRL/gazebo_env/install/ros2_shared' for CMake config files
[0.529s] Level 1:colcon.colcon_core.shell:create_environment_hook('ros2_shared', 'cmake_prefix_path')
[0.529s] INFO:colcon.colcon_core.shell:Creating environment hook '/home/wenjia/CBFRL/gazebo_env/install/ros2_shared/share/ros2_shared/hook/cmake_prefix_path.ps1'
[0.530s] INFO:colcon.colcon_core.shell:Creating environment descriptor '/home/wenjia/CBFRL/gazebo_env/install/ros2_shared/share/ros2_shared/hook/cmake_prefix_path.dsv'
[0.531s] INFO:colcon.colcon_core.shell:Creating environment hook '/home/wenjia/CBFRL/gazebo_env/install/ros2_shared/share/ros2_shared/hook/cmake_prefix_path.sh'
[0.532s] Level 1:colcon.colcon_core.environment:checking '/home/wenjia/CBFRL/gazebo_env/install/ros2_shared/bin'
[0.532s] Level 1:colcon.colcon_core.environment:checking '/home/wenjia/CBFRL/gazebo_env/install/ros2_shared/lib/pkgconfig/ros2_shared.pc'
[0.533s] Level 1:colcon.colcon_core.environment:checking '/home/wenjia/CBFRL/gazebo_env/install/ros2_shared/lib/python3.10/site-packages'
[0.533s] Level 1:colcon.colcon_core.environment:checking '/home/wenjia/CBFRL/gazebo_env/install/ros2_shared/bin'
[0.534s] INFO:colcon.colcon_core.shell:Creating package script '/home/wenjia/CBFRL/gazebo_env/install/ros2_shared/share/ros2_shared/package.ps1'
[0.536s] INFO:colcon.colcon_core.shell:Creating package descriptor '/home/wenjia/CBFRL/gazebo_env/install/ros2_shared/share/ros2_shared/package.dsv'
[0.537s] INFO:colcon.colcon_core.shell:Creating package script '/home/wenjia/CBFRL/gazebo_env/install/ros2_shared/share/ros2_shared/package.sh'
[0.539s] INFO:colcon.colcon_core.shell:Creating package script '/home/wenjia/CBFRL/gazebo_env/install/ros2_shared/share/ros2_shared/package.bash'
[0.541s] INFO:colcon.colcon_core.shell:Creating package script '/home/wenjia/CBFRL/gazebo_env/install/ros2_shared/share/ros2_shared/package.zsh'
[0.542s] Level 1:colcon.colcon_core.environment:create_file_with_runtime_dependencies(/home/wenjia/CBFRL/gazebo_env/install/ros2_shared/share/colcon-core/packages/ros2_shared)
[0.544s] Level 1:colcon.colcon_core.environment:create_environment_scripts_only(ros2_shared)
[0.544s] Level 1:colcon.colcon_core.environment:checking '/home/wenjia/CBFRL/gazebo_env/install/ros2_shared' for CMake module files
[0.545s] Level 1:colcon.colcon_core.environment:checking '/home/wenjia/CBFRL/gazebo_env/install/ros2_shared' for CMake config files
[0.546s] Level 1:colcon.colcon_core.shell:create_environment_hook('ros2_shared', 'cmake_prefix_path')
[0.546s] INFO:colcon.colcon_core.shell:Creating environment hook '/home/wenjia/CBFRL/gazebo_env/install/ros2_shared/share/ros2_shared/hook/cmake_prefix_path.ps1'
[0.547s] INFO:colcon.colcon_core.shell:Creating environment descriptor '/home/wenjia/CBFRL/gazebo_env/install/ros2_shared/share/ros2_shared/hook/cmake_prefix_path.dsv'
[0.548s] INFO:colcon.colcon_core.shell:Creating environment hook '/home/wenjia/CBFRL/gazebo_env/install/ros2_shared/share/ros2_shared/hook/cmake_prefix_path.sh'
[0.549s] Level 1:colcon.colcon_core.environment:checking '/home/wenjia/CBFRL/gazebo_env/install/ros2_shared/bin'
[0.549s] Level 1:colcon.colcon_core.environment:checking '/home/wenjia/CBFRL/gazebo_env/install/ros2_shared/lib/pkgconfig/ros2_shared.pc'
[0.549s] Level 1:colcon.colcon_core.environment:checking '/home/wenjia/CBFRL/gazebo_env/install/ros2_shared/lib/python3.10/site-packages'
[0.550s] Level 1:colcon.colcon_core.environment:checking '/home/wenjia/CBFRL/gazebo_env/install/ros2_shared/bin'
[0.550s] INFO:colcon.colcon_core.shell:Creating package script '/home/wenjia/CBFRL/gazebo_env/install/ros2_shared/share/ros2_shared/package.ps1'
[0.551s] INFO:colcon.colcon_core.shell:Creating package descriptor '/home/wenjia/CBFRL/gazebo_env/install/ros2_shared/share/ros2_shared/package.dsv'
[0.552s] INFO:colcon.colcon_core.shell:Creating package script '/home/wenjia/CBFRL/gazebo_env/install/ros2_shared/share/ros2_shared/package.sh'
[0.553s] INFO:colcon.colcon_core.shell:Creating package script '/home/wenjia/CBFRL/gazebo_env/install/ros2_shared/share/ros2_shared/package.bash'
[0.554s] INFO:colcon.colcon_core.shell:Creating package script '/home/wenjia/CBFRL/gazebo_env/install/ros2_shared/share/ros2_shared/package.zsh'
[0.554s] Level 1:colcon.colcon_core.environment:create_file_with_runtime_dependencies(/home/wenjia/CBFRL/gazebo_env/install/ros2_shared/share/colcon-core/packages/ros2_shared)
[0.576s] DEBUG:colcon.colcon_core.event_handler.log_command:Invoked command in '/home/wenjia/CBFRL/gazebo_env/build/tello_description' returned '0': CMAKE_PREFIX_PATH=${CMAKE_PREFIX_PATH}:/home/wenjia/CBFRL/gazebo_env/install/my_gazebo:/opt/ros/humble CONDA_PROMPT_MODIFIER=(rl) /usr/bin/cmake --build /home/wenjia/CBFRL/gazebo_env/build/tello_description -- -j16 -l16
[0.578s] DEBUG:colcon.colcon_core.event_handler.log_command:Invoking command in '/home/wenjia/CBFRL/gazebo_env/build/tello_description': CMAKE_PREFIX_PATH=${CMAKE_PREFIX_PATH}:/home/wenjia/CBFRL/gazebo_env/install/my_gazebo:/opt/ros/humble CONDA_PROMPT_MODIFIER=(rl) /usr/bin/cmake --install /home/wenjia/CBFRL/gazebo_env/build/tello_description
[0.604s] Level 1:colcon.colcon_core.environment:create_environment_scripts_only(tello_description)
[0.604s] Level 1:colcon.colcon_core.environment:checking '/home/wenjia/CBFRL/gazebo_env/install/tello_description' for CMake module files
[0.605s] DEBUG:colcon.colcon_core.event_handler.log_command:Invoked command in '/home/wenjia/CBFRL/gazebo_env/build/tello_description' returned '0': CMAKE_PREFIX_PATH=${CMAKE_PREFIX_PATH}:/home/wenjia/CBFRL/gazebo_env/install/my_gazebo:/opt/ros/humble CONDA_PROMPT_MODIFIER=(rl) /usr/bin/cmake --install /home/wenjia/CBFRL/gazebo_env/build/tello_description
[0.606s] Level 1:colcon.colcon_core.environment:checking '/home/wenjia/CBFRL/gazebo_env/install/tello_description' for CMake config files
[0.606s] Level 1:colcon.colcon_core.shell:create_environment_hook('tello_description', 'cmake_prefix_path')
[0.606s] INFO:colcon.colcon_core.shell:Creating environment hook '/home/wenjia/CBFRL/gazebo_env/install/tello_description/share/tello_description/hook/cmake_prefix_path.ps1'
[0.607s] INFO:colcon.colcon_core.shell:Creating environment descriptor '/home/wenjia/CBFRL/gazebo_env/install/tello_description/share/tello_description/hook/cmake_prefix_path.dsv'
[0.608s] INFO:colcon.colcon_core.shell:Creating environment hook '/home/wenjia/CBFRL/gazebo_env/install/tello_description/share/tello_description/hook/cmake_prefix_path.sh'
[0.609s] Level 1:colcon.colcon_core.environment:checking '/home/wenjia/CBFRL/gazebo_env/install/tello_description/bin'
[0.609s] Level 1:colcon.colcon_core.environment:checking '/home/wenjia/CBFRL/gazebo_env/install/tello_description/lib/pkgconfig/tello_description.pc'
[0.609s] Level 1:colcon.colcon_core.environment:checking '/home/wenjia/CBFRL/gazebo_env/install/tello_description/lib/python3.10/site-packages'
[0.610s] Level 1:colcon.colcon_core.environment:checking '/home/wenjia/CBFRL/gazebo_env/install/tello_description/bin'
[0.610s] INFO:colcon.colcon_core.shell:Creating package script '/home/wenjia/CBFRL/gazebo_env/install/tello_description/share/tello_description/package.ps1'
[0.611s] INFO:colcon.colcon_core.shell:Creating package descriptor '/home/wenjia/CBFRL/gazebo_env/install/tello_description/share/tello_description/package.dsv'
[0.612s] INFO:colcon.colcon_core.shell:Creating package script '/home/wenjia/CBFRL/gazebo_env/install/tello_description/share/tello_description/package.sh'
[0.613s] INFO:colcon.colcon_core.shell:Creating package script '/home/wenjia/CBFRL/gazebo_env/install/tello_description/share/tello_description/package.bash'
[0.613s] INFO:colcon.colcon_core.shell:Creating package script '/home/wenjia/CBFRL/gazebo_env/install/tello_description/share/tello_description/package.zsh'
[0.614s] Level 1:colcon.colcon_core.environment:create_file_with_runtime_dependencies(/home/wenjia/CBFRL/gazebo_env/install/tello_description/share/colcon-core/packages/tello_description)
[0.615s] Level 1:colcon.colcon_core.environment:create_environment_scripts_only(tello_description)
[0.615s] Level 1:colcon.colcon_core.environment:checking '/home/wenjia/CBFRL/gazebo_env/install/tello_description' for CMake module files
[0.616s] Level 1:colcon.colcon_core.environment:checking '/home/wenjia/CBFRL/gazebo_env/install/tello_description' for CMake config files
[0.616s] Level 1:colcon.colcon_core.shell:create_environment_hook('tello_description', 'cmake_prefix_path')
[0.616s] INFO:colcon.colcon_core.shell:Creating environment hook '/home/wenjia/CBFRL/gazebo_env/install/tello_description/share/tello_description/hook/cmake_prefix_path.ps1'
[0.617s] INFO:colcon.colcon_core.shell:Creating environment descriptor '/home/wenjia/CBFRL/gazebo_env/install/tello_description/share/tello_description/hook/cmake_prefix_path.dsv'
[0.618s] INFO:colcon.colcon_core.shell:Creating environment hook '/home/wenjia/CBFRL/gazebo_env/install/tello_description/share/tello_description/hook/cmake_prefix_path.sh'
[0.619s] Level 1:colcon.colcon_core.environment:checking '/home/wenjia/CBFRL/gazebo_env/install/tello_description/bin'
[0.619s] Level 1:colcon.colcon_core.environment:checking '/home/wenjia/CBFRL/gazebo_env/install/tello_description/lib/pkgconfig/tello_description.pc'
[0.620s] Level 1:colcon.colcon_core.environment:checking '/home/wenjia/CBFRL/gazebo_env/install/tello_description/lib/python3.10/site-packages'
[0.620s] Level 1:colcon.colcon_core.environment:checking '/home/wenjia/CBFRL/gazebo_env/install/tello_description/bin'
[0.621s] INFO:colcon.colcon_core.shell:Creating package script '/home/wenjia/CBFRL/gazebo_env/install/tello_description/share/tello_description/package.ps1'
[0.622s] INFO:colcon.colcon_core.shell:Creating package descriptor '/home/wenjia/CBFRL/gazebo_env/install/tello_description/share/tello_description/package.dsv'
[0.623s] INFO:colcon.colcon_core.shell:Creating package script '/home/wenjia/CBFRL/gazebo_env/install/tello_description/share/tello_description/package.sh'
[0.624s] INFO:colcon.colcon_core.shell:Creating package script '/home/wenjia/CBFRL/gazebo_env/install/tello_description/share/tello_description/package.bash'
[0.625s] INFO:colcon.colcon_core.shell:Creating package script '/home/wenjia/CBFRL/gazebo_env/install/tello_description/share/tello_description/package.zsh'
[0.626s] Level 1:colcon.colcon_core.environment:create_file_with_runtime_dependencies(/home/wenjia/CBFRL/gazebo_env/install/tello_description/share/colcon-core/packages/tello_description)
[0.692s] DEBUG:colcon.colcon_core.event_handler.log_command:Invoked command in '/home/wenjia/CBFRL/gazebo_env/build/tello_msgs' returned '0': CMAKE_PREFIX_PATH=${CMAKE_PREFIX_PATH}:/home/wenjia/CBFRL/gazebo_env/install/my_gazebo:/opt/ros/humble CONDA_PROMPT_MODIFIER=(rl) /usr/bin/cmake --build /home/wenjia/CBFRL/gazebo_env/build/tello_msgs -- -j16 -l16
[0.695s] DEBUG:colcon.colcon_core.event_handler.log_command:Invoking command in '/home/wenjia/CBFRL/gazebo_env/build/tello_msgs': CMAKE_PREFIX_PATH=${CMAKE_PREFIX_PATH}:/home/wenjia/CBFRL/gazebo_env/install/my_gazebo:/opt/ros/humble CONDA_PROMPT_MODIFIER=(rl) /usr/bin/cmake --install /home/wenjia/CBFRL/gazebo_env/build/tello_msgs
[0.787s] Level 1:colcon.colcon_core.environment:create_environment_scripts_only(tello_msgs)
[0.787s] Level 1:colcon.colcon_core.environment:checking '/home/wenjia/CBFRL/gazebo_env/install/tello_msgs' for CMake module files
[0.788s] DEBUG:colcon.colcon_core.event_handler.log_command:Invoked command in '/home/wenjia/CBFRL/gazebo_env/build/tello_msgs' returned '0': CMAKE_PREFIX_PATH=${CMAKE_PREFIX_PATH}:/home/wenjia/CBFRL/gazebo_env/install/my_gazebo:/opt/ros/humble CONDA_PROMPT_MODIFIER=(rl) /usr/bin/cmake --install /home/wenjia/CBFRL/gazebo_env/build/tello_msgs
[0.789s] Level 1:colcon.colcon_core.environment:checking '/home/wenjia/CBFRL/gazebo_env/install/tello_msgs' for CMake config files
[0.790s] Level 1:colcon.colcon_core.shell:create_environment_hook('tello_msgs', 'cmake_prefix_path')
[0.790s] INFO:colcon.colcon_core.shell:Creating environment hook '/home/wenjia/CBFRL/gazebo_env/install/tello_msgs/share/tello_msgs/hook/cmake_prefix_path.ps1'
[0.791s] INFO:colcon.colcon_core.shell:Creating environment descriptor '/home/wenjia/CBFRL/gazebo_env/install/tello_msgs/share/tello_msgs/hook/cmake_prefix_path.dsv'
[0.792s] INFO:colcon.colcon_core.shell:Creating environment hook '/home/wenjia/CBFRL/gazebo_env/install/tello_msgs/share/tello_msgs/hook/cmake_prefix_path.sh'
[0.793s] Level 1:colcon.colcon_core.environment:checking '/home/wenjia/CBFRL/gazebo_env/install/tello_msgs/lib'
[0.794s] Level 1:colcon.colcon_core.shell:create_environment_hook('tello_msgs', 'ld_library_path_lib')
[0.794s] INFO:colcon.colcon_core.shell:Creating environment hook '/home/wenjia/CBFRL/gazebo_env/install/tello_msgs/share/tello_msgs/hook/ld_library_path_lib.ps1'
[0.795s] INFO:colcon.colcon_core.shell:Creating environment descriptor '/home/wenjia/CBFRL/gazebo_env/install/tello_msgs/share/tello_msgs/hook/ld_library_path_lib.dsv'
[0.796s] INFO:colcon.colcon_core.shell:Creating environment hook '/home/wenjia/CBFRL/gazebo_env/install/tello_msgs/share/tello_msgs/hook/ld_library_path_lib.sh'
[0.796s] Level 1:colcon.colcon_core.environment:checking '/home/wenjia/CBFRL/gazebo_env/install/tello_msgs/bin'
[0.797s] Level 1:colcon.colcon_core.environment:checking '/home/wenjia/CBFRL/gazebo_env/install/tello_msgs/lib/pkgconfig/tello_msgs.pc'
[0.797s] Level 1:colcon.colcon_core.environment:checking '/home/wenjia/CBFRL/gazebo_env/install/tello_msgs/lib/python3.10/site-packages'
[0.797s] Level 1:colcon.colcon_core.environment:checking '/home/wenjia/CBFRL/gazebo_env/install/tello_msgs/bin'
[0.798s] INFO:colcon.colcon_core.shell:Creating package script '/home/wenjia/CBFRL/gazebo_env/install/tello_msgs/share/tello_msgs/package.ps1'
[0.799s] INFO:colcon.colcon_core.shell:Creating package descriptor '/home/wenjia/CBFRL/gazebo_env/install/tello_msgs/share/tello_msgs/package.dsv'
[0.800s] INFO:colcon.colcon_core.shell:Creating package script '/home/wenjia/CBFRL/gazebo_env/install/tello_msgs/share/tello_msgs/package.sh'
[0.800s] INFO:colcon.colcon_core.shell:Creating package script '/home/wenjia/CBFRL/gazebo_env/install/tello_msgs/share/tello_msgs/package.bash'
[0.801s] INFO:colcon.colcon_core.shell:Creating package script '/home/wenjia/CBFRL/gazebo_env/install/tello_msgs/share/tello_msgs/package.zsh'
[0.802s] Level 1:colcon.colcon_core.environment:create_file_with_runtime_dependencies(/home/wenjia/CBFRL/gazebo_env/install/tello_msgs/share/colcon-core/packages/tello_msgs)
[0.803s] Level 1:colcon.colcon_core.environment:create_environment_scripts_only(tello_msgs)
[0.803s] Level 1:colcon.colcon_core.environment:checking '/home/wenjia/CBFRL/gazebo_env/install/tello_msgs' for CMake module files
[0.804s] Level 1:colcon.colcon_core.environment:checking '/home/wenjia/CBFRL/gazebo_env/install/tello_msgs' for CMake config files
[0.805s] Level 1:colcon.colcon_core.shell:create_environment_hook('tello_msgs', 'cmake_prefix_path')
[0.805s] INFO:colcon.colcon_core.shell:Creating environment hook '/home/wenjia/CBFRL/gazebo_env/install/tello_msgs/share/tello_msgs/hook/cmake_prefix_path.ps1'
[0.806s] INFO:colcon.colcon_core.shell:Creating environment descriptor '/home/wenjia/CBFRL/gazebo_env/install/tello_msgs/share/tello_msgs/hook/cmake_prefix_path.dsv'
[0.807s] INFO:colcon.colcon_core.shell:Creating environment hook '/home/wenjia/CBFRL/gazebo_env/install/tello_msgs/share/tello_msgs/hook/cmake_prefix_path.sh'
[0.808s] Level 1:colcon.colcon_core.environment:checking '/home/wenjia/CBFRL/gazebo_env/install/tello_msgs/lib'
[0.808s] Level 1:colcon.colcon_core.shell:create_environment_hook('tello_msgs', 'ld_library_path_lib')
[0.809s] INFO:colcon.colcon_core.shell:Creating environment hook '/home/wenjia/CBFRL/gazebo_env/install/tello_msgs/share/tello_msgs/hook/ld_library_path_lib.ps1'
[0.810s] INFO:colcon.colcon_core.shell:Creating environment descriptor '/home/wenjia/CBFRL/gazebo_env/install/tello_msgs/share/tello_msgs/hook/ld_library_path_lib.dsv'
[0.810s] INFO:colcon.colcon_core.shell:Creating environment hook '/home/wenjia/CBFRL/gazebo_env/install/tello_msgs/share/tello_msgs/hook/ld_library_path_lib.sh'
[0.811s] Level 1:colcon.colcon_core.environment:checking '/home/wenjia/CBFRL/gazebo_env/install/tello_msgs/bin'
[0.811s] Level 1:colcon.colcon_core.environment:checking '/home/wenjia/CBFRL/gazebo_env/install/tello_msgs/lib/pkgconfig/tello_msgs.pc'
[0.812s] Level 1:colcon.colcon_core.environment:checking '/home/wenjia/CBFRL/gazebo_env/install/tello_msgs/lib/python3.10/site-packages'
[0.812s] Level 1:colcon.colcon_core.environment:checking '/home/wenjia/CBFRL/gazebo_env/install/tello_msgs/bin'
[0.813s] INFO:colcon.colcon_core.shell:Creating package script '/home/wenjia/CBFRL/gazebo_env/install/tello_msgs/share/tello_msgs/package.ps1'
[0.814s] INFO:colcon.colcon_core.shell:Creating package descriptor '/home/wenjia/CBFRL/gazebo_env/install/tello_msgs/share/tello_msgs/package.dsv'
[0.815s] INFO:colcon.colcon_core.shell:Creating package script '/home/wenjia/CBFRL/gazebo_env/install/tello_msgs/share/tello_msgs/package.sh'
[0.816s] INFO:colcon.colcon_core.shell:Creating package script '/home/wenjia/CBFRL/gazebo_env/install/tello_msgs/share/tello_msgs/package.bash'
[0.817s] INFO:colcon.colcon_core.shell:Creating package script '/home/wenjia/CBFRL/gazebo_env/install/tello_msgs/share/tello_msgs/package.zsh'
[0.818s] Level 1:colcon.colcon_core.environment:create_file_with_runtime_dependencies(/home/wenjia/CBFRL/gazebo_env/install/tello_msgs/share/colcon-core/packages/tello_msgs)
[0.818s] INFO:colcon.colcon_ros.task.ament_cmake.build:Building ROS package in '/home/wenjia/CBFRL/gazebo_env/src/tello-ros2-gazebo/tello_ros/tello_driver' with build type 'ament_cmake'
[0.818s] INFO:colcon.colcon_cmake.task.cmake.build:Building CMake package in '/home/wenjia/CBFRL/gazebo_env/src/tello-ros2-gazebo/tello_ros/tello_driver'
[0.819s] INFO:colcon.colcon_core.shell:Skip shell extension 'powershell' for command environment: Not usable outside of PowerShell
[0.819s] DEBUG:colcon.colcon_core.shell:Skip shell extension 'dsv' for command environment
[0.827s] INFO:colcon.colcon_ros.task.ament_cmake.build:Building ROS package in '/home/wenjia/CBFRL/gazebo_env/src/tello-ros2-gazebo/tello_ros/tello_gazebo' with build type 'ament_cmake'
[0.827s] INFO:colcon.colcon_cmake.task.cmake.build:Building CMake package in '/home/wenjia/CBFRL/gazebo_env/src/tello-ros2-gazebo/tello_ros/tello_gazebo'
[0.828s] INFO:colcon.colcon_core.shell:Skip shell extension 'powershell' for command environment: Not usable outside of PowerShell
[0.828s] DEBUG:colcon.colcon_core.shell:Skip shell extension 'dsv' for command environment
[0.843s] DEBUG:colcon.colcon_core.event_handler.log_command:Invoking command in '/home/wenjia/CBFRL/gazebo_env/build/tello_driver': CMAKE_PREFIX_PATH=/home/wenjia/CBFRL/gazebo_env/install/tello_msgs:/home/wenjia/CBFRL/gazebo_env/install/ros2_shared:/home/wenjia/CBFRL/gazebo_env/install/tello_gazebo:/home/wenjia/CBFRL/gazebo_env/install/tello_driver:/home/wenjia/CBFRL/gazebo_env/install/tello_description:/home/wenjia/CBFRL/gazebo_env/install/my_gazebo:/opt/ros/humble CONDA_PROMPT_MODIFIER=(rl) LD_LIBRARY_PATH=/home/wenjia/CBFRL/gazebo_env/install/tello_msgs/lib:/home/wenjia/CBFRL/gazebo_env/install/tello_gazebo/lib:/home/wenjia/CBFRL/gazebo_env/install/tello_driver/lib:/home/bwu/libfranka/build:/usr/lib/x86_64-linux-gnu/gazebo-11/plugins:/opt/ros/humble/opt/rviz_ogre_vendor/lib:/opt/ros/humble/lib/x86_64-linux-gnu:/opt/ros/humble/lib /usr/bin/cmake --build /home/wenjia/CBFRL/gazebo_env/build/tello_driver -- -j16 -l16
[0.849s] DEBUG:colcon.colcon_core.event_handler.log_command:Invoking command in '/home/wenjia/CBFRL/gazebo_env/build/tello_gazebo': CMAKE_PREFIX_PATH=/home/wenjia/CBFRL/gazebo_env/install/tello_msgs:/home/wenjia/CBFRL/gazebo_env/install/tello_gazebo:/home/wenjia/CBFRL/gazebo_env/install/tello_driver:/home/wenjia/CBFRL/gazebo_env/install/tello_description:/home/wenjia/CBFRL/gazebo_env/install/ros2_shared:/home/wenjia/CBFRL/gazebo_env/install/my_gazebo:/opt/ros/humble CONDA_PROMPT_MODIFIER=(rl) LD_LIBRARY_PATH=/home/wenjia/CBFRL/gazebo_env/install/tello_msgs/lib:/home/wenjia/CBFRL/gazebo_env/install/tello_gazebo/lib:/home/wenjia/CBFRL/gazebo_env/install/tello_driver/lib:/home/bwu/libfranka/build:/usr/lib/x86_64-linux-gnu/gazebo-11/plugins:/opt/ros/humble/opt/rviz_ogre_vendor/lib:/opt/ros/humble/lib/x86_64-linux-gnu:/opt/ros/humble/lib /usr/bin/cmake --build /home/wenjia/CBFRL/gazebo_env/build/tello_gazebo -- -j16 -l16
[0.950s] DEBUG:colcon.colcon_core.event_handler.log_command:Invoked command in '/home/wenjia/CBFRL/gazebo_env/build/tello_driver' returned '0': CMAKE_PREFIX_PATH=/home/wenjia/CBFRL/gazebo_env/install/tello_msgs:/home/wenjia/CBFRL/gazebo_env/install/ros2_shared:/home/wenjia/CBFRL/gazebo_env/install/tello_gazebo:/home/wenjia/CBFRL/gazebo_env/install/tello_driver:/home/wenjia/CBFRL/gazebo_env/install/tello_description:/home/wenjia/CBFRL/gazebo_env/install/my_gazebo:/opt/ros/humble CONDA_PROMPT_MODIFIER=(rl) LD_LIBRARY_PATH=/home/wenjia/CBFRL/gazebo_env/install/tello_msgs/lib:/home/wenjia/CBFRL/gazebo_env/install/tello_gazebo/lib:/home/wenjia/CBFRL/gazebo_env/install/tello_driver/lib:/home/bwu/libfranka/build:/usr/lib/x86_64-linux-gnu/gazebo-11/plugins:/opt/ros/humble/opt/rviz_ogre_vendor/lib:/opt/ros/humble/lib/x86_64-linux-gnu:/opt/ros/humble/lib /usr/bin/cmake --build /home/wenjia/CBFRL/gazebo_env/build/tello_driver -- -j16 -l16
[0.952s] DEBUG:colcon.colcon_core.event_handler.log_command:Invoking command in '/home/wenjia/CBFRL/gazebo_env/build/tello_driver': CMAKE_PREFIX_PATH=/home/wenjia/CBFRL/gazebo_env/install/tello_msgs:/home/wenjia/CBFRL/gazebo_env/install/ros2_shared:/home/wenjia/CBFRL/gazebo_env/install/tello_gazebo:/home/wenjia/CBFRL/gazebo_env/install/tello_driver:/home/wenjia/CBFRL/gazebo_env/install/tello_description:/home/wenjia/CBFRL/gazebo_env/install/my_gazebo:/opt/ros/humble CONDA_PROMPT_MODIFIER=(rl) LD_LIBRARY_PATH=/home/wenjia/CBFRL/gazebo_env/install/tello_msgs/lib:/home/wenjia/CBFRL/gazebo_env/install/tello_gazebo/lib:/home/wenjia/CBFRL/gazebo_env/install/tello_driver/lib:/home/bwu/libfranka/build:/usr/lib/x86_64-linux-gnu/gazebo-11/plugins:/opt/ros/humble/opt/rviz_ogre_vendor/lib:/opt/ros/humble/lib/x86_64-linux-gnu:/opt/ros/humble/lib /usr/bin/cmake --install /home/wenjia/CBFRL/gazebo_env/build/tello_driver
[0.960s] DEBUG:colcon.colcon_core.event_handler.log_command:Invoked command in '/home/wenjia/CBFRL/gazebo_env/build/tello_gazebo' returned '0': CMAKE_PREFIX_PATH=/home/wenjia/CBFRL/gazebo_env/install/tello_msgs:/home/wenjia/CBFRL/gazebo_env/install/tello_gazebo:/home/wenjia/CBFRL/gazebo_env/install/tello_driver:/home/wenjia/CBFRL/gazebo_env/install/tello_description:/home/wenjia/CBFRL/gazebo_env/install/ros2_shared:/home/wenjia/CBFRL/gazebo_env/install/my_gazebo:/opt/ros/humble CONDA_PROMPT_MODIFIER=(rl) LD_LIBRARY_PATH=/home/wenjia/CBFRL/gazebo_env/install/tello_msgs/lib:/home/wenjia/CBFRL/gazebo_env/install/tello_gazebo/lib:/home/wenjia/CBFRL/gazebo_env/install/tello_driver/lib:/home/bwu/libfranka/build:/usr/lib/x86_64-linux-gnu/gazebo-11/plugins:/opt/ros/humble/opt/rviz_ogre_vendor/lib:/opt/ros/humble/lib/x86_64-linux-gnu:/opt/ros/humble/lib /usr/bin/cmake --build /home/wenjia/CBFRL/gazebo_env/build/tello_gazebo -- -j16 -l16
[0.964s] DEBUG:colcon.colcon_core.event_handler.log_command:Invoking command in '/home/wenjia/CBFRL/gazebo_env/build/tello_gazebo': CMAKE_PREFIX_PATH=/home/wenjia/CBFRL/gazebo_env/install/tello_msgs:/home/wenjia/CBFRL/gazebo_env/install/tello_gazebo:/home/wenjia/CBFRL/gazebo_env/install/tello_driver:/home/wenjia/CBFRL/gazebo_env/install/tello_description:/home/wenjia/CBFRL/gazebo_env/install/ros2_shared:/home/wenjia/CBFRL/gazebo_env/install/my_gazebo:/opt/ros/humble CONDA_PROMPT_MODIFIER=(rl) LD_LIBRARY_PATH=/home/wenjia/CBFRL/gazebo_env/install/tello_msgs/lib:/home/wenjia/CBFRL/gazebo_env/install/tello_gazebo/lib:/home/wenjia/CBFRL/gazebo_env/install/tello_driver/lib:/home/bwu/libfranka/build:/usr/lib/x86_64-linux-gnu/gazebo-11/plugins:/opt/ros/humble/opt/rviz_ogre_vendor/lib:/opt/ros/humble/lib/x86_64-linux-gnu:/opt/ros/humble/lib /usr/bin/cmake --install /home/wenjia/CBFRL/gazebo_env/build/tello_gazebo
[0.990s] Level 1:colcon.colcon_core.environment:create_environment_scripts_only(tello_driver)
[0.990s] Level 1:colcon.colcon_core.environment:checking '/home/wenjia/CBFRL/gazebo_env/install/tello_driver' for CMake module files
[0.991s] DEBUG:colcon.colcon_core.event_handler.log_command:Invoked command in '/home/wenjia/CBFRL/gazebo_env/build/tello_driver' returned '0': CMAKE_PREFIX_PATH=/home/wenjia/CBFRL/gazebo_env/install/tello_msgs:/home/wenjia/CBFRL/gazebo_env/install/ros2_shared:/home/wenjia/CBFRL/gazebo_env/install/tello_gazebo:/home/wenjia/CBFRL/gazebo_env/install/tello_driver:/home/wenjia/CBFRL/gazebo_env/install/tello_description:/home/wenjia/CBFRL/gazebo_env/install/my_gazebo:/opt/ros/humble CONDA_PROMPT_MODIFIER=(rl) LD_LIBRARY_PATH=/home/wenjia/CBFRL/gazebo_env/install/tello_msgs/lib:/home/wenjia/CBFRL/gazebo_env/install/tello_gazebo/lib:/home/wenjia/CBFRL/gazebo_env/install/tello_driver/lib:/home/bwu/libfranka/build:/usr/lib/x86_64-linux-gnu/gazebo-11/plugins:/opt/ros/humble/opt/rviz_ogre_vendor/lib:/opt/ros/humble/lib/x86_64-linux-gnu:/opt/ros/humble/lib /usr/bin/cmake --install /home/wenjia/CBFRL/gazebo_env/build/tello_driver
[0.992s] Level 1:colcon.colcon_core.environment:checking '/home/wenjia/CBFRL/gazebo_env/install/tello_driver' for CMake config files
[0.993s] Level 1:colcon.colcon_core.shell:create_environment_hook('tello_driver', 'cmake_prefix_path')
[0.993s] INFO:colcon.colcon_core.shell:Creating environment hook '/home/wenjia/CBFRL/gazebo_env/install/tello_driver/share/tello_driver/hook/cmake_prefix_path.ps1'
[0.994s] INFO:colcon.colcon_core.shell:Creating environment descriptor '/home/wenjia/CBFRL/gazebo_env/install/tello_driver/share/tello_driver/hook/cmake_prefix_path.dsv'
[0.995s] INFO:colcon.colcon_core.shell:Creating environment hook '/home/wenjia/CBFRL/gazebo_env/install/tello_driver/share/tello_driver/hook/cmake_prefix_path.sh'
[0.996s] Level 1:colcon.colcon_core.environment:checking '/home/wenjia/CBFRL/gazebo_env/install/tello_driver/lib'
[0.996s] Level 1:colcon.colcon_core.shell:create_environment_hook('tello_driver', 'ld_library_path_lib')
[0.996s] INFO:colcon.colcon_core.shell:Creating environment hook '/home/wenjia/CBFRL/gazebo_env/install/tello_driver/share/tello_driver/hook/ld_library_path_lib.ps1'
[0.997s] INFO:colcon.colcon_core.shell:Creating environment descriptor '/home/wenjia/CBFRL/gazebo_env/install/tello_driver/share/tello_driver/hook/ld_library_path_lib.dsv'
[0.997s] INFO:colcon.colcon_core.shell:Creating environment hook '/home/wenjia/CBFRL/gazebo_env/install/tello_driver/share/tello_driver/hook/ld_library_path_lib.sh'
[0.998s] Level 1:colcon.colcon_core.environment:checking '/home/wenjia/CBFRL/gazebo_env/install/tello_driver/bin'
[0.998s] Level 1:colcon.colcon_core.environment:checking '/home/wenjia/CBFRL/gazebo_env/install/tello_driver/lib/pkgconfig/tello_driver.pc'
[0.999s] Level 1:colcon.colcon_core.environment:checking '/home/wenjia/CBFRL/gazebo_env/install/tello_driver/lib/python3.10/site-packages'
[0.999s] Level 1:colcon.colcon_core.environment:checking '/home/wenjia/CBFRL/gazebo_env/install/tello_driver/bin'
[1.000s] INFO:colcon.colcon_core.shell:Creating package script '/home/wenjia/CBFRL/gazebo_env/install/tello_driver/share/tello_driver/package.ps1'
[1.002s] INFO:colcon.colcon_core.shell:Creating package descriptor '/home/wenjia/CBFRL/gazebo_env/install/tello_driver/share/tello_driver/package.dsv'
[1.003s] INFO:colcon.colcon_core.shell:Creating package script '/home/wenjia/CBFRL/gazebo_env/install/tello_driver/share/tello_driver/package.sh'
[1.003s] INFO:colcon.colcon_core.shell:Creating package script '/home/wenjia/CBFRL/gazebo_env/install/tello_driver/share/tello_driver/package.bash'
[1.004s] INFO:colcon.colcon_core.shell:Creating package script '/home/wenjia/CBFRL/gazebo_env/install/tello_driver/share/tello_driver/package.zsh'
[1.005s] Level 1:colcon.colcon_core.environment:create_file_with_runtime_dependencies(/home/wenjia/CBFRL/gazebo_env/install/tello_driver/share/colcon-core/packages/tello_driver)
[1.006s] Level 1:colcon.colcon_core.environment:create_environment_scripts_only(tello_driver)
[1.006s] Level 1:colcon.colcon_core.environment:checking '/home/wenjia/CBFRL/gazebo_env/install/tello_driver' for CMake module files
[1.007s] Level 1:colcon.colcon_core.environment:checking '/home/wenjia/CBFRL/gazebo_env/install/tello_driver' for CMake config files
[1.008s] Level 1:colcon.colcon_core.shell:create_environment_hook('tello_driver', 'cmake_prefix_path')
[1.008s] INFO:colcon.colcon_core.shell:Creating environment hook '/home/wenjia/CBFRL/gazebo_env/install/tello_driver/share/tello_driver/hook/cmake_prefix_path.ps1'
[1.009s] INFO:colcon.colcon_core.shell:Creating environment descriptor '/home/wenjia/CBFRL/gazebo_env/install/tello_driver/share/tello_driver/hook/cmake_prefix_path.dsv'
[1.009s] INFO:colcon.colcon_core.shell:Creating environment hook '/home/wenjia/CBFRL/gazebo_env/install/tello_driver/share/tello_driver/hook/cmake_prefix_path.sh'
[1.010s] Level 1:colcon.colcon_core.environment:checking '/home/wenjia/CBFRL/gazebo_env/install/tello_driver/lib'
[1.010s] Level 1:colcon.colcon_core.shell:create_environment_hook('tello_driver', 'ld_library_path_lib')
[1.011s] INFO:colcon.colcon_core.shell:Creating environment hook '/home/wenjia/CBFRL/gazebo_env/install/tello_driver/share/tello_driver/hook/ld_library_path_lib.ps1'
[1.012s] INFO:colcon.colcon_core.shell:Creating environment descriptor '/home/wenjia/CBFRL/gazebo_env/install/tello_driver/share/tello_driver/hook/ld_library_path_lib.dsv'
[1.012s] INFO:colcon.colcon_core.shell:Creating environment hook '/home/wenjia/CBFRL/gazebo_env/install/tello_driver/share/tello_driver/hook/ld_library_path_lib.sh'
[1.014s] Level 1:colcon.colcon_core.environment:checking '/home/wenjia/CBFRL/gazebo_env/install/tello_driver/bin'
[1.014s] Level 1:colcon.colcon_core.environment:checking '/home/wenjia/CBFRL/gazebo_env/install/tello_driver/lib/pkgconfig/tello_driver.pc'
[1.014s] Level 1:colcon.colcon_core.environment:checking '/home/wenjia/CBFRL/gazebo_env/install/tello_driver/lib/python3.10/site-packages'
[1.015s] Level 1:colcon.colcon_core.environment:checking '/home/wenjia/CBFRL/gazebo_env/install/tello_driver/bin'
[1.016s] INFO:colcon.colcon_core.shell:Creating package script '/home/wenjia/CBFRL/gazebo_env/install/tello_driver/share/tello_driver/package.ps1'
[1.017s] INFO:colcon.colcon_core.shell:Creating package descriptor '/home/wenjia/CBFRL/gazebo_env/install/tello_driver/share/tello_driver/package.dsv'
[1.018s] INFO:colcon.colcon_core.shell:Creating package script '/home/wenjia/CBFRL/gazebo_env/install/tello_driver/share/tello_driver/package.sh'
[1.019s] INFO:colcon.colcon_core.shell:Creating package script '/home/wenjia/CBFRL/gazebo_env/install/tello_driver/share/tello_driver/package.bash'
[1.020s] INFO:colcon.colcon_core.shell:Creating package script '/home/wenjia/CBFRL/gazebo_env/install/tello_driver/share/tello_driver/package.zsh'
[1.021s] Level 1:colcon.colcon_core.environment:create_file_with_runtime_dependencies(/home/wenjia/CBFRL/gazebo_env/install/tello_driver/share/colcon-core/packages/tello_driver)
[1.023s] Level 1:colcon.colcon_core.environment:create_environment_scripts_only(tello_gazebo)
[1.024s] Level 1:colcon.colcon_core.environment:checking '/home/wenjia/CBFRL/gazebo_env/install/tello_gazebo' for CMake module files
[1.024s] DEBUG:colcon.colcon_core.event_handler.log_command:Invoked command in '/home/wenjia/CBFRL/gazebo_env/build/tello_gazebo' returned '0': CMAKE_PREFIX_PATH=/home/wenjia/CBFRL/gazebo_env/install/tello_msgs:/home/wenjia/CBFRL/gazebo_env/install/tello_gazebo:/home/wenjia/CBFRL/gazebo_env/install/tello_driver:/home/wenjia/CBFRL/gazebo_env/install/tello_description:/home/wenjia/CBFRL/gazebo_env/install/ros2_shared:/home/wenjia/CBFRL/gazebo_env/install/my_gazebo:/opt/ros/humble CONDA_PROMPT_MODIFIER=(rl) LD_LIBRARY_PATH=/home/wenjia/CBFRL/gazebo_env/install/tello_msgs/lib:/home/wenjia/CBFRL/gazebo_env/install/tello_gazebo/lib:/home/wenjia/CBFRL/gazebo_env/install/tello_driver/lib:/home/bwu/libfranka/build:/usr/lib/x86_64-linux-gnu/gazebo-11/plugins:/opt/ros/humble/opt/rviz_ogre_vendor/lib:/opt/ros/humble/lib/x86_64-linux-gnu:/opt/ros/humble/lib /usr/bin/cmake --install /home/wenjia/CBFRL/gazebo_env/build/tello_gazebo
[1.025s] Level 1:colcon.colcon_core.environment:checking '/home/wenjia/CBFRL/gazebo_env/install/tello_gazebo' for CMake config files
[1.025s] Level 1:colcon.colcon_core.shell:create_environment_hook('tello_gazebo', 'cmake_prefix_path')
[1.026s] INFO:colcon.colcon_core.shell:Creating environment hook '/home/wenjia/CBFRL/gazebo_env/install/tello_gazebo/share/tello_gazebo/hook/cmake_prefix_path.ps1'
[1.027s] INFO:colcon.colcon_core.shell:Creating environment descriptor '/home/wenjia/CBFRL/gazebo_env/install/tello_gazebo/share/tello_gazebo/hook/cmake_prefix_path.dsv'
[1.028s] INFO:colcon.colcon_core.shell:Creating environment hook '/home/wenjia/CBFRL/gazebo_env/install/tello_gazebo/share/tello_gazebo/hook/cmake_prefix_path.sh'
[1.029s] Level 1:colcon.colcon_core.environment:checking '/home/wenjia/CBFRL/gazebo_env/install/tello_gazebo/lib'
[1.029s] Level 1:colcon.colcon_core.shell:create_environment_hook('tello_gazebo', 'ld_library_path_lib')
[1.030s] INFO:colcon.colcon_core.shell:Creating environment hook '/home/wenjia/CBFRL/gazebo_env/install/tello_gazebo/share/tello_gazebo/hook/ld_library_path_lib.ps1'
[1.031s] INFO:colcon.colcon_core.shell:Creating environment descriptor '/home/wenjia/CBFRL/gazebo_env/install/tello_gazebo/share/tello_gazebo/hook/ld_library_path_lib.dsv'
[1.031s] INFO:colcon.colcon_core.shell:Creating environment hook '/home/wenjia/CBFRL/gazebo_env/install/tello_gazebo/share/tello_gazebo/hook/ld_library_path_lib.sh'
[1.033s] Level 1:colcon.colcon_core.environment:checking '/home/wenjia/CBFRL/gazebo_env/install/tello_gazebo/bin'
[1.033s] Level 1:colcon.colcon_core.environment:checking '/home/wenjia/CBFRL/gazebo_env/install/tello_gazebo/lib/pkgconfig/tello_gazebo.pc'
[1.033s] Level 1:colcon.colcon_core.environment:checking '/home/wenjia/CBFRL/gazebo_env/install/tello_gazebo/lib/python3.10/site-packages'
[1.034s] Level 1:colcon.colcon_core.environment:checking '/home/wenjia/CBFRL/gazebo_env/install/tello_gazebo/bin'
[1.034s] INFO:colcon.colcon_core.shell:Creating package script '/home/wenjia/CBFRL/gazebo_env/install/tello_gazebo/share/tello_gazebo/package.ps1'
[1.035s] INFO:colcon.colcon_core.shell:Creating package descriptor '/home/wenjia/CBFRL/gazebo_env/install/tello_gazebo/share/tello_gazebo/package.dsv'
[1.035s] INFO:colcon.colcon_core.shell:Creating package script '/home/wenjia/CBFRL/gazebo_env/install/tello_gazebo/share/tello_gazebo/package.sh'
[1.036s] INFO:colcon.colcon_core.shell:Creating package script '/home/wenjia/CBFRL/gazebo_env/install/tello_gazebo/share/tello_gazebo/package.bash'
[1.036s] INFO:colcon.colcon_core.shell:Creating package script '/home/wenjia/CBFRL/gazebo_env/install/tello_gazebo/share/tello_gazebo/package.zsh'
[1.037s] Level 1:colcon.colcon_core.environment:create_file_with_runtime_dependencies(/home/wenjia/CBFRL/gazebo_env/install/tello_gazebo/share/colcon-core/packages/tello_gazebo)
[1.038s] Level 1:colcon.colcon_core.environment:create_environment_scripts_only(tello_gazebo)
[1.038s] Level 1:colcon.colcon_core.environment:checking '/home/wenjia/CBFRL/gazebo_env/install/tello_gazebo' for CMake module files
[1.038s] Level 1:colcon.colcon_core.environment:checking '/home/wenjia/CBFRL/gazebo_env/install/tello_gazebo' for CMake config files
[1.039s] Level 1:colcon.colcon_core.shell:create_environment_hook('tello_gazebo', 'cmake_prefix_path')
[1.039s] INFO:colcon.colcon_core.shell:Creating environment hook '/home/wenjia/CBFRL/gazebo_env/install/tello_gazebo/share/tello_gazebo/hook/cmake_prefix_path.ps1'
[1.039s] INFO:colcon.colcon_core.shell:Creating environment descriptor '/home/wenjia/CBFRL/gazebo_env/install/tello_gazebo/share/tello_gazebo/hook/cmake_prefix_path.dsv'
[1.040s] INFO:colcon.colcon_core.shell:Creating environment hook '/home/wenjia/CBFRL/gazebo_env/install/tello_gazebo/share/tello_gazebo/hook/cmake_prefix_path.sh'
[1.040s] Level 1:colcon.colcon_core.environment:checking '/home/wenjia/CBFRL/gazebo_env/install/tello_gazebo/lib'
[1.040s] Level 1:colcon.colcon_core.shell:create_environment_hook('tello_gazebo', 'ld_library_path_lib')
[1.041s] INFO:colcon.colcon_core.shell:Creating environment hook '/home/wenjia/CBFRL/gazebo_env/install/tello_gazebo/share/tello_gazebo/hook/ld_library_path_lib.ps1'
[1.041s] INFO:colcon.colcon_core.shell:Creating environment descriptor '/home/wenjia/CBFRL/gazebo_env/install/tello_gazebo/share/tello_gazebo/hook/ld_library_path_lib.dsv'
[1.041s] INFO:colcon.colcon_core.shell:Creating environment hook '/home/wenjia/CBFRL/gazebo_env/install/tello_gazebo/share/tello_gazebo/hook/ld_library_path_lib.sh'
[1.042s] Level 1:colcon.colcon_core.environment:checking '/home/wenjia/CBFRL/gazebo_env/install/tello_gazebo/bin'
[1.042s] Level 1:colcon.colcon_core.environment:checking '/home/wenjia/CBFRL/gazebo_env/install/tello_gazebo/lib/pkgconfig/tello_gazebo.pc'
[1.042s] Level 1:colcon.colcon_core.environment:checking '/home/wenjia/CBFRL/gazebo_env/install/tello_gazebo/lib/python3.10/site-packages'
[1.042s] Level 1:colcon.colcon_core.environment:checking '/home/wenjia/CBFRL/gazebo_env/install/tello_gazebo/bin'
[1.042s] INFO:colcon.colcon_core.shell:Creating package script '/home/wenjia/CBFRL/gazebo_env/install/tello_gazebo/share/tello_gazebo/package.ps1'
[1.043s] INFO:colcon.colcon_core.shell:Creating package descriptor '/home/wenjia/CBFRL/gazebo_env/install/tello_gazebo/share/tello_gazebo/package.dsv'
[1.043s] INFO:colcon.colcon_core.shell:Creating package script '/home/wenjia/CBFRL/gazebo_env/install/tello_gazebo/share/tello_gazebo/package.sh'
[1.044s] INFO:colcon.colcon_core.shell:Creating package script '/home/wenjia/CBFRL/gazebo_env/install/tello_gazebo/share/tello_gazebo/package.bash'
[1.045s] INFO:colcon.colcon_core.shell:Creating package script '/home/wenjia/CBFRL/gazebo_env/install/tello_gazebo/share/tello_gazebo/package.zsh'
[1.046s] Level 1:colcon.colcon_core.environment:create_file_with_runtime_dependencies(/home/wenjia/CBFRL/gazebo_env/install/tello_gazebo/share/colcon-core/packages/tello_gazebo)
[1.079s] DEBUG:colcon.colcon_core.event_handler.log_command:Invoking command in '/home/wenjia/CBFRL/gazebo_env/src/my_gazebo': CONDA_PROMPT_MODIFIER=(rl) PYTHONPATH=/home/wenjia/CBFRL/gazebo_env/build/my_gazebo/prefix_override:/home/wenjia/miniconda3/envs/rl/lib/python3.10/site-packages/colcon_core/task/python/colcon_distutils_commands:/home/wenjia/CBFRL/gazebo_env/install/my_gazebo/lib/python3.10/site-packages:${PYTHONPATH} /home/wenjia/miniconda3/envs/rl/bin/python3.10 -W ignore:setup.py install is deprecated -W ignore:easy_install command is deprecated setup.py egg_info --egg-base ../../build/my_gazebo build --build-base /home/wenjia/CBFRL/gazebo_env/build/my_gazebo/build install --record /home/wenjia/CBFRL/gazebo_env/build/my_gazebo/install.log --single-version-externally-managed install_data
[1.574s] Level 1:colcon.colcon_core.environment:checking '/home/wenjia/CBFRL/gazebo_env/install/my_gazebo' for CMake module files
[1.574s] DEBUG:colcon.colcon_core.event_handler.log_command:Invoked command in '/home/wenjia/CBFRL/gazebo_env/src/my_gazebo' returned '0': CONDA_PROMPT_MODIFIER=(rl) PYTHONPATH=/home/wenjia/CBFRL/gazebo_env/build/my_gazebo/prefix_override:/home/wenjia/miniconda3/envs/rl/lib/python3.10/site-packages/colcon_core/task/python/colcon_distutils_commands:/home/wenjia/CBFRL/gazebo_env/install/my_gazebo/lib/python3.10/site-packages:${PYTHONPATH} /home/wenjia/miniconda3/envs/rl/bin/python3.10 -W ignore:setup.py install is deprecated -W ignore:easy_install command is deprecated setup.py egg_info --egg-base ../../build/my_gazebo build --build-base /home/wenjia/CBFRL/gazebo_env/build/my_gazebo/build install --record /home/wenjia/CBFRL/gazebo_env/build/my_gazebo/install.log --single-version-externally-managed install_data
[1.574s] Level 1:colcon.colcon_core.environment:checking '/home/wenjia/CBFRL/gazebo_env/install/my_gazebo' for CMake config files
[1.575s] Level 1:colcon.colcon_core.environment:checking '/home/wenjia/CBFRL/gazebo_env/install/my_gazebo/lib'
[1.575s] Level 1:colcon.colcon_core.environment:checking '/home/wenjia/CBFRL/gazebo_env/install/my_gazebo/bin'
[1.575s] Level 1:colcon.colcon_core.environment:checking '/home/wenjia/CBFRL/gazebo_env/install/my_gazebo/lib/pkgconfig/my_gazebo.pc'
[1.575s] Level 1:colcon.colcon_core.environment:checking '/home/wenjia/CBFRL/gazebo_env/install/my_gazebo/lib/python3.10/site-packages'
[1.576s] Level 1:colcon.colcon_core.shell:create_environment_hook('my_gazebo', 'pythonpath')
[1.576s] INFO:colcon.colcon_core.shell:Creating environment hook '/home/wenjia/CBFRL/gazebo_env/install/my_gazebo/share/my_gazebo/hook/pythonpath.ps1'
[1.577s] INFO:colcon.colcon_core.shell:Creating environment descriptor '/home/wenjia/CBFRL/gazebo_env/install/my_gazebo/share/my_gazebo/hook/pythonpath.dsv'
[1.577s] INFO:colcon.colcon_core.shell:Creating environment hook '/home/wenjia/CBFRL/gazebo_env/install/my_gazebo/share/my_gazebo/hook/pythonpath.sh'
[1.579s] Level 1:colcon.colcon_core.environment:checking '/home/wenjia/CBFRL/gazebo_env/install/my_gazebo/bin'
[1.579s] Level 1:colcon.colcon_core.environment:create_environment_scripts_only(my_gazebo)
[1.579s] INFO:colcon.colcon_core.shell:Creating package script '/home/wenjia/CBFRL/gazebo_env/install/my_gazebo/share/my_gazebo/package.ps1'
[1.580s] INFO:colcon.colcon_core.shell:Creating package descriptor '/home/wenjia/CBFRL/gazebo_env/install/my_gazebo/share/my_gazebo/package.dsv'
[1.581s] INFO:colcon.colcon_core.shell:Creating package script '/home/wenjia/CBFRL/gazebo_env/install/my_gazebo/share/my_gazebo/package.sh'
[1.582s] INFO:colcon.colcon_core.shell:Creating package script '/home/wenjia/CBFRL/gazebo_env/install/my_gazebo/share/my_gazebo/package.bash'
[1.582s] INFO:colcon.colcon_core.shell:Creating package script '/home/wenjia/CBFRL/gazebo_env/install/my_gazebo/share/my_gazebo/package.zsh'
[1.583s] Level 1:colcon.colcon_core.environment:create_file_with_runtime_dependencies(/home/wenjia/CBFRL/gazebo_env/install/my_gazebo/share/colcon-core/packages/my_gazebo)
[1.583s] DEBUG:colcon.colcon_parallel_executor.executor.parallel:closing loop
[1.584s] DEBUG:colcon.colcon_parallel_executor.executor.parallel:loop closed
[1.584s] DEBUG:colcon.colcon_parallel_executor.executor.parallel:run_until_complete finished with '0'
[1.584s] DEBUG:colcon.colcon_core.event_reactor:joining thread
[1.586s] INFO:colcon.colcon_core.plugin_system:Skipping extension 'colcon_notification.desktop_notification.notify2': 'notify2' not found
[1.586s] INFO:colcon.colcon_core.plugin_system:Skipping extension 'colcon_notification.desktop_notification.terminal_notifier': Not used on non-Darwin systems
[1.586s] INFO:colcon.colcon_core.plugin_system:Skipping extension 'colcon_notification.desktop_notification.win32': Not used on non-Windows systems
[1.586s] INFO:colcon.colcon_notification.desktop_notification:Sending desktop notification using 'notify_send'
[1.611s] DEBUG:colcon.colcon_core.event_reactor:joined thread
[1.612s] INFO:colcon.colcon_core.shell:Creating prefix script '/home/wenjia/CBFRL/gazebo_env/install/local_setup.ps1'
[1.613s] INFO:colcon.colcon_core.shell:Creating prefix util module '/home/wenjia/CBFRL/gazebo_env/install/_local_setup_util_ps1.py'
[1.615s] INFO:colcon.colcon_core.shell:Creating prefix chain script '/home/wenjia/CBFRL/gazebo_env/install/setup.ps1'
[1.618s] INFO:colcon.colcon_core.shell:Creating prefix script '/home/wenjia/CBFRL/gazebo_env/install/local_setup.sh'
[1.619s] INFO:colcon.colcon_core.shell:Creating prefix util module '/home/wenjia/CBFRL/gazebo_env/install/_local_setup_util_sh.py'
[1.620s] INFO:colcon.colcon_core.shell:Creating prefix chain script '/home/wenjia/CBFRL/gazebo_env/install/setup.sh'
[1.622s] INFO:colcon.colcon_core.shell:Creating prefix script '/home/wenjia/CBFRL/gazebo_env/install/local_setup.bash'
[1.623s] INFO:colcon.colcon_core.shell:Creating prefix chain script '/home/wenjia/CBFRL/gazebo_env/install/setup.bash'
[1.625s] INFO:colcon.colcon_core.shell:Creating prefix script '/home/wenjia/CBFRL/gazebo_env/install/local_setup.zsh'
[1.625s] INFO:colcon.colcon_core.shell:Creating prefix chain script '/home/wenjia/CBFRL/gazebo_env/install/setup.zsh'
