[0.839s] Invoking command in '/home/wenjia/CBFRL/gazebo_env/src/my_gazebo': CONDA_PROMPT_MODIFIER=(rl) PYTHONPATH=/home/wenjia/CBFRL/gazebo_env/build/my_gazebo/prefix_override:/home/wenjia/miniconda3/envs/rl/lib/python3.10/site-packages/colcon_core/task/python/colcon_distutils_commands:/home/wenjia/CBFRL/gazebo_env/install/my_gazebo/lib/python3.10/site-packages:${PYTHONPATH} /home/wenjia/miniconda3/envs/rl/bin/python3.10 -W ignore:setup.py install is deprecated -W ignore:easy_install command is deprecated setup.py egg_info --egg-base ../../build/my_gazebo build --build-base /home/wenjia/CBFRL/gazebo_env/build/my_gazebo/build install --record /home/wenjia/CBFRL/gazebo_env/build/my_gazebo/install.log --single-version-externally-managed install_data
[1.005s] /home/wenjia/miniconda3/envs/rl/lib/python3.10/site-packages/setuptools/_distutils/dist.py:289: UserWarning: Unknown distribution option: 'tests_require'
[1.005s]   warnings.warn(msg)
[1.112s] running egg_info
[1.127s] creating ../../build/my_gazebo/my_gazebo.egg-info
[1.127s] writing ../../build/my_gazebo/my_gazebo.egg-info/PKG-INFO
[1.128s] writing dependency_links to ../../build/my_gazebo/my_gazebo.egg-info/dependency_links.txt
[1.128s] writing requirements to ../../build/my_gazebo/my_gazebo.egg-info/requires.txt
[1.128s] writing top-level names to ../../build/my_gazebo/my_gazebo.egg-info/top_level.txt
[1.128s] writing manifest file '../../build/my_gazebo/my_gazebo.egg-info/SOURCES.txt'
[1.162s] reading manifest file '../../build/my_gazebo/my_gazebo.egg-info/SOURCES.txt'
[1.163s] writing manifest file '../../build/my_gazebo/my_gazebo.egg-info/SOURCES.txt'
[1.163s] running build
[1.163s] running build_py
[1.163s] creating /home/wenjia/CBFRL/gazebo_env/build/my_gazebo/build/lib/my_gazebo
[1.163s] copying my_gazebo/__init__.py -> /home/wenjia/CBFRL/gazebo_env/build/my_gazebo/build/lib/my_gazebo
[1.164s] running install
[1.167s] running install_lib
[1.183s] creating /home/wenjia/CBFRL/gazebo_env/install/my_gazebo/lib/python3.10/site-packages/my_gazebo
[1.183s] copying /home/wenjia/CBFRL/gazebo_env/build/my_gazebo/build/lib/my_gazebo/__init__.py -> /home/wenjia/CBFRL/gazebo_env/install/my_gazebo/lib/python3.10/site-packages/my_gazebo
[1.183s] byte-compiling /home/wenjia/CBFRL/gazebo_env/install/my_gazebo/lib/python3.10/site-packages/my_gazebo/__init__.py to __init__.cpython-310.pyc
[1.183s] running install_data
[1.183s] creating /home/wenjia/CBFRL/gazebo_env/install/my_gazebo/share/ament_index/resource_index/packages
[1.183s] copying resource/my_gazebo -> /home/wenjia/CBFRL/gazebo_env/install/my_gazebo/share/ament_index/resource_index/packages
[1.184s] copying package.xml -> /home/wenjia/CBFRL/gazebo_env/install/my_gazebo/share/my_gazebo
[1.184s] running install_egg_info
[1.200s] Copying ../../build/my_gazebo/my_gazebo.egg-info to /home/wenjia/CBFRL/gazebo_env/install/my_gazebo/lib/python3.10/site-packages/my_gazebo-0.0.0-py3.10.egg-info
[1.200s] running install_scripts
[1.321s] writing list of installed files to '/home/wenjia/CBFRL/gazebo_env/build/my_gazebo/install.log'
[1.367s] Invoked command in '/home/wenjia/CBFRL/gazebo_env/src/my_gazebo' returned '0': CONDA_PROMPT_MODIFIER=(rl) PYTHONPATH=/home/wenjia/CBFRL/gazebo_env/build/my_gazebo/prefix_override:/home/wenjia/miniconda3/envs/rl/lib/python3.10/site-packages/colcon_core/task/python/colcon_distutils_commands:/home/wenjia/CBFRL/gazebo_env/install/my_gazebo/lib/python3.10/site-packages:${PYTHONPATH} /home/wenjia/miniconda3/envs/rl/bin/python3.10 -W ignore:setup.py install is deprecated -W ignore:easy_install command is deprecated setup.py egg_info --egg-base ../../build/my_gazebo build --build-base /home/wenjia/CBFRL/gazebo_env/build/my_gazebo/build install --record /home/wenjia/CBFRL/gazebo_env/build/my_gazebo/install.log --single-version-externally-managed install_data
